<?xml version="1.0" encoding="UTF-8"?>
<!-- Generated by org.testng.reporters.JUnitXMLReporter -->
<testsuite ignored="0" hostname="DESKTOP-A49J3A9" failures="0" tests="10" name="GOOD MEETINGS WEB APP SANITY Test Cases" time="7.996" errors="0" timestamp="2022-02-22T17:00:37 IST">
  <testcase classname="ai.gm.qa.testcases.GMLoginPageTest" name="@BeforeMethod Setup" time="5.81">
    <failure type="org.openqa.selenium.SessionNotCreatedException" message="session not created: This version of ChromeDriver only supports Chrome version 94
Current browser version is 98.0.4758.102 with binary path C:\Program Files (x86)\Google\Chrome\Application\chrome.exe
Build info: version: &amp;apos;4.0.0-alpha-1&amp;apos;, revision: &amp;apos;d1d3728cae&amp;apos;, time: &amp;apos;2019-04-24T13:42:21&amp;apos;
System info: host: &amp;apos;DESKTOP-A49J3A9&amp;apos;, ip: &amp;apos;192.168.242.159&amp;apos;, os.name: &amp;apos;Windows 10&amp;apos;, os.arch: &amp;apos;amd64&amp;apos;, os.version: &amp;apos;10.0&amp;apos;, java.version: &amp;apos;16.0.2&amp;apos;
Driver info: driver.version: ChromeDriver
remote stacktrace: Backtrace:
	Ordinal0 [0x00D9BDE3+2473443]
	Ordinal0 [0x00D36661+2057825]
	Ordinal0 [0x00C42438+1057848]
	Ordinal0 [0x00C6054A+1181002]
	Ordinal0 [0x00C5C435+1164341]
	Ordinal0 [0x00C59CAF+1154223]
	Ordinal0 [0x00C89ADF+1350367]
	Ordinal0 [0x00C8974A+1349450]
	Ordinal0 [0x00C855AB+1332651]
	Ordinal0 [0x00C62104+1188100]
	Ordinal0 [0x00C62F59+1191769]
	GetHandleVerifier [0x00F22266+1549718]
	GetHandleVerifier [0x00FCD4A7+2250711]
	GetHandleVerifier [0x00E2718B+521403]
	GetHandleVerifier [0x00E26229+517465]
	Ordinal0 [0x00D3B79D+2078621]
	Ordinal0 [0x00D3FB58+2095960]
	Ordinal0 [0x00D3FC92+2096274]
	Ordinal0 [0x00D49541+2135361]
	BaseThreadInitThunk [0x7796FA29+25]
	RtlGetAppContainerNamedObjectPath [0x77D47A9E+286]
	RtlGetAppContainerNamedObjectPath [0x77D47A6E+238]
">
      <![CDATA[org.openqa.selenium.SessionNotCreatedException: session not created: This version of ChromeDriver only supports Chrome version 94
Current browser version is 98.0.4758.102 with binary path C:\Program Files (x86)\Google\Chrome\Application\chrome.exe
Build info: version: '4.0.0-alpha-1', revision: 'd1d3728cae', time: '2019-04-24T13:42:21'
System info: host: 'DESKTOP-A49J3A9', ip: '192.168.242.159', os.name: 'Windows 10', os.arch: 'amd64', os.version: '10.0', java.version: '16.0.2'
Driver info: driver.version: ChromeDriver
remote stacktrace: Backtrace:
Ordinal0 [0x00D9BDE3+2473443]
Ordinal0 [0x00D36661+2057825]
Ordinal0 [0x00C42438+1057848]
Ordinal0 [0x00C6054A+1181002]
Ordinal0 [0x00C5C435+1164341]
Ordinal0 [0x00C59CAF+1154223]
Ordinal0 [0x00C89ADF+1350367]
Ordinal0 [0x00C8974A+1349450]
Ordinal0 [0x00C855AB+1332651]
Ordinal0 [0x00C62104+1188100]
Ordinal0 [0x00C62F59+1191769]
GetHandleVerifier [0x00F22266+1549718]
GetHandleVerifier [0x00FCD4A7+2250711]
GetHandleVerifier [0x00E2718B+521403]
GetHandleVerifier [0x00E26229+517465]
Ordinal0 [0x00D3B79D+2078621]
Ordinal0 [0x00D3FB58+2095960]
Ordinal0 [0x00D3FC92+2096274]
Ordinal0 [0x00D49541+2135361]
BaseThreadInitThunk [0x7796FA29+25]
RtlGetAppContainerNamedObjectPath [0x77D47A9E+286]
RtlGetAppContainerNamedObjectPath [0x77D47A6E+238]

at org.openqa.selenium.remote.W3CHandshakeResponse.lambda$errorHandler$0(W3CHandshakeResponse.java:62)
at org.openqa.selenium.remote.HandshakeResponse.lambda$getResponseFunction$0(HandshakeResponse.java:30)
at org.openqa.selenium.remote.ProtocolHandshake.lambda$createSession$0(ProtocolHandshake.java:126)
at java.base/java.util.stream.ReferencePipeline$3$1.accept(ReferencePipeline.java:197)
at java.base/java.util.Spliterators$ArraySpliterator.tryAdvance(Spliterators.java:958)
at java.base/java.util.stream.ReferencePipeline.forEachWithCancel(ReferencePipeline.java:129)
at java.base/java.util.stream.AbstractPipeline.copyIntoWithCancel(AbstractPipeline.java:502)
at java.base/java.util.stream.AbstractPipeline.copyInto(AbstractPipeline.java:488)
at java.base/java.util.stream.AbstractPipeline.wrapAndCopyInto(AbstractPipeline.java:474)
at java.base/java.util.stream.FindOps$FindOp.evaluateSequential(FindOps.java:150)
at java.base/java.util.stream.AbstractPipeline.evaluate(AbstractPipeline.java:234)
at java.base/java.util.stream.ReferencePipeline.findFirst(ReferencePipeline.java:647)
at org.openqa.selenium.remote.ProtocolHandshake.createSession(ProtocolHandshake.java:128)
at org.openqa.selenium.remote.ProtocolHandshake.createSession(ProtocolHandshake.java:74)
at org.openqa.selenium.remote.HttpCommandExecutor.execute(HttpCommandExecutor.java:139)
at org.openqa.selenium.remote.service.DriverCommandExecutor.execute(DriverCommandExecutor.java:83)
at org.openqa.selenium.remote.RemoteWebDriver.execute(RemoteWebDriver.java:577)
at org.openqa.selenium.remote.RemoteWebDriver.startSession(RemoteWebDriver.java:211)
at org.openqa.selenium.remote.RemoteWebDriver.<init>(RemoteWebDriver.java:131)
at org.openqa.selenium.chrome.ChromeDriver.<init>(ChromeDriver.java:189)
at org.openqa.selenium.chrome.ChromeDriver.<init>(ChromeDriver.java:176)
at org.openqa.selenium.chrome.ChromeDriver.<init>(ChromeDriver.java:131)
at ai.gm.qa.base.TestBase.initialization(TestBase.java:47)
at ai.gm.qa.testcases.GMLoginPageTest.Setup(GMLoginPageTest.java:34)
at java.base/java.util.ArrayList.forEach(ArrayList.java:1511)
... Removed 36 stack frames]]>
    </failure>
  </testcase> <!-- @BeforeMethod Setup -->
  <testcase classname="ai.gm.qa.testcases.GMLoginPageTest" name="@AfterMethod tearDown" time="-1.645529434866E9">
    <skipped/>
  </testcase> <!-- @AfterMethod tearDown -->
  <testcase classname="ai.gm.qa.testcases.GMLoginPageTest" name="@BeforeMethod Setup" time="-1.645529434871E9">
    <skipped/>
  </testcase> <!-- @BeforeMethod Setup -->
  <testcase classname="ai.gm.qa.testcases.GMLoginPageTest" name="@AfterMethod tearDown" time="-1.645529434896E9">
    <skipped/>
  </testcase> <!-- @AfterMethod tearDown -->
  <testcase classname="ai.gm.qa.testcases.GMLoginPageTest" name="@BeforeMethod Setup" time="-1.645529434918E9">
    <skipped/>
  </testcase> <!-- @BeforeMethod Setup -->
  <testcase classname="ai.gm.qa.testcases.GMLoginPageTest" name="@AfterMethod tearDown" time="-1.645529434947E9">
    <skipped/>
  </testcase> <!-- @AfterMethod tearDown -->
  <testcase classname="ai.gm.qa.testcases.GMLoginPageTest" name="@BeforeMethod Setup" time="-1.645529434949E9">
    <skipped/>
  </testcase> <!-- @BeforeMethod Setup -->
  <testcase classname="ai.gm.qa.testcases.GMLoginPageTest" name="@AfterMethod tearDown" time="-1.645529434957E9">
    <skipped/>
  </testcase> <!-- @AfterMethod tearDown -->
  <testcase classname="ai.gm.qa.testcases.GMLoginPageTest" name="@BeforeMethod Setup" time="-1.64552943673E9">
    <skipped/>
  </testcase> <!-- @BeforeMethod Setup -->
  <testcase classname="ai.gm.qa.testcases.GMLoginPageTest" name="@AfterMethod tearDown" time="-1.64552943675E9">
    <skipped/>
  </testcase> <!-- @AfterMethod tearDown -->
  <testcase classname="ai.gm.qa.testcases.GMLoginPageTest" name="@BeforeMethod Setup" time="-1.645529436755E9">
    <skipped/>
  </testcase> <!-- @BeforeMethod Setup -->
  <testcase classname="ai.gm.qa.testcases.GMLoginPageTest" name="@AfterMethod tearDown" time="-1.645529436787E9">
    <skipped/>
  </testcase> <!-- @AfterMethod tearDown -->
  <testcase classname="ai.gm.qa.testcases.GMLoginPageTest" name="@BeforeMethod Setup" time="-1.645529436804E9">
    <skipped/>
  </testcase> <!-- @BeforeMethod Setup -->
  <testcase classname="ai.gm.qa.testcases.GMLoginPageTest" name="@AfterMethod tearDown" time="-1.645529436822E9">
    <skipped/>
  </testcase> <!-- @AfterMethod tearDown -->
  <testcase classname="ai.gm.qa.testcases.GMLoginPageTest" name="@BeforeMethod Setup" time="-1.645529436828E9">
    <skipped/>
  </testcase> <!-- @BeforeMethod Setup -->
  <testcase classname="ai.gm.qa.testcases.GMLoginPageTest" name="@AfterMethod tearDown" time="-1.645529436845E9">
    <skipped/>
  </testcase> <!-- @AfterMethod tearDown -->
  <testcase classname="ai.gm.qa.testcases.GMLoginPageTest" name="@BeforeMethod Setup" time="-1.645529436851E9">
    <skipped/>
  </testcase> <!-- @BeforeMethod Setup -->
  <testcase classname="ai.gm.qa.testcases.GMLoginPageTest" name="@AfterMethod tearDown" time="-1.645529436878E9">
    <skipped/>
  </testcase> <!-- @AfterMethod tearDown -->
  <testcase classname="ai.gm.qa.testcases.GMLoginPageTest" name="@BeforeMethod Setup" time="-1.645529436916E9">
    <skipped/>
  </testcase> <!-- @BeforeMethod Setup -->
  <testcase classname="ai.gm.qa.testcases.GMLoginPageTest" name="@AfterMethod tearDown" time="-1.645529436948E9">
    <skipped/>
  </testcase> <!-- @AfterMethod tearDown -->
  <testcase classname="ai.gm.qa.testcases.GMLoginPageTest" name="Test_retry" time="0.0">
    <skipped/>
  </testcase> <!-- Test_retry -->
  <testcase classname="ai.gm.qa.testcases.GMLoginPageTest" name="LoginPageTitleTest" time="0.0">
    <skipped/>
  </testcase> <!-- LoginPageTitleTest -->
  <testcase classname="ai.gm.qa.testcases.GMLoginPageTest" name="goodmeetingslogoTest" time="0.0">
    <skipped/>
  </testcase> <!-- goodmeetingslogoTest -->
  <testcase classname="ai.gm.qa.testcases.GMLoginPageTest" name="loginTest" time="0.0">
    <skipped/>
  </testcase> <!-- loginTest -->
  <testcase classname="ai.gm.qa.testcases.GMLoginPageTest" name="validatedifferentcomapnycredential" time="0.0">
    <skipped/>
  </testcase> <!-- validatedifferentcomapnycredential -->
  <testcase classname="ai.gm.qa.testcases.GMLoginPageTest" name="validatedifferentcomapnycredential" time="0.0">
    <skipped/>
  </testcase> <!-- validatedifferentcomapnycredential -->
  <testcase classname="ai.gm.qa.testcases.GMLoginPageTest" name="validatedifferentcomapnycredential" time="0.0">
    <skipped/>
  </testcase> <!-- validatedifferentcomapnycredential -->
  <testcase classname="ai.gm.qa.testcases.GMLoginPageTest" name="validatedifferentcomapnycredential" time="0.0">
    <skipped/>
  </testcase> <!-- validatedifferentcomapnycredential -->
  <testcase classname="ai.gm.qa.testcases.GMLoginPageTest" name="validatedifferentcomapnycredential" time="0.0">
    <skipped/>
  </testcase> <!-- validatedifferentcomapnycredential -->
  <testcase classname="ai.gm.qa.testcases.GMLoginPageTest" name="validatedifferentcomapnycredential" time="0.0">
    <skipped/>
  </testcase> <!-- validatedifferentcomapnycredential -->
</testsuite> <!-- GOOD MEETINGS WEB APP SANITY Test Cases -->
