<!DOCTYPE html PUBLIC "-//W3C//DTD XHTML 1.1//EN" "https://www.w3.org/TR/xhtml11/DTD/xhtml11.dtd">
<html xmlns="https://www.w3.org/1999/xhtml">
<head>
<meta http-equiv="content-type" content="text/html; charset=UTF-8"/>
<title>TestNG Report</title>
<style type="text/css">table {margin-bottom:10px;border-collapse:collapse;empty-cells:show}th,td {border:1px solid #009;padding:.25em .5em}th {vertical-align:bottom}td {vertical-align:top}table a {font-weight:bold}.stripe td {background-color: #E6EBF9}.num {text-align:right}.passedodd td {background-color: #3F3}.passedeven td {background-color: #0A0}.skippedodd td {background-color: #DDD}.skippedeven td {background-color: #CCC}.failedodd td,.attn {background-color: #F33}.failedeven td,.stripe .attn {background-color: #D00}.stacktrace {white-space:pre;font-family:monospace}.totop {font-size:85%;text-align:center;border-bottom:2px solid #000}.invisible {display:none}</style>
</head>
<body>
<table>
<tr><th>Test</th><th># Passed</th><th># Skipped</th><th># Retried</th><th># Failed</th><th>Time (ms)</th><th>Included Groups</th><th>Excluded Groups</th></tr>
<tr><th colspan="8">GOOD MEETINGS WEB APP REGRESSION Test</th></tr>
<tr><td><a href="#t0">GOOD MEETINGS WEB APP REGRESSION Test Cases</a></td><td class="num">0</td><td class="num attn">13</td><td class="num">0</td><td class="num">0</td><td class="num">5,746</td><td></td><td></td></tr>
</table>
<table id='summary'><thead><tr><th>Class</th><th>Method</th><th>Start</th><th>Time (ms)</th></tr></thead><tbody><tr><th colspan="4">GOOD MEETINGS WEB APP REGRESSION Test</th></tr></tbody><tbody id="t0"><tr><th colspan="4">GOOD MEETINGS WEB APP REGRESSION Test Cases &#8212; failed (configuration methods)</th></tr><tr class="failedeven"><td rowspan="1">ai.gm.qa.testcases.GMCreateMeetingPageTest</td><td><a href="#m0">Setup</a></td><td rowspan="1">1645529626777</td><td rowspan="1">1834</td></tr><tr class="failedodd"><td rowspan="1">ai.gm.qa.testcases.GMLoginPageTest</td><td><a href="#m1">Setup</a></td><td rowspan="1">1645529622976</td><td rowspan="1">2420</td></tr><tr><th colspan="4">GOOD MEETINGS WEB APP REGRESSION Test Cases &#8212; skipped (configuration methods)</th></tr><tr class="skippedeven"><td rowspan="5">ai.gm.qa.testcases.GMCreateMeetingPageTest</td><td><a href="#m2">Setup</a></td><td rowspan="2">1645529628624</td><td rowspan="2">-1645529628624</td></tr><tr class="skippedeven"><td><a href="#m3">Setup</a></td></tr><tr class="skippedeven"><td><a href="#m4">tearDown</a></td><td rowspan="3">1645529628650</td><td rowspan="3">-1645529628650</td></tr><tr class="skippedeven"><td><a href="#m5">tearDown</a></td></tr><tr class="skippedeven"><td><a href="#m6">tearDown</a></td></tr><tr class="skippedodd"><td rowspan="19">ai.gm.qa.testcases.GMLoginPageTest</td><td><a href="#m7">Setup</a></td><td rowspan="9">1645529626654</td><td rowspan="9">-1645529626654</td></tr><tr class="skippedodd"><td><a href="#m8">Setup</a></td></tr><tr class="skippedodd"><td><a href="#m9">Setup</a></td></tr><tr class="skippedodd"><td><a href="#m10">Setup</a></td></tr><tr class="skippedodd"><td><a href="#m11">Setup</a></td></tr><tr class="skippedodd"><td><a href="#m12">Setup</a></td></tr><tr class="skippedodd"><td><a href="#m13">Setup</a></td></tr><tr class="skippedodd"><td><a href="#m14">Setup</a></td></tr><tr class="skippedodd"><td><a href="#m15">Setup</a></td></tr><tr class="skippedodd"><td><a href="#m16">tearDown</a></td><td rowspan="10">1645529626653</td><td rowspan="10">-1645529626653</td></tr><tr class="skippedodd"><td><a href="#m17">tearDown</a></td></tr><tr class="skippedodd"><td><a href="#m18">tearDown</a></td></tr><tr class="skippedodd"><td><a href="#m19">tearDown</a></td></tr><tr class="skippedodd"><td><a href="#m20">tearDown</a></td></tr><tr class="skippedodd"><td><a href="#m21">tearDown</a></td></tr><tr class="skippedodd"><td><a href="#m22">tearDown</a></td></tr><tr class="skippedodd"><td><a href="#m23">tearDown</a></td></tr><tr class="skippedodd"><td><a href="#m24">tearDown</a></td></tr><tr class="skippedodd"><td><a href="#m25">tearDown</a></td></tr><tr><th colspan="4">GOOD MEETINGS WEB APP REGRESSION Test Cases &#8212; skipped</th></tr><tr class="skippedeven"><td rowspan="3">ai.gm.qa.testcases.GMCreateMeetingPageTest</td><td><a href="#m26">verifyCreateMeetingspageTitle</a></td><td rowspan="1">1645529628615</td><td rowspan="1">0</td></tr><tr class="skippedeven"><td><a href="#m27">verifyGMLogoTest</a></td><td rowspan="1">1645529628625</td><td rowspan="1">0</td></tr><tr class="skippedeven"><td><a href="#m28">verifyLogoutLinkTest</a></td><td rowspan="1">1645529628641</td><td rowspan="1">0</td></tr><tr class="skippedodd"><td rowspan="10">ai.gm.qa.testcases.GMLoginPageTest</td><td><a href="#m29">LoginPageTitleTest</a></td><td rowspan="1">1645529625442</td><td rowspan="1">0</td></tr><tr class="skippedodd"><td><a href="#m30">Test_retry</a></td><td rowspan="1">1645529625414</td><td rowspan="1">0</td></tr><tr class="skippedodd"><td><a href="#m31">goodmeetingslogoTest</a></td><td rowspan="1">1645529625473</td><td rowspan="1">0</td></tr><tr class="skippedodd"><td><a href="#m32">loginTest</a></td><td rowspan="1">1645529625490</td><td rowspan="1">0</td></tr><tr class="skippedodd"><td><a href="#m33">validatedifferentcomapnycredential</a></td><td rowspan="6">1645529626643</td><td rowspan="6">0</td></tr><tr class="skippedodd"><td><a href="#m34">validatedifferentcomapnycredential</a></td></tr><tr class="skippedodd"><td><a href="#m35">validatedifferentcomapnycredential</a></td></tr><tr class="skippedodd"><td><a href="#m36">validatedifferentcomapnycredential</a></td></tr><tr class="skippedodd"><td><a href="#m37">validatedifferentcomapnycredential</a></td></tr><tr class="skippedodd"><td><a href="#m38">validatedifferentcomapnycredential</a></td></tr></tbody>
</table>
<h2>GOOD MEETINGS WEB APP REGRESSION Test Cases</h2><h3 id="m0">ai.gm.qa.testcases.GMCreateMeetingPageTest#Setup</h3><table class="result"><tr><th>Exception</th></tr><tr><td><div class="stacktrace">org.openqa.selenium.SessionNotCreatedException: session not created: This version of ChromeDriver only supports Chrome version 94
Current browser version is 98.0.4758.102 with binary path C:\Program Files (x86)\Google\Chrome\Application\chrome.exe
Build info: version: &apos;4.0.0-alpha-1&apos;, revision: &apos;d1d3728cae&apos;, time: &apos;2019-04-24T13:42:21&apos;
System info: host: &apos;DESKTOP-A49J3A9&apos;, ip: &apos;192.168.242.159&apos;, os.name: &apos;Windows 10&apos;, os.arch: &apos;amd64&apos;, os.version: &apos;10.0&apos;, java.version: &apos;16.0.2&apos;
Driver info: driver.version: ChromeDriver
remote stacktrace: Backtrace:
	Ordinal0 [0x00D9BDE3+2473443]
	Ordinal0 [0x00D36661+2057825]
	Ordinal0 [0x00C42438+1057848]
	Ordinal0 [0x00C6054A+1181002]
	Ordinal0 [0x00C5C435+1164341]
	Ordinal0 [0x00C59CAF+1154223]
	Ordinal0 [0x00C89ADF+1350367]
	Ordinal0 [0x00C8974A+1349450]
	Ordinal0 [0x00C855AB+1332651]
	Ordinal0 [0x00C62104+1188100]
	Ordinal0 [0x00C62F59+1191769]
	GetHandleVerifier [0x00F22266+1549718]
	GetHandleVerifier [0x00FCD4A7+2250711]
	GetHandleVerifier [0x00E2718B+521403]
	GetHandleVerifier [0x00E26229+517465]
	Ordinal0 [0x00D3B79D+2078621]
	Ordinal0 [0x00D3FB58+2095960]
	Ordinal0 [0x00D3FC92+2096274]
	Ordinal0 [0x00D49541+2135361]
	BaseThreadInitThunk [0x7796FA29+25]
	RtlGetAppContainerNamedObjectPath [0x77D47A9E+286]
	RtlGetAppContainerNamedObjectPath [0x77D47A6E+238]

	at org.openqa.selenium.remote.W3CHandshakeResponse.lambda$errorHandler$0(W3CHandshakeResponse.java:62)
	at org.openqa.selenium.remote.HandshakeResponse.lambda$getResponseFunction$0(HandshakeResponse.java:30)
	at org.openqa.selenium.remote.ProtocolHandshake.lambda$createSession$0(ProtocolHandshake.java:126)
	at java.base/java.util.stream.ReferencePipeline$3$1.accept(ReferencePipeline.java:197)
	at java.base/java.util.Spliterators$ArraySpliterator.tryAdvance(Spliterators.java:958)
	at java.base/java.util.stream.ReferencePipeline.forEachWithCancel(ReferencePipeline.java:129)
	at java.base/java.util.stream.AbstractPipeline.copyIntoWithCancel(AbstractPipeline.java:502)
	at java.base/java.util.stream.AbstractPipeline.copyInto(AbstractPipeline.java:488)
	at java.base/java.util.stream.AbstractPipeline.wrapAndCopyInto(AbstractPipeline.java:474)
	at java.base/java.util.stream.FindOps$FindOp.evaluateSequential(FindOps.java:150)
	at java.base/java.util.stream.AbstractPipeline.evaluate(AbstractPipeline.java:234)
	at java.base/java.util.stream.ReferencePipeline.findFirst(ReferencePipeline.java:647)
	at org.openqa.selenium.remote.ProtocolHandshake.createSession(ProtocolHandshake.java:128)
	at org.openqa.selenium.remote.ProtocolHandshake.createSession(ProtocolHandshake.java:74)
	at org.openqa.selenium.remote.HttpCommandExecutor.execute(HttpCommandExecutor.java:139)
	at org.openqa.selenium.remote.service.DriverCommandExecutor.execute(DriverCommandExecutor.java:83)
	at org.openqa.selenium.remote.RemoteWebDriver.execute(RemoteWebDriver.java:577)
	at org.openqa.selenium.remote.RemoteWebDriver.startSession(RemoteWebDriver.java:211)
	at org.openqa.selenium.remote.RemoteWebDriver.&lt;init&gt;(RemoteWebDriver.java:131)
	at org.openqa.selenium.chrome.ChromeDriver.&lt;init&gt;(ChromeDriver.java:189)
	at org.openqa.selenium.chrome.ChromeDriver.&lt;init&gt;(ChromeDriver.java:176)
	at org.openqa.selenium.chrome.ChromeDriver.&lt;init&gt;(ChromeDriver.java:131)
	at ai.gm.qa.base.TestBase.initialization(TestBase.java:47)
	at ai.gm.qa.testcases.GMCreateMeetingPageTest.Setup(GMCreateMeetingPageTest.java:30)
	at java.base/java.util.ArrayList.forEach(ArrayList.java:1511)
... Removed 36 stack frames</div></td></tr></table><p class="totop"><a href="#summary">back to summary</a></p>
<h3 id="m1">ai.gm.qa.testcases.GMLoginPageTest#Setup</h3><table class="result"><tr><th>Exception</th></tr><tr><td><div class="stacktrace">org.openqa.selenium.SessionNotCreatedException: session not created: This version of ChromeDriver only supports Chrome version 94
Current browser version is 98.0.4758.102 with binary path C:\Program Files (x86)\Google\Chrome\Application\chrome.exe
Build info: version: &apos;4.0.0-alpha-1&apos;, revision: &apos;d1d3728cae&apos;, time: &apos;2019-04-24T13:42:21&apos;
System info: host: &apos;DESKTOP-A49J3A9&apos;, ip: &apos;192.168.242.159&apos;, os.name: &apos;Windows 10&apos;, os.arch: &apos;amd64&apos;, os.version: &apos;10.0&apos;, java.version: &apos;16.0.2&apos;
Driver info: driver.version: ChromeDriver
remote stacktrace: Backtrace:
	Ordinal0 [0x00D9BDE3+2473443]
	Ordinal0 [0x00D36661+2057825]
	Ordinal0 [0x00C42438+1057848]
	Ordinal0 [0x00C6054A+1181002]
	Ordinal0 [0x00C5C435+1164341]
	Ordinal0 [0x00C59CAF+1154223]
	Ordinal0 [0x00C89ADF+1350367]
	Ordinal0 [0x00C8974A+1349450]
	Ordinal0 [0x00C855AB+1332651]
	Ordinal0 [0x00C62104+1188100]
	Ordinal0 [0x00C62F59+1191769]
	GetHandleVerifier [0x00F22266+1549718]
	GetHandleVerifier [0x00FCD4A7+2250711]
	GetHandleVerifier [0x00E2718B+521403]
	GetHandleVerifier [0x00E26229+517465]
	Ordinal0 [0x00D3B79D+2078621]
	Ordinal0 [0x00D3FB58+2095960]
	Ordinal0 [0x00D3FC92+2096274]
	Ordinal0 [0x00D49541+2135361]
	BaseThreadInitThunk [0x7796FA29+25]
	RtlGetAppContainerNamedObjectPath [0x77D47A9E+286]
	RtlGetAppContainerNamedObjectPath [0x77D47A6E+238]

	at org.openqa.selenium.remote.W3CHandshakeResponse.lambda$errorHandler$0(W3CHandshakeResponse.java:62)
	at org.openqa.selenium.remote.HandshakeResponse.lambda$getResponseFunction$0(HandshakeResponse.java:30)
	at org.openqa.selenium.remote.ProtocolHandshake.lambda$createSession$0(ProtocolHandshake.java:126)
	at java.base/java.util.stream.ReferencePipeline$3$1.accept(ReferencePipeline.java:197)
	at java.base/java.util.Spliterators$ArraySpliterator.tryAdvance(Spliterators.java:958)
	at java.base/java.util.stream.ReferencePipeline.forEachWithCancel(ReferencePipeline.java:129)
	at java.base/java.util.stream.AbstractPipeline.copyIntoWithCancel(AbstractPipeline.java:502)
	at java.base/java.util.stream.AbstractPipeline.copyInto(AbstractPipeline.java:488)
	at java.base/java.util.stream.AbstractPipeline.wrapAndCopyInto(AbstractPipeline.java:474)
	at java.base/java.util.stream.FindOps$FindOp.evaluateSequential(FindOps.java:150)
	at java.base/java.util.stream.AbstractPipeline.evaluate(AbstractPipeline.java:234)
	at java.base/java.util.stream.ReferencePipeline.findFirst(ReferencePipeline.java:647)
	at org.openqa.selenium.remote.ProtocolHandshake.createSession(ProtocolHandshake.java:128)
	at org.openqa.selenium.remote.ProtocolHandshake.createSession(ProtocolHandshake.java:74)
	at org.openqa.selenium.remote.HttpCommandExecutor.execute(HttpCommandExecutor.java:139)
	at org.openqa.selenium.remote.service.DriverCommandExecutor.execute(DriverCommandExecutor.java:83)
	at org.openqa.selenium.remote.RemoteWebDriver.execute(RemoteWebDriver.java:577)
	at org.openqa.selenium.remote.RemoteWebDriver.startSession(RemoteWebDriver.java:211)
	at org.openqa.selenium.remote.RemoteWebDriver.&lt;init&gt;(RemoteWebDriver.java:131)
	at org.openqa.selenium.chrome.ChromeDriver.&lt;init&gt;(ChromeDriver.java:189)
	at org.openqa.selenium.chrome.ChromeDriver.&lt;init&gt;(ChromeDriver.java:176)
	at org.openqa.selenium.chrome.ChromeDriver.&lt;init&gt;(ChromeDriver.java:131)
	at ai.gm.qa.base.TestBase.initialization(TestBase.java:47)
	at ai.gm.qa.testcases.GMLoginPageTest.Setup(GMLoginPageTest.java:34)
	at java.base/java.util.ArrayList.forEach(ArrayList.java:1511)
... Removed 36 stack frames</div></td></tr></table><p class="totop"><a href="#summary">back to summary</a></p>
<h3 id="m2">ai.gm.qa.testcases.GMCreateMeetingPageTest#Setup</h3><table class="result"><tr><th class="invisible"/></tr></table><p class="totop"><a href="#summary">back to summary</a></p>
<h3 id="m3">ai.gm.qa.testcases.GMCreateMeetingPageTest#Setup</h3><table class="result"><tr><th class="invisible"/></tr></table><p class="totop"><a href="#summary">back to summary</a></p>
<h3 id="m4">ai.gm.qa.testcases.GMCreateMeetingPageTest#tearDown</h3><table class="result"><tr><th class="invisible"/></tr></table><p class="totop"><a href="#summary">back to summary</a></p>
<h3 id="m5">ai.gm.qa.testcases.GMCreateMeetingPageTest#tearDown</h3><table class="result"><tr><th class="invisible"/></tr></table><p class="totop"><a href="#summary">back to summary</a></p>
<h3 id="m6">ai.gm.qa.testcases.GMCreateMeetingPageTest#tearDown</h3><table class="result"><tr><th class="invisible"/></tr></table><p class="totop"><a href="#summary">back to summary</a></p>
<h3 id="m7">ai.gm.qa.testcases.GMLoginPageTest#Setup</h3><table class="result"><tr><th class="invisible"/></tr></table><p class="totop"><a href="#summary">back to summary</a></p>
<h3 id="m8">ai.gm.qa.testcases.GMLoginPageTest#Setup</h3><table class="result"><tr><th class="invisible"/></tr></table><p class="totop"><a href="#summary">back to summary</a></p>
<h3 id="m9">ai.gm.qa.testcases.GMLoginPageTest#Setup</h3><table class="result"><tr><th class="invisible"/></tr></table><p class="totop"><a href="#summary">back to summary</a></p>
<h3 id="m10">ai.gm.qa.testcases.GMLoginPageTest#Setup</h3><table class="result"><tr><th class="invisible"/></tr></table><p class="totop"><a href="#summary">back to summary</a></p>
<h3 id="m11">ai.gm.qa.testcases.GMLoginPageTest#Setup</h3><table class="result"><tr><th class="invisible"/></tr></table><p class="totop"><a href="#summary">back to summary</a></p>
<h3 id="m12">ai.gm.qa.testcases.GMLoginPageTest#Setup</h3><table class="result"><tr><th class="invisible"/></tr></table><p class="totop"><a href="#summary">back to summary</a></p>
<h3 id="m13">ai.gm.qa.testcases.GMLoginPageTest#Setup</h3><table class="result"><tr><th class="invisible"/></tr></table><p class="totop"><a href="#summary">back to summary</a></p>
<h3 id="m14">ai.gm.qa.testcases.GMLoginPageTest#Setup</h3><table class="result"><tr><th class="invisible"/></tr></table><p class="totop"><a href="#summary">back to summary</a></p>
<h3 id="m15">ai.gm.qa.testcases.GMLoginPageTest#Setup</h3><table class="result"><tr><th class="invisible"/></tr></table><p class="totop"><a href="#summary">back to summary</a></p>
<h3 id="m16">ai.gm.qa.testcases.GMLoginPageTest#tearDown</h3><table class="result"><tr><th class="invisible"/></tr></table><p class="totop"><a href="#summary">back to summary</a></p>
<h3 id="m17">ai.gm.qa.testcases.GMLoginPageTest#tearDown</h3><table class="result"><tr><th class="invisible"/></tr></table><p class="totop"><a href="#summary">back to summary</a></p>
<h3 id="m18">ai.gm.qa.testcases.GMLoginPageTest#tearDown</h3><table class="result"><tr><th class="invisible"/></tr></table><p class="totop"><a href="#summary">back to summary</a></p>
<h3 id="m19">ai.gm.qa.testcases.GMLoginPageTest#tearDown</h3><table class="result"><tr><th class="invisible"/></tr></table><p class="totop"><a href="#summary">back to summary</a></p>
<h3 id="m20">ai.gm.qa.testcases.GMLoginPageTest#tearDown</h3><table class="result"><tr><th class="invisible"/></tr></table><p class="totop"><a href="#summary">back to summary</a></p>
<h3 id="m21">ai.gm.qa.testcases.GMLoginPageTest#tearDown</h3><table class="result"><tr><th class="invisible"/></tr></table><p class="totop"><a href="#summary">back to summary</a></p>
<h3 id="m22">ai.gm.qa.testcases.GMLoginPageTest#tearDown</h3><table class="result"><tr><th class="invisible"/></tr></table><p class="totop"><a href="#summary">back to summary</a></p>
<h3 id="m23">ai.gm.qa.testcases.GMLoginPageTest#tearDown</h3><table class="result"><tr><th class="invisible"/></tr></table><p class="totop"><a href="#summary">back to summary</a></p>
<h3 id="m24">ai.gm.qa.testcases.GMLoginPageTest#tearDown</h3><table class="result"><tr><th class="invisible"/></tr></table><p class="totop"><a href="#summary">back to summary</a></p>
<h3 id="m25">ai.gm.qa.testcases.GMLoginPageTest#tearDown</h3><table class="result"><tr><th class="invisible"/></tr></table><p class="totop"><a href="#summary">back to summary</a></p>
<h3 id="m26">ai.gm.qa.testcases.GMCreateMeetingPageTest#verifyCreateMeetingspageTitle</h3><table class="result"><tr><th>Exception</th></tr><tr><td><div class="stacktrace">org.openqa.selenium.SessionNotCreatedException: session not created: This version of ChromeDriver only supports Chrome version 94
Current browser version is 98.0.4758.102 with binary path C:\Program Files (x86)\Google\Chrome\Application\chrome.exe
Build info: version: &apos;4.0.0-alpha-1&apos;, revision: &apos;d1d3728cae&apos;, time: &apos;2019-04-24T13:42:21&apos;
System info: host: &apos;DESKTOP-A49J3A9&apos;, ip: &apos;192.168.242.159&apos;, os.name: &apos;Windows 10&apos;, os.arch: &apos;amd64&apos;, os.version: &apos;10.0&apos;, java.version: &apos;16.0.2&apos;
Driver info: driver.version: ChromeDriver
remote stacktrace: Backtrace:
	Ordinal0 [0x00D9BDE3+2473443]
	Ordinal0 [0x00D36661+2057825]
	Ordinal0 [0x00C42438+1057848]
	Ordinal0 [0x00C6054A+1181002]
	Ordinal0 [0x00C5C435+1164341]
	Ordinal0 [0x00C59CAF+1154223]
	Ordinal0 [0x00C89ADF+1350367]
	Ordinal0 [0x00C8974A+1349450]
	Ordinal0 [0x00C855AB+1332651]
	Ordinal0 [0x00C62104+1188100]
	Ordinal0 [0x00C62F59+1191769]
	GetHandleVerifier [0x00F22266+1549718]
	GetHandleVerifier [0x00FCD4A7+2250711]
	GetHandleVerifier [0x00E2718B+521403]
	GetHandleVerifier [0x00E26229+517465]
	Ordinal0 [0x00D3B79D+2078621]
	Ordinal0 [0x00D3FB58+2095960]
	Ordinal0 [0x00D3FC92+2096274]
	Ordinal0 [0x00D49541+2135361]
	BaseThreadInitThunk [0x7796FA29+25]
	RtlGetAppContainerNamedObjectPath [0x77D47A9E+286]
	RtlGetAppContainerNamedObjectPath [0x77D47A6E+238]

	at org.openqa.selenium.remote.W3CHandshakeResponse.lambda$errorHandler$0(W3CHandshakeResponse.java:62)
	at org.openqa.selenium.remote.HandshakeResponse.lambda$getResponseFunction$0(HandshakeResponse.java:30)
	at org.openqa.selenium.remote.ProtocolHandshake.lambda$createSession$0(ProtocolHandshake.java:126)
	at java.base/java.util.stream.ReferencePipeline$3$1.accept(ReferencePipeline.java:197)
	at java.base/java.util.Spliterators$ArraySpliterator.tryAdvance(Spliterators.java:958)
	at java.base/java.util.stream.ReferencePipeline.forEachWithCancel(ReferencePipeline.java:129)
	at java.base/java.util.stream.AbstractPipeline.copyIntoWithCancel(AbstractPipeline.java:502)
	at java.base/java.util.stream.AbstractPipeline.copyInto(AbstractPipeline.java:488)
	at java.base/java.util.stream.AbstractPipeline.wrapAndCopyInto(AbstractPipeline.java:474)
	at java.base/java.util.stream.FindOps$FindOp.evaluateSequential(FindOps.java:150)
	at java.base/java.util.stream.AbstractPipeline.evaluate(AbstractPipeline.java:234)
	at java.base/java.util.stream.ReferencePipeline.findFirst(ReferencePipeline.java:647)
	at org.openqa.selenium.remote.ProtocolHandshake.createSession(ProtocolHandshake.java:128)
	at org.openqa.selenium.remote.ProtocolHandshake.createSession(ProtocolHandshake.java:74)
	at org.openqa.selenium.remote.HttpCommandExecutor.execute(HttpCommandExecutor.java:139)
	at org.openqa.selenium.remote.service.DriverCommandExecutor.execute(DriverCommandExecutor.java:83)
	at org.openqa.selenium.remote.RemoteWebDriver.execute(RemoteWebDriver.java:577)
	at org.openqa.selenium.remote.RemoteWebDriver.startSession(RemoteWebDriver.java:211)
	at org.openqa.selenium.remote.RemoteWebDriver.&lt;init&gt;(RemoteWebDriver.java:131)
	at org.openqa.selenium.chrome.ChromeDriver.&lt;init&gt;(ChromeDriver.java:189)
	at org.openqa.selenium.chrome.ChromeDriver.&lt;init&gt;(ChromeDriver.java:176)
	at org.openqa.selenium.chrome.ChromeDriver.&lt;init&gt;(ChromeDriver.java:131)
	at ai.gm.qa.base.TestBase.initialization(TestBase.java:47)
	at ai.gm.qa.testcases.GMCreateMeetingPageTest.Setup(GMCreateMeetingPageTest.java:30)
	at java.base/java.util.ArrayList.forEach(ArrayList.java:1511)
... Removed 36 stack frames</div></td></tr></table><p class="totop"><a href="#summary">back to summary</a></p>
<h3 id="m27">ai.gm.qa.testcases.GMCreateMeetingPageTest#verifyGMLogoTest</h3><table class="result"><tr><th>Exception</th></tr><tr><td><div class="stacktrace">org.openqa.selenium.SessionNotCreatedException: session not created: This version of ChromeDriver only supports Chrome version 94
Current browser version is 98.0.4758.102 with binary path C:\Program Files (x86)\Google\Chrome\Application\chrome.exe
Build info: version: &apos;4.0.0-alpha-1&apos;, revision: &apos;d1d3728cae&apos;, time: &apos;2019-04-24T13:42:21&apos;
System info: host: &apos;DESKTOP-A49J3A9&apos;, ip: &apos;192.168.242.159&apos;, os.name: &apos;Windows 10&apos;, os.arch: &apos;amd64&apos;, os.version: &apos;10.0&apos;, java.version: &apos;16.0.2&apos;
Driver info: driver.version: ChromeDriver
remote stacktrace: Backtrace:
	Ordinal0 [0x00D9BDE3+2473443]
	Ordinal0 [0x00D36661+2057825]
	Ordinal0 [0x00C42438+1057848]
	Ordinal0 [0x00C6054A+1181002]
	Ordinal0 [0x00C5C435+1164341]
	Ordinal0 [0x00C59CAF+1154223]
	Ordinal0 [0x00C89ADF+1350367]
	Ordinal0 [0x00C8974A+1349450]
	Ordinal0 [0x00C855AB+1332651]
	Ordinal0 [0x00C62104+1188100]
	Ordinal0 [0x00C62F59+1191769]
	GetHandleVerifier [0x00F22266+1549718]
	GetHandleVerifier [0x00FCD4A7+2250711]
	GetHandleVerifier [0x00E2718B+521403]
	GetHandleVerifier [0x00E26229+517465]
	Ordinal0 [0x00D3B79D+2078621]
	Ordinal0 [0x00D3FB58+2095960]
	Ordinal0 [0x00D3FC92+2096274]
	Ordinal0 [0x00D49541+2135361]
	BaseThreadInitThunk [0x7796FA29+25]
	RtlGetAppContainerNamedObjectPath [0x77D47A9E+286]
	RtlGetAppContainerNamedObjectPath [0x77D47A6E+238]

	at org.openqa.selenium.remote.W3CHandshakeResponse.lambda$errorHandler$0(W3CHandshakeResponse.java:62)
	at org.openqa.selenium.remote.HandshakeResponse.lambda$getResponseFunction$0(HandshakeResponse.java:30)
	at org.openqa.selenium.remote.ProtocolHandshake.lambda$createSession$0(ProtocolHandshake.java:126)
	at java.base/java.util.stream.ReferencePipeline$3$1.accept(ReferencePipeline.java:197)
	at java.base/java.util.Spliterators$ArraySpliterator.tryAdvance(Spliterators.java:958)
	at java.base/java.util.stream.ReferencePipeline.forEachWithCancel(ReferencePipeline.java:129)
	at java.base/java.util.stream.AbstractPipeline.copyIntoWithCancel(AbstractPipeline.java:502)
	at java.base/java.util.stream.AbstractPipeline.copyInto(AbstractPipeline.java:488)
	at java.base/java.util.stream.AbstractPipeline.wrapAndCopyInto(AbstractPipeline.java:474)
	at java.base/java.util.stream.FindOps$FindOp.evaluateSequential(FindOps.java:150)
	at java.base/java.util.stream.AbstractPipeline.evaluate(AbstractPipeline.java:234)
	at java.base/java.util.stream.ReferencePipeline.findFirst(ReferencePipeline.java:647)
	at org.openqa.selenium.remote.ProtocolHandshake.createSession(ProtocolHandshake.java:128)
	at org.openqa.selenium.remote.ProtocolHandshake.createSession(ProtocolHandshake.java:74)
	at org.openqa.selenium.remote.HttpCommandExecutor.execute(HttpCommandExecutor.java:139)
	at org.openqa.selenium.remote.service.DriverCommandExecutor.execute(DriverCommandExecutor.java:83)
	at org.openqa.selenium.remote.RemoteWebDriver.execute(RemoteWebDriver.java:577)
	at org.openqa.selenium.remote.RemoteWebDriver.startSession(RemoteWebDriver.java:211)
	at org.openqa.selenium.remote.RemoteWebDriver.&lt;init&gt;(RemoteWebDriver.java:131)
	at org.openqa.selenium.chrome.ChromeDriver.&lt;init&gt;(ChromeDriver.java:189)
	at org.openqa.selenium.chrome.ChromeDriver.&lt;init&gt;(ChromeDriver.java:176)
	at org.openqa.selenium.chrome.ChromeDriver.&lt;init&gt;(ChromeDriver.java:131)
	at ai.gm.qa.base.TestBase.initialization(TestBase.java:47)
	at ai.gm.qa.testcases.GMCreateMeetingPageTest.Setup(GMCreateMeetingPageTest.java:30)
	at java.base/java.util.ArrayList.forEach(ArrayList.java:1511)
... Removed 36 stack frames</div></td></tr></table><p class="totop"><a href="#summary">back to summary</a></p>
<h3 id="m28">ai.gm.qa.testcases.GMCreateMeetingPageTest#verifyLogoutLinkTest</h3><table class="result"><tr><th>Exception</th></tr><tr><td><div class="stacktrace">org.openqa.selenium.SessionNotCreatedException: session not created: This version of ChromeDriver only supports Chrome version 94
Current browser version is 98.0.4758.102 with binary path C:\Program Files (x86)\Google\Chrome\Application\chrome.exe
Build info: version: &apos;4.0.0-alpha-1&apos;, revision: &apos;d1d3728cae&apos;, time: &apos;2019-04-24T13:42:21&apos;
System info: host: &apos;DESKTOP-A49J3A9&apos;, ip: &apos;192.168.242.159&apos;, os.name: &apos;Windows 10&apos;, os.arch: &apos;amd64&apos;, os.version: &apos;10.0&apos;, java.version: &apos;16.0.2&apos;
Driver info: driver.version: ChromeDriver
remote stacktrace: Backtrace:
	Ordinal0 [0x00D9BDE3+2473443]
	Ordinal0 [0x00D36661+2057825]
	Ordinal0 [0x00C42438+1057848]
	Ordinal0 [0x00C6054A+1181002]
	Ordinal0 [0x00C5C435+1164341]
	Ordinal0 [0x00C59CAF+1154223]
	Ordinal0 [0x00C89ADF+1350367]
	Ordinal0 [0x00C8974A+1349450]
	Ordinal0 [0x00C855AB+1332651]
	Ordinal0 [0x00C62104+1188100]
	Ordinal0 [0x00C62F59+1191769]
	GetHandleVerifier [0x00F22266+1549718]
	GetHandleVerifier [0x00FCD4A7+2250711]
	GetHandleVerifier [0x00E2718B+521403]
	GetHandleVerifier [0x00E26229+517465]
	Ordinal0 [0x00D3B79D+2078621]
	Ordinal0 [0x00D3FB58+2095960]
	Ordinal0 [0x00D3FC92+2096274]
	Ordinal0 [0x00D49541+2135361]
	BaseThreadInitThunk [0x7796FA29+25]
	RtlGetAppContainerNamedObjectPath [0x77D47A9E+286]
	RtlGetAppContainerNamedObjectPath [0x77D47A6E+238]

	at org.openqa.selenium.remote.W3CHandshakeResponse.lambda$errorHandler$0(W3CHandshakeResponse.java:62)
	at org.openqa.selenium.remote.HandshakeResponse.lambda$getResponseFunction$0(HandshakeResponse.java:30)
	at org.openqa.selenium.remote.ProtocolHandshake.lambda$createSession$0(ProtocolHandshake.java:126)
	at java.base/java.util.stream.ReferencePipeline$3$1.accept(ReferencePipeline.java:197)
	at java.base/java.util.Spliterators$ArraySpliterator.tryAdvance(Spliterators.java:958)
	at java.base/java.util.stream.ReferencePipeline.forEachWithCancel(ReferencePipeline.java:129)
	at java.base/java.util.stream.AbstractPipeline.copyIntoWithCancel(AbstractPipeline.java:502)
	at java.base/java.util.stream.AbstractPipeline.copyInto(AbstractPipeline.java:488)
	at java.base/java.util.stream.AbstractPipeline.wrapAndCopyInto(AbstractPipeline.java:474)
	at java.base/java.util.stream.FindOps$FindOp.evaluateSequential(FindOps.java:150)
	at java.base/java.util.stream.AbstractPipeline.evaluate(AbstractPipeline.java:234)
	at java.base/java.util.stream.ReferencePipeline.findFirst(ReferencePipeline.java:647)
	at org.openqa.selenium.remote.ProtocolHandshake.createSession(ProtocolHandshake.java:128)
	at org.openqa.selenium.remote.ProtocolHandshake.createSession(ProtocolHandshake.java:74)
	at org.openqa.selenium.remote.HttpCommandExecutor.execute(HttpCommandExecutor.java:139)
	at org.openqa.selenium.remote.service.DriverCommandExecutor.execute(DriverCommandExecutor.java:83)
	at org.openqa.selenium.remote.RemoteWebDriver.execute(RemoteWebDriver.java:577)
	at org.openqa.selenium.remote.RemoteWebDriver.startSession(RemoteWebDriver.java:211)
	at org.openqa.selenium.remote.RemoteWebDriver.&lt;init&gt;(RemoteWebDriver.java:131)
	at org.openqa.selenium.chrome.ChromeDriver.&lt;init&gt;(ChromeDriver.java:189)
	at org.openqa.selenium.chrome.ChromeDriver.&lt;init&gt;(ChromeDriver.java:176)
	at org.openqa.selenium.chrome.ChromeDriver.&lt;init&gt;(ChromeDriver.java:131)
	at ai.gm.qa.base.TestBase.initialization(TestBase.java:47)
	at ai.gm.qa.testcases.GMCreateMeetingPageTest.Setup(GMCreateMeetingPageTest.java:30)
	at java.base/java.util.ArrayList.forEach(ArrayList.java:1511)
... Removed 36 stack frames</div></td></tr></table><p class="totop"><a href="#summary">back to summary</a></p>
<h3 id="m29">ai.gm.qa.testcases.GMLoginPageTest#LoginPageTitleTest</h3><table class="result"><tr><th>Exception</th></tr><tr><td><div class="stacktrace">org.openqa.selenium.SessionNotCreatedException: session not created: This version of ChromeDriver only supports Chrome version 94
Current browser version is 98.0.4758.102 with binary path C:\Program Files (x86)\Google\Chrome\Application\chrome.exe
Build info: version: &apos;4.0.0-alpha-1&apos;, revision: &apos;d1d3728cae&apos;, time: &apos;2019-04-24T13:42:21&apos;
System info: host: &apos;DESKTOP-A49J3A9&apos;, ip: &apos;192.168.242.159&apos;, os.name: &apos;Windows 10&apos;, os.arch: &apos;amd64&apos;, os.version: &apos;10.0&apos;, java.version: &apos;16.0.2&apos;
Driver info: driver.version: ChromeDriver
remote stacktrace: Backtrace:
	Ordinal0 [0x00D9BDE3+2473443]
	Ordinal0 [0x00D36661+2057825]
	Ordinal0 [0x00C42438+1057848]
	Ordinal0 [0x00C6054A+1181002]
	Ordinal0 [0x00C5C435+1164341]
	Ordinal0 [0x00C59CAF+1154223]
	Ordinal0 [0x00C89ADF+1350367]
	Ordinal0 [0x00C8974A+1349450]
	Ordinal0 [0x00C855AB+1332651]
	Ordinal0 [0x00C62104+1188100]
	Ordinal0 [0x00C62F59+1191769]
	GetHandleVerifier [0x00F22266+1549718]
	GetHandleVerifier [0x00FCD4A7+2250711]
	GetHandleVerifier [0x00E2718B+521403]
	GetHandleVerifier [0x00E26229+517465]
	Ordinal0 [0x00D3B79D+2078621]
	Ordinal0 [0x00D3FB58+2095960]
	Ordinal0 [0x00D3FC92+2096274]
	Ordinal0 [0x00D49541+2135361]
	BaseThreadInitThunk [0x7796FA29+25]
	RtlGetAppContainerNamedObjectPath [0x77D47A9E+286]
	RtlGetAppContainerNamedObjectPath [0x77D47A6E+238]

	at org.openqa.selenium.remote.W3CHandshakeResponse.lambda$errorHandler$0(W3CHandshakeResponse.java:62)
	at org.openqa.selenium.remote.HandshakeResponse.lambda$getResponseFunction$0(HandshakeResponse.java:30)
	at org.openqa.selenium.remote.ProtocolHandshake.lambda$createSession$0(ProtocolHandshake.java:126)
	at java.base/java.util.stream.ReferencePipeline$3$1.accept(ReferencePipeline.java:197)
	at java.base/java.util.Spliterators$ArraySpliterator.tryAdvance(Spliterators.java:958)
	at java.base/java.util.stream.ReferencePipeline.forEachWithCancel(ReferencePipeline.java:129)
	at java.base/java.util.stream.AbstractPipeline.copyIntoWithCancel(AbstractPipeline.java:502)
	at java.base/java.util.stream.AbstractPipeline.copyInto(AbstractPipeline.java:488)
	at java.base/java.util.stream.AbstractPipeline.wrapAndCopyInto(AbstractPipeline.java:474)
	at java.base/java.util.stream.FindOps$FindOp.evaluateSequential(FindOps.java:150)
	at java.base/java.util.stream.AbstractPipeline.evaluate(AbstractPipeline.java:234)
	at java.base/java.util.stream.ReferencePipeline.findFirst(ReferencePipeline.java:647)
	at org.openqa.selenium.remote.ProtocolHandshake.createSession(ProtocolHandshake.java:128)
	at org.openqa.selenium.remote.ProtocolHandshake.createSession(ProtocolHandshake.java:74)
	at org.openqa.selenium.remote.HttpCommandExecutor.execute(HttpCommandExecutor.java:139)
	at org.openqa.selenium.remote.service.DriverCommandExecutor.execute(DriverCommandExecutor.java:83)
	at org.openqa.selenium.remote.RemoteWebDriver.execute(RemoteWebDriver.java:577)
	at org.openqa.selenium.remote.RemoteWebDriver.startSession(RemoteWebDriver.java:211)
	at org.openqa.selenium.remote.RemoteWebDriver.&lt;init&gt;(RemoteWebDriver.java:131)
	at org.openqa.selenium.chrome.ChromeDriver.&lt;init&gt;(ChromeDriver.java:189)
	at org.openqa.selenium.chrome.ChromeDriver.&lt;init&gt;(ChromeDriver.java:176)
	at org.openqa.selenium.chrome.ChromeDriver.&lt;init&gt;(ChromeDriver.java:131)
	at ai.gm.qa.base.TestBase.initialization(TestBase.java:47)
	at ai.gm.qa.testcases.GMLoginPageTest.Setup(GMLoginPageTest.java:34)
	at java.base/java.util.ArrayList.forEach(ArrayList.java:1511)
... Removed 36 stack frames</div></td></tr></table><p class="totop"><a href="#summary">back to summary</a></p>
<h3 id="m30">ai.gm.qa.testcases.GMLoginPageTest#Test_retry</h3><table class="result"><tr><th>Exception</th></tr><tr><td><div class="stacktrace">org.openqa.selenium.SessionNotCreatedException: session not created: This version of ChromeDriver only supports Chrome version 94
Current browser version is 98.0.4758.102 with binary path C:\Program Files (x86)\Google\Chrome\Application\chrome.exe
Build info: version: &apos;4.0.0-alpha-1&apos;, revision: &apos;d1d3728cae&apos;, time: &apos;2019-04-24T13:42:21&apos;
System info: host: &apos;DESKTOP-A49J3A9&apos;, ip: &apos;192.168.242.159&apos;, os.name: &apos;Windows 10&apos;, os.arch: &apos;amd64&apos;, os.version: &apos;10.0&apos;, java.version: &apos;16.0.2&apos;
Driver info: driver.version: ChromeDriver
remote stacktrace: Backtrace:
	Ordinal0 [0x00D9BDE3+2473443]
	Ordinal0 [0x00D36661+2057825]
	Ordinal0 [0x00C42438+1057848]
	Ordinal0 [0x00C6054A+1181002]
	Ordinal0 [0x00C5C435+1164341]
	Ordinal0 [0x00C59CAF+1154223]
	Ordinal0 [0x00C89ADF+1350367]
	Ordinal0 [0x00C8974A+1349450]
	Ordinal0 [0x00C855AB+1332651]
	Ordinal0 [0x00C62104+1188100]
	Ordinal0 [0x00C62F59+1191769]
	GetHandleVerifier [0x00F22266+1549718]
	GetHandleVerifier [0x00FCD4A7+2250711]
	GetHandleVerifier [0x00E2718B+521403]
	GetHandleVerifier [0x00E26229+517465]
	Ordinal0 [0x00D3B79D+2078621]
	Ordinal0 [0x00D3FB58+2095960]
	Ordinal0 [0x00D3FC92+2096274]
	Ordinal0 [0x00D49541+2135361]
	BaseThreadInitThunk [0x7796FA29+25]
	RtlGetAppContainerNamedObjectPath [0x77D47A9E+286]
	RtlGetAppContainerNamedObjectPath [0x77D47A6E+238]

	at org.openqa.selenium.remote.W3CHandshakeResponse.lambda$errorHandler$0(W3CHandshakeResponse.java:62)
	at org.openqa.selenium.remote.HandshakeResponse.lambda$getResponseFunction$0(HandshakeResponse.java:30)
	at org.openqa.selenium.remote.ProtocolHandshake.lambda$createSession$0(ProtocolHandshake.java:126)
	at java.base/java.util.stream.ReferencePipeline$3$1.accept(ReferencePipeline.java:197)
	at java.base/java.util.Spliterators$ArraySpliterator.tryAdvance(Spliterators.java:958)
	at java.base/java.util.stream.ReferencePipeline.forEachWithCancel(ReferencePipeline.java:129)
	at java.base/java.util.stream.AbstractPipeline.copyIntoWithCancel(AbstractPipeline.java:502)
	at java.base/java.util.stream.AbstractPipeline.copyInto(AbstractPipeline.java:488)
	at java.base/java.util.stream.AbstractPipeline.wrapAndCopyInto(AbstractPipeline.java:474)
	at java.base/java.util.stream.FindOps$FindOp.evaluateSequential(FindOps.java:150)
	at java.base/java.util.stream.AbstractPipeline.evaluate(AbstractPipeline.java:234)
	at java.base/java.util.stream.ReferencePipeline.findFirst(ReferencePipeline.java:647)
	at org.openqa.selenium.remote.ProtocolHandshake.createSession(ProtocolHandshake.java:128)
	at org.openqa.selenium.remote.ProtocolHandshake.createSession(ProtocolHandshake.java:74)
	at org.openqa.selenium.remote.HttpCommandExecutor.execute(HttpCommandExecutor.java:139)
	at org.openqa.selenium.remote.service.DriverCommandExecutor.execute(DriverCommandExecutor.java:83)
	at org.openqa.selenium.remote.RemoteWebDriver.execute(RemoteWebDriver.java:577)
	at org.openqa.selenium.remote.RemoteWebDriver.startSession(RemoteWebDriver.java:211)
	at org.openqa.selenium.remote.RemoteWebDriver.&lt;init&gt;(RemoteWebDriver.java:131)
	at org.openqa.selenium.chrome.ChromeDriver.&lt;init&gt;(ChromeDriver.java:189)
	at org.openqa.selenium.chrome.ChromeDriver.&lt;init&gt;(ChromeDriver.java:176)
	at org.openqa.selenium.chrome.ChromeDriver.&lt;init&gt;(ChromeDriver.java:131)
	at ai.gm.qa.base.TestBase.initialization(TestBase.java:47)
	at ai.gm.qa.testcases.GMLoginPageTest.Setup(GMLoginPageTest.java:34)
	at java.base/java.util.ArrayList.forEach(ArrayList.java:1511)
... Removed 36 stack frames</div></td></tr></table><p class="totop"><a href="#summary">back to summary</a></p>
<h3 id="m31">ai.gm.qa.testcases.GMLoginPageTest#goodmeetingslogoTest</h3><table class="result"><tr><th>Exception</th></tr><tr><td><div class="stacktrace">org.openqa.selenium.SessionNotCreatedException: session not created: This version of ChromeDriver only supports Chrome version 94
Current browser version is 98.0.4758.102 with binary path C:\Program Files (x86)\Google\Chrome\Application\chrome.exe
Build info: version: &apos;4.0.0-alpha-1&apos;, revision: &apos;d1d3728cae&apos;, time: &apos;2019-04-24T13:42:21&apos;
System info: host: &apos;DESKTOP-A49J3A9&apos;, ip: &apos;192.168.242.159&apos;, os.name: &apos;Windows 10&apos;, os.arch: &apos;amd64&apos;, os.version: &apos;10.0&apos;, java.version: &apos;16.0.2&apos;
Driver info: driver.version: ChromeDriver
remote stacktrace: Backtrace:
	Ordinal0 [0x00D9BDE3+2473443]
	Ordinal0 [0x00D36661+2057825]
	Ordinal0 [0x00C42438+1057848]
	Ordinal0 [0x00C6054A+1181002]
	Ordinal0 [0x00C5C435+1164341]
	Ordinal0 [0x00C59CAF+1154223]
	Ordinal0 [0x00C89ADF+1350367]
	Ordinal0 [0x00C8974A+1349450]
	Ordinal0 [0x00C855AB+1332651]
	Ordinal0 [0x00C62104+1188100]
	Ordinal0 [0x00C62F59+1191769]
	GetHandleVerifier [0x00F22266+1549718]
	GetHandleVerifier [0x00FCD4A7+2250711]
	GetHandleVerifier [0x00E2718B+521403]
	GetHandleVerifier [0x00E26229+517465]
	Ordinal0 [0x00D3B79D+2078621]
	Ordinal0 [0x00D3FB58+2095960]
	Ordinal0 [0x00D3FC92+2096274]
	Ordinal0 [0x00D49541+2135361]
	BaseThreadInitThunk [0x7796FA29+25]
	RtlGetAppContainerNamedObjectPath [0x77D47A9E+286]
	RtlGetAppContainerNamedObjectPath [0x77D47A6E+238]

	at org.openqa.selenium.remote.W3CHandshakeResponse.lambda$errorHandler$0(W3CHandshakeResponse.java:62)
	at org.openqa.selenium.remote.HandshakeResponse.lambda$getResponseFunction$0(HandshakeResponse.java:30)
	at org.openqa.selenium.remote.ProtocolHandshake.lambda$createSession$0(ProtocolHandshake.java:126)
	at java.base/java.util.stream.ReferencePipeline$3$1.accept(ReferencePipeline.java:197)
	at java.base/java.util.Spliterators$ArraySpliterator.tryAdvance(Spliterators.java:958)
	at java.base/java.util.stream.ReferencePipeline.forEachWithCancel(ReferencePipeline.java:129)
	at java.base/java.util.stream.AbstractPipeline.copyIntoWithCancel(AbstractPipeline.java:502)
	at java.base/java.util.stream.AbstractPipeline.copyInto(AbstractPipeline.java:488)
	at java.base/java.util.stream.AbstractPipeline.wrapAndCopyInto(AbstractPipeline.java:474)
	at java.base/java.util.stream.FindOps$FindOp.evaluateSequential(FindOps.java:150)
	at java.base/java.util.stream.AbstractPipeline.evaluate(AbstractPipeline.java:234)
	at java.base/java.util.stream.ReferencePipeline.findFirst(ReferencePipeline.java:647)
	at org.openqa.selenium.remote.ProtocolHandshake.createSession(ProtocolHandshake.java:128)
	at org.openqa.selenium.remote.ProtocolHandshake.createSession(ProtocolHandshake.java:74)
	at org.openqa.selenium.remote.HttpCommandExecutor.execute(HttpCommandExecutor.java:139)
	at org.openqa.selenium.remote.service.DriverCommandExecutor.execute(DriverCommandExecutor.java:83)
	at org.openqa.selenium.remote.RemoteWebDriver.execute(RemoteWebDriver.java:577)
	at org.openqa.selenium.remote.RemoteWebDriver.startSession(RemoteWebDriver.java:211)
	at org.openqa.selenium.remote.RemoteWebDriver.&lt;init&gt;(RemoteWebDriver.java:131)
	at org.openqa.selenium.chrome.ChromeDriver.&lt;init&gt;(ChromeDriver.java:189)
	at org.openqa.selenium.chrome.ChromeDriver.&lt;init&gt;(ChromeDriver.java:176)
	at org.openqa.selenium.chrome.ChromeDriver.&lt;init&gt;(ChromeDriver.java:131)
	at ai.gm.qa.base.TestBase.initialization(TestBase.java:47)
	at ai.gm.qa.testcases.GMLoginPageTest.Setup(GMLoginPageTest.java:34)
	at java.base/java.util.ArrayList.forEach(ArrayList.java:1511)
... Removed 36 stack frames</div></td></tr></table><p class="totop"><a href="#summary">back to summary</a></p>
<h3 id="m32">ai.gm.qa.testcases.GMLoginPageTest#loginTest</h3><table class="result"><tr><th>Exception</th></tr><tr><td><div class="stacktrace">org.openqa.selenium.SessionNotCreatedException: session not created: This version of ChromeDriver only supports Chrome version 94
Current browser version is 98.0.4758.102 with binary path C:\Program Files (x86)\Google\Chrome\Application\chrome.exe
Build info: version: &apos;4.0.0-alpha-1&apos;, revision: &apos;d1d3728cae&apos;, time: &apos;2019-04-24T13:42:21&apos;
System info: host: &apos;DESKTOP-A49J3A9&apos;, ip: &apos;192.168.242.159&apos;, os.name: &apos;Windows 10&apos;, os.arch: &apos;amd64&apos;, os.version: &apos;10.0&apos;, java.version: &apos;16.0.2&apos;
Driver info: driver.version: ChromeDriver
remote stacktrace: Backtrace:
	Ordinal0 [0x00D9BDE3+2473443]
	Ordinal0 [0x00D36661+2057825]
	Ordinal0 [0x00C42438+1057848]
	Ordinal0 [0x00C6054A+1181002]
	Ordinal0 [0x00C5C435+1164341]
	Ordinal0 [0x00C59CAF+1154223]
	Ordinal0 [0x00C89ADF+1350367]
	Ordinal0 [0x00C8974A+1349450]
	Ordinal0 [0x00C855AB+1332651]
	Ordinal0 [0x00C62104+1188100]
	Ordinal0 [0x00C62F59+1191769]
	GetHandleVerifier [0x00F22266+1549718]
	GetHandleVerifier [0x00FCD4A7+2250711]
	GetHandleVerifier [0x00E2718B+521403]
	GetHandleVerifier [0x00E26229+517465]
	Ordinal0 [0x00D3B79D+2078621]
	Ordinal0 [0x00D3FB58+2095960]
	Ordinal0 [0x00D3FC92+2096274]
	Ordinal0 [0x00D49541+2135361]
	BaseThreadInitThunk [0x7796FA29+25]
	RtlGetAppContainerNamedObjectPath [0x77D47A9E+286]
	RtlGetAppContainerNamedObjectPath [0x77D47A6E+238]

	at org.openqa.selenium.remote.W3CHandshakeResponse.lambda$errorHandler$0(W3CHandshakeResponse.java:62)
	at org.openqa.selenium.remote.HandshakeResponse.lambda$getResponseFunction$0(HandshakeResponse.java:30)
	at org.openqa.selenium.remote.ProtocolHandshake.lambda$createSession$0(ProtocolHandshake.java:126)
	at java.base/java.util.stream.ReferencePipeline$3$1.accept(ReferencePipeline.java:197)
	at java.base/java.util.Spliterators$ArraySpliterator.tryAdvance(Spliterators.java:958)
	at java.base/java.util.stream.ReferencePipeline.forEachWithCancel(ReferencePipeline.java:129)
	at java.base/java.util.stream.AbstractPipeline.copyIntoWithCancel(AbstractPipeline.java:502)
	at java.base/java.util.stream.AbstractPipeline.copyInto(AbstractPipeline.java:488)
	at java.base/java.util.stream.AbstractPipeline.wrapAndCopyInto(AbstractPipeline.java:474)
	at java.base/java.util.stream.FindOps$FindOp.evaluateSequential(FindOps.java:150)
	at java.base/java.util.stream.AbstractPipeline.evaluate(AbstractPipeline.java:234)
	at java.base/java.util.stream.ReferencePipeline.findFirst(ReferencePipeline.java:647)
	at org.openqa.selenium.remote.ProtocolHandshake.createSession(ProtocolHandshake.java:128)
	at org.openqa.selenium.remote.ProtocolHandshake.createSession(ProtocolHandshake.java:74)
	at org.openqa.selenium.remote.HttpCommandExecutor.execute(HttpCommandExecutor.java:139)
	at org.openqa.selenium.remote.service.DriverCommandExecutor.execute(DriverCommandExecutor.java:83)
	at org.openqa.selenium.remote.RemoteWebDriver.execute(RemoteWebDriver.java:577)
	at org.openqa.selenium.remote.RemoteWebDriver.startSession(RemoteWebDriver.java:211)
	at org.openqa.selenium.remote.RemoteWebDriver.&lt;init&gt;(RemoteWebDriver.java:131)
	at org.openqa.selenium.chrome.ChromeDriver.&lt;init&gt;(ChromeDriver.java:189)
	at org.openqa.selenium.chrome.ChromeDriver.&lt;init&gt;(ChromeDriver.java:176)
	at org.openqa.selenium.chrome.ChromeDriver.&lt;init&gt;(ChromeDriver.java:131)
	at ai.gm.qa.base.TestBase.initialization(TestBase.java:47)
	at ai.gm.qa.testcases.GMLoginPageTest.Setup(GMLoginPageTest.java:34)
	at java.base/java.util.ArrayList.forEach(ArrayList.java:1511)
... Removed 36 stack frames</div></td></tr></table><p class="totop"><a href="#summary">back to summary</a></p>
<h3 id="m33">ai.gm.qa.testcases.GMLoginPageTest#validatedifferentcomapnycredential</h3><table class="result"><tr class="param"><th>Parameter #1</th><th>Parameter #2</th></tr><tr class="param stripe"><td>sujit@goodmeetings.ai</td><td>sujit@123</td></tr><tr><th colspan="2">Exception</th></tr><tr><td colspan="2"><div class="stacktrace">org.openqa.selenium.SessionNotCreatedException: session not created: This version of ChromeDriver only supports Chrome version 94
Current browser version is 98.0.4758.102 with binary path C:\Program Files (x86)\Google\Chrome\Application\chrome.exe
Build info: version: &apos;4.0.0-alpha-1&apos;, revision: &apos;d1d3728cae&apos;, time: &apos;2019-04-24T13:42:21&apos;
System info: host: &apos;DESKTOP-A49J3A9&apos;, ip: &apos;192.168.242.159&apos;, os.name: &apos;Windows 10&apos;, os.arch: &apos;amd64&apos;, os.version: &apos;10.0&apos;, java.version: &apos;16.0.2&apos;
Driver info: driver.version: ChromeDriver
remote stacktrace: Backtrace:
	Ordinal0 [0x00D9BDE3+2473443]
	Ordinal0 [0x00D36661+2057825]
	Ordinal0 [0x00C42438+1057848]
	Ordinal0 [0x00C6054A+1181002]
	Ordinal0 [0x00C5C435+1164341]
	Ordinal0 [0x00C59CAF+1154223]
	Ordinal0 [0x00C89ADF+1350367]
	Ordinal0 [0x00C8974A+1349450]
	Ordinal0 [0x00C855AB+1332651]
	Ordinal0 [0x00C62104+1188100]
	Ordinal0 [0x00C62F59+1191769]
	GetHandleVerifier [0x00F22266+1549718]
	GetHandleVerifier [0x00FCD4A7+2250711]
	GetHandleVerifier [0x00E2718B+521403]
	GetHandleVerifier [0x00E26229+517465]
	Ordinal0 [0x00D3B79D+2078621]
	Ordinal0 [0x00D3FB58+2095960]
	Ordinal0 [0x00D3FC92+2096274]
	Ordinal0 [0x00D49541+2135361]
	BaseThreadInitThunk [0x7796FA29+25]
	RtlGetAppContainerNamedObjectPath [0x77D47A9E+286]
	RtlGetAppContainerNamedObjectPath [0x77D47A6E+238]

	at org.openqa.selenium.remote.W3CHandshakeResponse.lambda$errorHandler$0(W3CHandshakeResponse.java:62)
	at org.openqa.selenium.remote.HandshakeResponse.lambda$getResponseFunction$0(HandshakeResponse.java:30)
	at org.openqa.selenium.remote.ProtocolHandshake.lambda$createSession$0(ProtocolHandshake.java:126)
	at java.base/java.util.stream.ReferencePipeline$3$1.accept(ReferencePipeline.java:197)
	at java.base/java.util.Spliterators$ArraySpliterator.tryAdvance(Spliterators.java:958)
	at java.base/java.util.stream.ReferencePipeline.forEachWithCancel(ReferencePipeline.java:129)
	at java.base/java.util.stream.AbstractPipeline.copyIntoWithCancel(AbstractPipeline.java:502)
	at java.base/java.util.stream.AbstractPipeline.copyInto(AbstractPipeline.java:488)
	at java.base/java.util.stream.AbstractPipeline.wrapAndCopyInto(AbstractPipeline.java:474)
	at java.base/java.util.stream.FindOps$FindOp.evaluateSequential(FindOps.java:150)
	at java.base/java.util.stream.AbstractPipeline.evaluate(AbstractPipeline.java:234)
	at java.base/java.util.stream.ReferencePipeline.findFirst(ReferencePipeline.java:647)
	at org.openqa.selenium.remote.ProtocolHandshake.createSession(ProtocolHandshake.java:128)
	at org.openqa.selenium.remote.ProtocolHandshake.createSession(ProtocolHandshake.java:74)
	at org.openqa.selenium.remote.HttpCommandExecutor.execute(HttpCommandExecutor.java:139)
	at org.openqa.selenium.remote.service.DriverCommandExecutor.execute(DriverCommandExecutor.java:83)
	at org.openqa.selenium.remote.RemoteWebDriver.execute(RemoteWebDriver.java:577)
	at org.openqa.selenium.remote.RemoteWebDriver.startSession(RemoteWebDriver.java:211)
	at org.openqa.selenium.remote.RemoteWebDriver.&lt;init&gt;(RemoteWebDriver.java:131)
	at org.openqa.selenium.chrome.ChromeDriver.&lt;init&gt;(ChromeDriver.java:189)
	at org.openqa.selenium.chrome.ChromeDriver.&lt;init&gt;(ChromeDriver.java:176)
	at org.openqa.selenium.chrome.ChromeDriver.&lt;init&gt;(ChromeDriver.java:131)
	at ai.gm.qa.base.TestBase.initialization(TestBase.java:47)
	at ai.gm.qa.testcases.GMLoginPageTest.Setup(GMLoginPageTest.java:34)
	at java.base/java.util.ArrayList.forEach(ArrayList.java:1511)
... Removed 36 stack frames</div></td></tr></table><p class="totop"><a href="#summary">back to summary</a></p>
<h3 id="m34">ai.gm.qa.testcases.GMLoginPageTest#validatedifferentcomapnycredential</h3><table class="result"><tr class="param"><th>Parameter #1</th><th>Parameter #2</th></tr><tr class="param stripe"><td>demo@demo.com</td><td>demo@123</td></tr><tr><th colspan="2">Exception</th></tr><tr><td colspan="2"><div class="stacktrace">org.openqa.selenium.SessionNotCreatedException: session not created: This version of ChromeDriver only supports Chrome version 94
Current browser version is 98.0.4758.102 with binary path C:\Program Files (x86)\Google\Chrome\Application\chrome.exe
Build info: version: &apos;4.0.0-alpha-1&apos;, revision: &apos;d1d3728cae&apos;, time: &apos;2019-04-24T13:42:21&apos;
System info: host: &apos;DESKTOP-A49J3A9&apos;, ip: &apos;192.168.242.159&apos;, os.name: &apos;Windows 10&apos;, os.arch: &apos;amd64&apos;, os.version: &apos;10.0&apos;, java.version: &apos;16.0.2&apos;
Driver info: driver.version: ChromeDriver
remote stacktrace: Backtrace:
	Ordinal0 [0x00D9BDE3+2473443]
	Ordinal0 [0x00D36661+2057825]
	Ordinal0 [0x00C42438+1057848]
	Ordinal0 [0x00C6054A+1181002]
	Ordinal0 [0x00C5C435+1164341]
	Ordinal0 [0x00C59CAF+1154223]
	Ordinal0 [0x00C89ADF+1350367]
	Ordinal0 [0x00C8974A+1349450]
	Ordinal0 [0x00C855AB+1332651]
	Ordinal0 [0x00C62104+1188100]
	Ordinal0 [0x00C62F59+1191769]
	GetHandleVerifier [0x00F22266+1549718]
	GetHandleVerifier [0x00FCD4A7+2250711]
	GetHandleVerifier [0x00E2718B+521403]
	GetHandleVerifier [0x00E26229+517465]
	Ordinal0 [0x00D3B79D+2078621]
	Ordinal0 [0x00D3FB58+2095960]
	Ordinal0 [0x00D3FC92+2096274]
	Ordinal0 [0x00D49541+2135361]
	BaseThreadInitThunk [0x7796FA29+25]
	RtlGetAppContainerNamedObjectPath [0x77D47A9E+286]
	RtlGetAppContainerNamedObjectPath [0x77D47A6E+238]

	at org.openqa.selenium.remote.W3CHandshakeResponse.lambda$errorHandler$0(W3CHandshakeResponse.java:62)
	at org.openqa.selenium.remote.HandshakeResponse.lambda$getResponseFunction$0(HandshakeResponse.java:30)
	at org.openqa.selenium.remote.ProtocolHandshake.lambda$createSession$0(ProtocolHandshake.java:126)
	at java.base/java.util.stream.ReferencePipeline$3$1.accept(ReferencePipeline.java:197)
	at java.base/java.util.Spliterators$ArraySpliterator.tryAdvance(Spliterators.java:958)
	at java.base/java.util.stream.ReferencePipeline.forEachWithCancel(ReferencePipeline.java:129)
	at java.base/java.util.stream.AbstractPipeline.copyIntoWithCancel(AbstractPipeline.java:502)
	at java.base/java.util.stream.AbstractPipeline.copyInto(AbstractPipeline.java:488)
	at java.base/java.util.stream.AbstractPipeline.wrapAndCopyInto(AbstractPipeline.java:474)
	at java.base/java.util.stream.FindOps$FindOp.evaluateSequential(FindOps.java:150)
	at java.base/java.util.stream.AbstractPipeline.evaluate(AbstractPipeline.java:234)
	at java.base/java.util.stream.ReferencePipeline.findFirst(ReferencePipeline.java:647)
	at org.openqa.selenium.remote.ProtocolHandshake.createSession(ProtocolHandshake.java:128)
	at org.openqa.selenium.remote.ProtocolHandshake.createSession(ProtocolHandshake.java:74)
	at org.openqa.selenium.remote.HttpCommandExecutor.execute(HttpCommandExecutor.java:139)
	at org.openqa.selenium.remote.service.DriverCommandExecutor.execute(DriverCommandExecutor.java:83)
	at org.openqa.selenium.remote.RemoteWebDriver.execute(RemoteWebDriver.java:577)
	at org.openqa.selenium.remote.RemoteWebDriver.startSession(RemoteWebDriver.java:211)
	at org.openqa.selenium.remote.RemoteWebDriver.&lt;init&gt;(RemoteWebDriver.java:131)
	at org.openqa.selenium.chrome.ChromeDriver.&lt;init&gt;(ChromeDriver.java:189)
	at org.openqa.selenium.chrome.ChromeDriver.&lt;init&gt;(ChromeDriver.java:176)
	at org.openqa.selenium.chrome.ChromeDriver.&lt;init&gt;(ChromeDriver.java:131)
	at ai.gm.qa.base.TestBase.initialization(TestBase.java:47)
	at ai.gm.qa.testcases.GMLoginPageTest.Setup(GMLoginPageTest.java:34)
	at java.base/java.util.ArrayList.forEach(ArrayList.java:1511)
... Removed 36 stack frames</div></td></tr></table><p class="totop"><a href="#summary">back to summary</a></p>
<h3 id="m35">ai.gm.qa.testcases.GMLoginPageTest#validatedifferentcomapnycredential</h3><table class="result"><tr class="param"><th>Parameter #1</th><th>Parameter #2</th></tr><tr class="param stripe"><td>admin@indifi.com</td><td>admin@123</td></tr><tr><th colspan="2">Exception</th></tr><tr><td colspan="2"><div class="stacktrace">org.openqa.selenium.SessionNotCreatedException: session not created: This version of ChromeDriver only supports Chrome version 94
Current browser version is 98.0.4758.102 with binary path C:\Program Files (x86)\Google\Chrome\Application\chrome.exe
Build info: version: &apos;4.0.0-alpha-1&apos;, revision: &apos;d1d3728cae&apos;, time: &apos;2019-04-24T13:42:21&apos;
System info: host: &apos;DESKTOP-A49J3A9&apos;, ip: &apos;192.168.242.159&apos;, os.name: &apos;Windows 10&apos;, os.arch: &apos;amd64&apos;, os.version: &apos;10.0&apos;, java.version: &apos;16.0.2&apos;
Driver info: driver.version: ChromeDriver
remote stacktrace: Backtrace:
	Ordinal0 [0x00D9BDE3+2473443]
	Ordinal0 [0x00D36661+2057825]
	Ordinal0 [0x00C42438+1057848]
	Ordinal0 [0x00C6054A+1181002]
	Ordinal0 [0x00C5C435+1164341]
	Ordinal0 [0x00C59CAF+1154223]
	Ordinal0 [0x00C89ADF+1350367]
	Ordinal0 [0x00C8974A+1349450]
	Ordinal0 [0x00C855AB+1332651]
	Ordinal0 [0x00C62104+1188100]
	Ordinal0 [0x00C62F59+1191769]
	GetHandleVerifier [0x00F22266+1549718]
	GetHandleVerifier [0x00FCD4A7+2250711]
	GetHandleVerifier [0x00E2718B+521403]
	GetHandleVerifier [0x00E26229+517465]
	Ordinal0 [0x00D3B79D+2078621]
	Ordinal0 [0x00D3FB58+2095960]
	Ordinal0 [0x00D3FC92+2096274]
	Ordinal0 [0x00D49541+2135361]
	BaseThreadInitThunk [0x7796FA29+25]
	RtlGetAppContainerNamedObjectPath [0x77D47A9E+286]
	RtlGetAppContainerNamedObjectPath [0x77D47A6E+238]

	at org.openqa.selenium.remote.W3CHandshakeResponse.lambda$errorHandler$0(W3CHandshakeResponse.java:62)
	at org.openqa.selenium.remote.HandshakeResponse.lambda$getResponseFunction$0(HandshakeResponse.java:30)
	at org.openqa.selenium.remote.ProtocolHandshake.lambda$createSession$0(ProtocolHandshake.java:126)
	at java.base/java.util.stream.ReferencePipeline$3$1.accept(ReferencePipeline.java:197)
	at java.base/java.util.Spliterators$ArraySpliterator.tryAdvance(Spliterators.java:958)
	at java.base/java.util.stream.ReferencePipeline.forEachWithCancel(ReferencePipeline.java:129)
	at java.base/java.util.stream.AbstractPipeline.copyIntoWithCancel(AbstractPipeline.java:502)
	at java.base/java.util.stream.AbstractPipeline.copyInto(AbstractPipeline.java:488)
	at java.base/java.util.stream.AbstractPipeline.wrapAndCopyInto(AbstractPipeline.java:474)
	at java.base/java.util.stream.FindOps$FindOp.evaluateSequential(FindOps.java:150)
	at java.base/java.util.stream.AbstractPipeline.evaluate(AbstractPipeline.java:234)
	at java.base/java.util.stream.ReferencePipeline.findFirst(ReferencePipeline.java:647)
	at org.openqa.selenium.remote.ProtocolHandshake.createSession(ProtocolHandshake.java:128)
	at org.openqa.selenium.remote.ProtocolHandshake.createSession(ProtocolHandshake.java:74)
	at org.openqa.selenium.remote.HttpCommandExecutor.execute(HttpCommandExecutor.java:139)
	at org.openqa.selenium.remote.service.DriverCommandExecutor.execute(DriverCommandExecutor.java:83)
	at org.openqa.selenium.remote.RemoteWebDriver.execute(RemoteWebDriver.java:577)
	at org.openqa.selenium.remote.RemoteWebDriver.startSession(RemoteWebDriver.java:211)
	at org.openqa.selenium.remote.RemoteWebDriver.&lt;init&gt;(RemoteWebDriver.java:131)
	at org.openqa.selenium.chrome.ChromeDriver.&lt;init&gt;(ChromeDriver.java:189)
	at org.openqa.selenium.chrome.ChromeDriver.&lt;init&gt;(ChromeDriver.java:176)
	at org.openqa.selenium.chrome.ChromeDriver.&lt;init&gt;(ChromeDriver.java:131)
	at ai.gm.qa.base.TestBase.initialization(TestBase.java:47)
	at ai.gm.qa.testcases.GMLoginPageTest.Setup(GMLoginPageTest.java:34)
	at java.base/java.util.ArrayList.forEach(ArrayList.java:1511)
... Removed 36 stack frames</div></td></tr></table><p class="totop"><a href="#summary">back to summary</a></p>
<h3 id="m36">ai.gm.qa.testcases.GMLoginPageTest#validatedifferentcomapnycredential</h3><table class="result"><tr class="param"><th>Parameter #1</th><th>Parameter #2</th></tr><tr class="param stripe"><td>gm@gmail.com</td><td>gm@12345</td></tr><tr><th colspan="2">Exception</th></tr><tr><td colspan="2"><div class="stacktrace">org.openqa.selenium.SessionNotCreatedException: session not created: This version of ChromeDriver only supports Chrome version 94
Current browser version is 98.0.4758.102 with binary path C:\Program Files (x86)\Google\Chrome\Application\chrome.exe
Build info: version: &apos;4.0.0-alpha-1&apos;, revision: &apos;d1d3728cae&apos;, time: &apos;2019-04-24T13:42:21&apos;
System info: host: &apos;DESKTOP-A49J3A9&apos;, ip: &apos;192.168.242.159&apos;, os.name: &apos;Windows 10&apos;, os.arch: &apos;amd64&apos;, os.version: &apos;10.0&apos;, java.version: &apos;16.0.2&apos;
Driver info: driver.version: ChromeDriver
remote stacktrace: Backtrace:
	Ordinal0 [0x00D9BDE3+2473443]
	Ordinal0 [0x00D36661+2057825]
	Ordinal0 [0x00C42438+1057848]
	Ordinal0 [0x00C6054A+1181002]
	Ordinal0 [0x00C5C435+1164341]
	Ordinal0 [0x00C59CAF+1154223]
	Ordinal0 [0x00C89ADF+1350367]
	Ordinal0 [0x00C8974A+1349450]
	Ordinal0 [0x00C855AB+1332651]
	Ordinal0 [0x00C62104+1188100]
	Ordinal0 [0x00C62F59+1191769]
	GetHandleVerifier [0x00F22266+1549718]
	GetHandleVerifier [0x00FCD4A7+2250711]
	GetHandleVerifier [0x00E2718B+521403]
	GetHandleVerifier [0x00E26229+517465]
	Ordinal0 [0x00D3B79D+2078621]
	Ordinal0 [0x00D3FB58+2095960]
	Ordinal0 [0x00D3FC92+2096274]
	Ordinal0 [0x00D49541+2135361]
	BaseThreadInitThunk [0x7796FA29+25]
	RtlGetAppContainerNamedObjectPath [0x77D47A9E+286]
	RtlGetAppContainerNamedObjectPath [0x77D47A6E+238]

	at org.openqa.selenium.remote.W3CHandshakeResponse.lambda$errorHandler$0(W3CHandshakeResponse.java:62)
	at org.openqa.selenium.remote.HandshakeResponse.lambda$getResponseFunction$0(HandshakeResponse.java:30)
	at org.openqa.selenium.remote.ProtocolHandshake.lambda$createSession$0(ProtocolHandshake.java:126)
	at java.base/java.util.stream.ReferencePipeline$3$1.accept(ReferencePipeline.java:197)
	at java.base/java.util.Spliterators$ArraySpliterator.tryAdvance(Spliterators.java:958)
	at java.base/java.util.stream.ReferencePipeline.forEachWithCancel(ReferencePipeline.java:129)
	at java.base/java.util.stream.AbstractPipeline.copyIntoWithCancel(AbstractPipeline.java:502)
	at java.base/java.util.stream.AbstractPipeline.copyInto(AbstractPipeline.java:488)
	at java.base/java.util.stream.AbstractPipeline.wrapAndCopyInto(AbstractPipeline.java:474)
	at java.base/java.util.stream.FindOps$FindOp.evaluateSequential(FindOps.java:150)
	at java.base/java.util.stream.AbstractPipeline.evaluate(AbstractPipeline.java:234)
	at java.base/java.util.stream.ReferencePipeline.findFirst(ReferencePipeline.java:647)
	at org.openqa.selenium.remote.ProtocolHandshake.createSession(ProtocolHandshake.java:128)
	at org.openqa.selenium.remote.ProtocolHandshake.createSession(ProtocolHandshake.java:74)
	at org.openqa.selenium.remote.HttpCommandExecutor.execute(HttpCommandExecutor.java:139)
	at org.openqa.selenium.remote.service.DriverCommandExecutor.execute(DriverCommandExecutor.java:83)
	at org.openqa.selenium.remote.RemoteWebDriver.execute(RemoteWebDriver.java:577)
	at org.openqa.selenium.remote.RemoteWebDriver.startSession(RemoteWebDriver.java:211)
	at org.openqa.selenium.remote.RemoteWebDriver.&lt;init&gt;(RemoteWebDriver.java:131)
	at org.openqa.selenium.chrome.ChromeDriver.&lt;init&gt;(ChromeDriver.java:189)
	at org.openqa.selenium.chrome.ChromeDriver.&lt;init&gt;(ChromeDriver.java:176)
	at org.openqa.selenium.chrome.ChromeDriver.&lt;init&gt;(ChromeDriver.java:131)
	at ai.gm.qa.base.TestBase.initialization(TestBase.java:47)
	at ai.gm.qa.testcases.GMLoginPageTest.Setup(GMLoginPageTest.java:34)
	at java.base/java.util.ArrayList.forEach(ArrayList.java:1511)
... Removed 36 stack frames</div></td></tr></table><p class="totop"><a href="#summary">back to summary</a></p>
<h3 id="m37">ai.gm.qa.testcases.GMLoginPageTest#validatedifferentcomapnycredential</h3><table class="result"><tr class="param"><th>Parameter #1</th><th>Parameter #2</th></tr><tr class="param stripe"><td>gmuser@gmuser.com</td><td>gmuser@123</td></tr><tr><th colspan="2">Exception</th></tr><tr><td colspan="2"><div class="stacktrace">org.openqa.selenium.SessionNotCreatedException: session not created: This version of ChromeDriver only supports Chrome version 94
Current browser version is 98.0.4758.102 with binary path C:\Program Files (x86)\Google\Chrome\Application\chrome.exe
Build info: version: &apos;4.0.0-alpha-1&apos;, revision: &apos;d1d3728cae&apos;, time: &apos;2019-04-24T13:42:21&apos;
System info: host: &apos;DESKTOP-A49J3A9&apos;, ip: &apos;192.168.242.159&apos;, os.name: &apos;Windows 10&apos;, os.arch: &apos;amd64&apos;, os.version: &apos;10.0&apos;, java.version: &apos;16.0.2&apos;
Driver info: driver.version: ChromeDriver
remote stacktrace: Backtrace:
	Ordinal0 [0x00D9BDE3+2473443]
	Ordinal0 [0x00D36661+2057825]
	Ordinal0 [0x00C42438+1057848]
	Ordinal0 [0x00C6054A+1181002]
	Ordinal0 [0x00C5C435+1164341]
	Ordinal0 [0x00C59CAF+1154223]
	Ordinal0 [0x00C89ADF+1350367]
	Ordinal0 [0x00C8974A+1349450]
	Ordinal0 [0x00C855AB+1332651]
	Ordinal0 [0x00C62104+1188100]
	Ordinal0 [0x00C62F59+1191769]
	GetHandleVerifier [0x00F22266+1549718]
	GetHandleVerifier [0x00FCD4A7+2250711]
	GetHandleVerifier [0x00E2718B+521403]
	GetHandleVerifier [0x00E26229+517465]
	Ordinal0 [0x00D3B79D+2078621]
	Ordinal0 [0x00D3FB58+2095960]
	Ordinal0 [0x00D3FC92+2096274]
	Ordinal0 [0x00D49541+2135361]
	BaseThreadInitThunk [0x7796FA29+25]
	RtlGetAppContainerNamedObjectPath [0x77D47A9E+286]
	RtlGetAppContainerNamedObjectPath [0x77D47A6E+238]

	at org.openqa.selenium.remote.W3CHandshakeResponse.lambda$errorHandler$0(W3CHandshakeResponse.java:62)
	at org.openqa.selenium.remote.HandshakeResponse.lambda$getResponseFunction$0(HandshakeResponse.java:30)
	at org.openqa.selenium.remote.ProtocolHandshake.lambda$createSession$0(ProtocolHandshake.java:126)
	at java.base/java.util.stream.ReferencePipeline$3$1.accept(ReferencePipeline.java:197)
	at java.base/java.util.Spliterators$ArraySpliterator.tryAdvance(Spliterators.java:958)
	at java.base/java.util.stream.ReferencePipeline.forEachWithCancel(ReferencePipeline.java:129)
	at java.base/java.util.stream.AbstractPipeline.copyIntoWithCancel(AbstractPipeline.java:502)
	at java.base/java.util.stream.AbstractPipeline.copyInto(AbstractPipeline.java:488)
	at java.base/java.util.stream.AbstractPipeline.wrapAndCopyInto(AbstractPipeline.java:474)
	at java.base/java.util.stream.FindOps$FindOp.evaluateSequential(FindOps.java:150)
	at java.base/java.util.stream.AbstractPipeline.evaluate(AbstractPipeline.java:234)
	at java.base/java.util.stream.ReferencePipeline.findFirst(ReferencePipeline.java:647)
	at org.openqa.selenium.remote.ProtocolHandshake.createSession(ProtocolHandshake.java:128)
	at org.openqa.selenium.remote.ProtocolHandshake.createSession(ProtocolHandshake.java:74)
	at org.openqa.selenium.remote.HttpCommandExecutor.execute(HttpCommandExecutor.java:139)
	at org.openqa.selenium.remote.service.DriverCommandExecutor.execute(DriverCommandExecutor.java:83)
	at org.openqa.selenium.remote.RemoteWebDriver.execute(RemoteWebDriver.java:577)
	at org.openqa.selenium.remote.RemoteWebDriver.startSession(RemoteWebDriver.java:211)
	at org.openqa.selenium.remote.RemoteWebDriver.&lt;init&gt;(RemoteWebDriver.java:131)
	at org.openqa.selenium.chrome.ChromeDriver.&lt;init&gt;(ChromeDriver.java:189)
	at org.openqa.selenium.chrome.ChromeDriver.&lt;init&gt;(ChromeDriver.java:176)
	at org.openqa.selenium.chrome.ChromeDriver.&lt;init&gt;(ChromeDriver.java:131)
	at ai.gm.qa.base.TestBase.initialization(TestBase.java:47)
	at ai.gm.qa.testcases.GMLoginPageTest.Setup(GMLoginPageTest.java:34)
	at java.base/java.util.ArrayList.forEach(ArrayList.java:1511)
... Removed 36 stack frames</div></td></tr></table><p class="totop"><a href="#summary">back to summary</a></p>
<h3 id="m38">ai.gm.qa.testcases.GMLoginPageTest#validatedifferentcomapnycredential</h3><table class="result"><tr class="param"><th>Parameter #1</th><th>Parameter #2</th></tr><tr class="param stripe"><td>sujit@zolostays.com</td><td>sujit@123</td></tr><tr><th colspan="2">Exception</th></tr><tr><td colspan="2"><div class="stacktrace">org.openqa.selenium.SessionNotCreatedException: session not created: This version of ChromeDriver only supports Chrome version 94
Current browser version is 98.0.4758.102 with binary path C:\Program Files (x86)\Google\Chrome\Application\chrome.exe
Build info: version: &apos;4.0.0-alpha-1&apos;, revision: &apos;d1d3728cae&apos;, time: &apos;2019-04-24T13:42:21&apos;
System info: host: &apos;DESKTOP-A49J3A9&apos;, ip: &apos;192.168.242.159&apos;, os.name: &apos;Windows 10&apos;, os.arch: &apos;amd64&apos;, os.version: &apos;10.0&apos;, java.version: &apos;16.0.2&apos;
Driver info: driver.version: ChromeDriver
remote stacktrace: Backtrace:
	Ordinal0 [0x00D9BDE3+2473443]
	Ordinal0 [0x00D36661+2057825]
	Ordinal0 [0x00C42438+1057848]
	Ordinal0 [0x00C6054A+1181002]
	Ordinal0 [0x00C5C435+1164341]
	Ordinal0 [0x00C59CAF+1154223]
	Ordinal0 [0x00C89ADF+1350367]
	Ordinal0 [0x00C8974A+1349450]
	Ordinal0 [0x00C855AB+1332651]
	Ordinal0 [0x00C62104+1188100]
	Ordinal0 [0x00C62F59+1191769]
	GetHandleVerifier [0x00F22266+1549718]
	GetHandleVerifier [0x00FCD4A7+2250711]
	GetHandleVerifier [0x00E2718B+521403]
	GetHandleVerifier [0x00E26229+517465]
	Ordinal0 [0x00D3B79D+2078621]
	Ordinal0 [0x00D3FB58+2095960]
	Ordinal0 [0x00D3FC92+2096274]
	Ordinal0 [0x00D49541+2135361]
	BaseThreadInitThunk [0x7796FA29+25]
	RtlGetAppContainerNamedObjectPath [0x77D47A9E+286]
	RtlGetAppContainerNamedObjectPath [0x77D47A6E+238]

	at org.openqa.selenium.remote.W3CHandshakeResponse.lambda$errorHandler$0(W3CHandshakeResponse.java:62)
	at org.openqa.selenium.remote.HandshakeResponse.lambda$getResponseFunction$0(HandshakeResponse.java:30)
	at org.openqa.selenium.remote.ProtocolHandshake.lambda$createSession$0(ProtocolHandshake.java:126)
	at java.base/java.util.stream.ReferencePipeline$3$1.accept(ReferencePipeline.java:197)
	at java.base/java.util.Spliterators$ArraySpliterator.tryAdvance(Spliterators.java:958)
	at java.base/java.util.stream.ReferencePipeline.forEachWithCancel(ReferencePipeline.java:129)
	at java.base/java.util.stream.AbstractPipeline.copyIntoWithCancel(AbstractPipeline.java:502)
	at java.base/java.util.stream.AbstractPipeline.copyInto(AbstractPipeline.java:488)
	at java.base/java.util.stream.AbstractPipeline.wrapAndCopyInto(AbstractPipeline.java:474)
	at java.base/java.util.stream.FindOps$FindOp.evaluateSequential(FindOps.java:150)
	at java.base/java.util.stream.AbstractPipeline.evaluate(AbstractPipeline.java:234)
	at java.base/java.util.stream.ReferencePipeline.findFirst(ReferencePipeline.java:647)
	at org.openqa.selenium.remote.ProtocolHandshake.createSession(ProtocolHandshake.java:128)
	at org.openqa.selenium.remote.ProtocolHandshake.createSession(ProtocolHandshake.java:74)
	at org.openqa.selenium.remote.HttpCommandExecutor.execute(HttpCommandExecutor.java:139)
	at org.openqa.selenium.remote.service.DriverCommandExecutor.execute(DriverCommandExecutor.java:83)
	at org.openqa.selenium.remote.RemoteWebDriver.execute(RemoteWebDriver.java:577)
	at org.openqa.selenium.remote.RemoteWebDriver.startSession(RemoteWebDriver.java:211)
	at org.openqa.selenium.remote.RemoteWebDriver.&lt;init&gt;(RemoteWebDriver.java:131)
	at org.openqa.selenium.chrome.ChromeDriver.&lt;init&gt;(ChromeDriver.java:189)
	at org.openqa.selenium.chrome.ChromeDriver.&lt;init&gt;(ChromeDriver.java:176)
	at org.openqa.selenium.chrome.ChromeDriver.&lt;init&gt;(ChromeDriver.java:131)
	at ai.gm.qa.base.TestBase.initialization(TestBase.java:47)
	at ai.gm.qa.testcases.GMLoginPageTest.Setup(GMLoginPageTest.java:34)
	at java.base/java.util.ArrayList.forEach(ArrayList.java:1511)
... Removed 36 stack frames</div></td></tr></table><p class="totop"><a href="#summary">back to summary</a></p>
</body>
</html>
