<?xml version="1.0" encoding="UTF-8"?>
<testng-results ignored="0" total="13" passed="0" failed="0" skipped="13">
  <reporter-output>
  </reporter-output>
  <suite started-at="2022-02-22T17:03:42 IST" name="GOOD MEETINGS WEB APP REGRESSION Test" finished-at="2022-02-22T17:03:48 IST" duration-ms="5746">
    <groups>
    </groups>
    <test started-at="2022-02-22T17:03:42 IST" name="GOOD MEETINGS WEB APP REGRESSION Test Cases" finished-at="2022-02-22T17:03:48 IST" duration-ms="5746">
      <class name="ai.gm.qa.testcases.GMCreateMeetingPageTest">
        <test-method is-config="true" signature="Setup()[pri:0, instance:ai.gm.qa.testcases.GMCreateMeetingPageTest@201a4587]" started-at="2022-02-22T17:03:46 IST" name="Setup" finished-at="2022-02-22T17:03:48 IST" duration-ms="1834" status="FAIL">
          <exception class="org.openqa.selenium.SessionNotCreatedException">
            <message>
              <![CDATA[session not created: This version of ChromeDriver only supports Chrome version 94
Current browser version is 98.0.4758.102 with binary path C:\Program Files (x86)\Google\Chrome\Application\chrome.exe
Build info: version: '4.0.0-alpha-1', revision: 'd1d3728cae', time: '2019-04-24T13:42:21'
System info: host: 'DESKTOP-A49J3A9', ip: '192.168.242.159', os.name: 'Windows 10', os.arch: 'amd64', os.version: '10.0', java.version: '16.0.2'
Driver info: driver.version: ChromeDriver
remote stacktrace: Backtrace:
Ordinal0 [0x00D9BDE3+2473443]
Ordinal0 [0x00D36661+2057825]
Ordinal0 [0x00C42438+1057848]
Ordinal0 [0x00C6054A+1181002]
Ordinal0 [0x00C5C435+1164341]
Ordinal0 [0x00C59CAF+1154223]
Ordinal0 [0x00C89ADF+1350367]
Ordinal0 [0x00C8974A+1349450]
Ordinal0 [0x00C855AB+1332651]
Ordinal0 [0x00C62104+1188100]
Ordinal0 [0x00C62F59+1191769]
GetHandleVerifier [0x00F22266+1549718]
GetHandleVerifier [0x00FCD4A7+2250711]
GetHandleVerifier [0x00E2718B+521403]
GetHandleVerifier [0x00E26229+517465]
Ordinal0 [0x00D3B79D+2078621]
Ordinal0 [0x00D3FB58+2095960]
Ordinal0 [0x00D3FC92+2096274]
Ordinal0 [0x00D49541+2135361]
BaseThreadInitThunk [0x7796FA29+25]
RtlGetAppContainerNamedObjectPath [0x77D47A9E+286]
RtlGetAppContainerNamedObjectPath [0x77D47A6E+238]
]]>
            </message>
            <full-stacktrace>
              <![CDATA[org.openqa.selenium.SessionNotCreatedException: session not created: This version of ChromeDriver only supports Chrome version 94
Current browser version is 98.0.4758.102 with binary path C:\Program Files (x86)\Google\Chrome\Application\chrome.exe
Build info: version: '4.0.0-alpha-1', revision: 'd1d3728cae', time: '2019-04-24T13:42:21'
System info: host: 'DESKTOP-A49J3A9', ip: '192.168.242.159', os.name: 'Windows 10', os.arch: 'amd64', os.version: '10.0', java.version: '16.0.2'
Driver info: driver.version: ChromeDriver
remote stacktrace: Backtrace:
Ordinal0 [0x00D9BDE3+2473443]
Ordinal0 [0x00D36661+2057825]
Ordinal0 [0x00C42438+1057848]
Ordinal0 [0x00C6054A+1181002]
Ordinal0 [0x00C5C435+1164341]
Ordinal0 [0x00C59CAF+1154223]
Ordinal0 [0x00C89ADF+1350367]
Ordinal0 [0x00C8974A+1349450]
Ordinal0 [0x00C855AB+1332651]
Ordinal0 [0x00C62104+1188100]
Ordinal0 [0x00C62F59+1191769]
GetHandleVerifier [0x00F22266+1549718]
GetHandleVerifier [0x00FCD4A7+2250711]
GetHandleVerifier [0x00E2718B+521403]
GetHandleVerifier [0x00E26229+517465]
Ordinal0 [0x00D3B79D+2078621]
Ordinal0 [0x00D3FB58+2095960]
Ordinal0 [0x00D3FC92+2096274]
Ordinal0 [0x00D49541+2135361]
BaseThreadInitThunk [0x7796FA29+25]
RtlGetAppContainerNamedObjectPath [0x77D47A9E+286]
RtlGetAppContainerNamedObjectPath [0x77D47A6E+238]

at java.base/jdk.internal.reflect.NativeConstructorAccessorImpl.newInstance0(Native Method)
at java.base/jdk.internal.reflect.NativeConstructorAccessorImpl.newInstance(NativeConstructorAccessorImpl.java:78)
at java.base/jdk.internal.reflect.DelegatingConstructorAccessorImpl.newInstance(DelegatingConstructorAccessorImpl.java:45)
at java.base/java.lang.reflect.Constructor.newInstanceWithCaller(Constructor.java:499)
at java.base/java.lang.reflect.Constructor.newInstance(Constructor.java:480)
at org.openqa.selenium.remote.W3CHandshakeResponse.lambda$errorHandler$0(W3CHandshakeResponse.java:62)
at org.openqa.selenium.remote.HandshakeResponse.lambda$getResponseFunction$0(HandshakeResponse.java:30)
at org.openqa.selenium.remote.ProtocolHandshake.lambda$createSession$0(ProtocolHandshake.java:126)
at java.base/java.util.stream.ReferencePipeline$3$1.accept(ReferencePipeline.java:197)
at java.base/java.util.Spliterators$ArraySpliterator.tryAdvance(Spliterators.java:958)
at java.base/java.util.stream.ReferencePipeline.forEachWithCancel(ReferencePipeline.java:129)
at java.base/java.util.stream.AbstractPipeline.copyIntoWithCancel(AbstractPipeline.java:502)
at java.base/java.util.stream.AbstractPipeline.copyInto(AbstractPipeline.java:488)
at java.base/java.util.stream.AbstractPipeline.wrapAndCopyInto(AbstractPipeline.java:474)
at java.base/java.util.stream.FindOps$FindOp.evaluateSequential(FindOps.java:150)
at java.base/java.util.stream.AbstractPipeline.evaluate(AbstractPipeline.java:234)
at java.base/java.util.stream.ReferencePipeline.findFirst(ReferencePipeline.java:647)
at org.openqa.selenium.remote.ProtocolHandshake.createSession(ProtocolHandshake.java:128)
at org.openqa.selenium.remote.ProtocolHandshake.createSession(ProtocolHandshake.java:74)
at org.openqa.selenium.remote.HttpCommandExecutor.execute(HttpCommandExecutor.java:139)
at org.openqa.selenium.remote.service.DriverCommandExecutor.execute(DriverCommandExecutor.java:83)
at org.openqa.selenium.remote.RemoteWebDriver.execute(RemoteWebDriver.java:577)
at org.openqa.selenium.remote.RemoteWebDriver.startSession(RemoteWebDriver.java:211)
at org.openqa.selenium.remote.RemoteWebDriver.<init>(RemoteWebDriver.java:131)
at org.openqa.selenium.chrome.ChromeDriver.<init>(ChromeDriver.java:189)
at org.openqa.selenium.chrome.ChromeDriver.<init>(ChromeDriver.java:176)
at org.openqa.selenium.chrome.ChromeDriver.<init>(ChromeDriver.java:131)
at ai.gm.qa.base.TestBase.initialization(TestBase.java:47)
at ai.gm.qa.testcases.GMCreateMeetingPageTest.Setup(GMCreateMeetingPageTest.java:30)
at java.base/jdk.internal.reflect.NativeMethodAccessorImpl.invoke0(Native Method)
at java.base/jdk.internal.reflect.NativeMethodAccessorImpl.invoke(NativeMethodAccessorImpl.java:78)
at java.base/jdk.internal.reflect.DelegatingMethodAccessorImpl.invoke(DelegatingMethodAccessorImpl.java:43)
at java.base/java.lang.reflect.Method.invoke(Method.java:567)
at org.testng.internal.MethodInvocationHelper.invokeMethod(MethodInvocationHelper.java:133)
at org.testng.internal.MethodInvocationHelper.invokeMethodConsideringTimeout(MethodInvocationHelper.java:62)
at org.testng.internal.ConfigInvoker.invokeConfigurationMethod(ConfigInvoker.java:385)
at org.testng.internal.ConfigInvoker.invokeConfigurations(ConfigInvoker.java:321)
at org.testng.internal.TestInvoker.runConfigMethods(TestInvoker.java:700)
at org.testng.internal.TestInvoker.invokeMethod(TestInvoker.java:527)
at org.testng.internal.TestInvoker.invokeTestMethod(TestInvoker.java:173)
at org.testng.internal.MethodRunner.runInSequence(MethodRunner.java:46)
at org.testng.internal.TestInvoker$MethodInvocationAgent.invoke(TestInvoker.java:824)
at org.testng.internal.TestInvoker.invokeTestMethods(TestInvoker.java:146)
at org.testng.internal.TestMethodWorker.invokeTestMethods(TestMethodWorker.java:146)
at org.testng.internal.TestMethodWorker.run(TestMethodWorker.java:128)
at java.base/java.util.ArrayList.forEach(ArrayList.java:1511)
at org.testng.TestRunner.privateRun(TestRunner.java:794)
at org.testng.TestRunner.run(TestRunner.java:596)
at org.testng.SuiteRunner.runTest(SuiteRunner.java:377)
at org.testng.SuiteRunner.runSequentially(SuiteRunner.java:371)
at org.testng.SuiteRunner.privateRun(SuiteRunner.java:332)
at org.testng.SuiteRunner.run(SuiteRunner.java:276)
at org.testng.SuiteRunnerWorker.runSuite(SuiteRunnerWorker.java:53)
at org.testng.SuiteRunnerWorker.run(SuiteRunnerWorker.java:96)
at org.testng.TestNG.runSuitesSequentially(TestNG.java:1212)
at org.testng.TestNG.runSuitesLocally(TestNG.java:1134)
at org.testng.TestNG.runSuites(TestNG.java:1063)
at org.testng.TestNG.run(TestNG.java:1031)
at org.testng.remote.AbstractRemoteTestNG.run(AbstractRemoteTestNG.java:115)
at org.testng.remote.RemoteTestNG.initAndRun(RemoteTestNG.java:251)
at org.testng.remote.RemoteTestNG.main(RemoteTestNG.java:77)
]]>
            </full-stacktrace>
          </exception> <!-- org.openqa.selenium.SessionNotCreatedException -->
          <reporter-output>
          </reporter-output>
        </test-method> <!-- Setup -->
        <test-method signature="verifyCreateMeetingspageTitle()[pri:1, instance:ai.gm.qa.testcases.GMCreateMeetingPageTest@201a4587]" started-at="2022-02-22T17:03:48 IST" name="verifyCreateMeetingspageTitle" finished-at="2022-02-22T17:03:48 IST" duration-ms="0" status="SKIP">
          <exception class="org.openqa.selenium.SessionNotCreatedException">
            <message>
              <![CDATA[session not created: This version of ChromeDriver only supports Chrome version 94
Current browser version is 98.0.4758.102 with binary path C:\Program Files (x86)\Google\Chrome\Application\chrome.exe
Build info: version: '4.0.0-alpha-1', revision: 'd1d3728cae', time: '2019-04-24T13:42:21'
System info: host: 'DESKTOP-A49J3A9', ip: '192.168.242.159', os.name: 'Windows 10', os.arch: 'amd64', os.version: '10.0', java.version: '16.0.2'
Driver info: driver.version: ChromeDriver
remote stacktrace: Backtrace:
Ordinal0 [0x00D9BDE3+2473443]
Ordinal0 [0x00D36661+2057825]
Ordinal0 [0x00C42438+1057848]
Ordinal0 [0x00C6054A+1181002]
Ordinal0 [0x00C5C435+1164341]
Ordinal0 [0x00C59CAF+1154223]
Ordinal0 [0x00C89ADF+1350367]
Ordinal0 [0x00C8974A+1349450]
Ordinal0 [0x00C855AB+1332651]
Ordinal0 [0x00C62104+1188100]
Ordinal0 [0x00C62F59+1191769]
GetHandleVerifier [0x00F22266+1549718]
GetHandleVerifier [0x00FCD4A7+2250711]
GetHandleVerifier [0x00E2718B+521403]
GetHandleVerifier [0x00E26229+517465]
Ordinal0 [0x00D3B79D+2078621]
Ordinal0 [0x00D3FB58+2095960]
Ordinal0 [0x00D3FC92+2096274]
Ordinal0 [0x00D49541+2135361]
BaseThreadInitThunk [0x7796FA29+25]
RtlGetAppContainerNamedObjectPath [0x77D47A9E+286]
RtlGetAppContainerNamedObjectPath [0x77D47A6E+238]
]]>
            </message>
            <full-stacktrace>
              <![CDATA[org.openqa.selenium.SessionNotCreatedException: session not created: This version of ChromeDriver only supports Chrome version 94
Current browser version is 98.0.4758.102 with binary path C:\Program Files (x86)\Google\Chrome\Application\chrome.exe
Build info: version: '4.0.0-alpha-1', revision: 'd1d3728cae', time: '2019-04-24T13:42:21'
System info: host: 'DESKTOP-A49J3A9', ip: '192.168.242.159', os.name: 'Windows 10', os.arch: 'amd64', os.version: '10.0', java.version: '16.0.2'
Driver info: driver.version: ChromeDriver
remote stacktrace: Backtrace:
Ordinal0 [0x00D9BDE3+2473443]
Ordinal0 [0x00D36661+2057825]
Ordinal0 [0x00C42438+1057848]
Ordinal0 [0x00C6054A+1181002]
Ordinal0 [0x00C5C435+1164341]
Ordinal0 [0x00C59CAF+1154223]
Ordinal0 [0x00C89ADF+1350367]
Ordinal0 [0x00C8974A+1349450]
Ordinal0 [0x00C855AB+1332651]
Ordinal0 [0x00C62104+1188100]
Ordinal0 [0x00C62F59+1191769]
GetHandleVerifier [0x00F22266+1549718]
GetHandleVerifier [0x00FCD4A7+2250711]
GetHandleVerifier [0x00E2718B+521403]
GetHandleVerifier [0x00E26229+517465]
Ordinal0 [0x00D3B79D+2078621]
Ordinal0 [0x00D3FB58+2095960]
Ordinal0 [0x00D3FC92+2096274]
Ordinal0 [0x00D49541+2135361]
BaseThreadInitThunk [0x7796FA29+25]
RtlGetAppContainerNamedObjectPath [0x77D47A9E+286]
RtlGetAppContainerNamedObjectPath [0x77D47A6E+238]

at java.base/jdk.internal.reflect.NativeConstructorAccessorImpl.newInstance0(Native Method)
at java.base/jdk.internal.reflect.NativeConstructorAccessorImpl.newInstance(NativeConstructorAccessorImpl.java:78)
at java.base/jdk.internal.reflect.DelegatingConstructorAccessorImpl.newInstance(DelegatingConstructorAccessorImpl.java:45)
at java.base/java.lang.reflect.Constructor.newInstanceWithCaller(Constructor.java:499)
at java.base/java.lang.reflect.Constructor.newInstance(Constructor.java:480)
at org.openqa.selenium.remote.W3CHandshakeResponse.lambda$errorHandler$0(W3CHandshakeResponse.java:62)
at org.openqa.selenium.remote.HandshakeResponse.lambda$getResponseFunction$0(HandshakeResponse.java:30)
at org.openqa.selenium.remote.ProtocolHandshake.lambda$createSession$0(ProtocolHandshake.java:126)
at java.base/java.util.stream.ReferencePipeline$3$1.accept(ReferencePipeline.java:197)
at java.base/java.util.Spliterators$ArraySpliterator.tryAdvance(Spliterators.java:958)
at java.base/java.util.stream.ReferencePipeline.forEachWithCancel(ReferencePipeline.java:129)
at java.base/java.util.stream.AbstractPipeline.copyIntoWithCancel(AbstractPipeline.java:502)
at java.base/java.util.stream.AbstractPipeline.copyInto(AbstractPipeline.java:488)
at java.base/java.util.stream.AbstractPipeline.wrapAndCopyInto(AbstractPipeline.java:474)
at java.base/java.util.stream.FindOps$FindOp.evaluateSequential(FindOps.java:150)
at java.base/java.util.stream.AbstractPipeline.evaluate(AbstractPipeline.java:234)
at java.base/java.util.stream.ReferencePipeline.findFirst(ReferencePipeline.java:647)
at org.openqa.selenium.remote.ProtocolHandshake.createSession(ProtocolHandshake.java:128)
at org.openqa.selenium.remote.ProtocolHandshake.createSession(ProtocolHandshake.java:74)
at org.openqa.selenium.remote.HttpCommandExecutor.execute(HttpCommandExecutor.java:139)
at org.openqa.selenium.remote.service.DriverCommandExecutor.execute(DriverCommandExecutor.java:83)
at org.openqa.selenium.remote.RemoteWebDriver.execute(RemoteWebDriver.java:577)
at org.openqa.selenium.remote.RemoteWebDriver.startSession(RemoteWebDriver.java:211)
at org.openqa.selenium.remote.RemoteWebDriver.<init>(RemoteWebDriver.java:131)
at org.openqa.selenium.chrome.ChromeDriver.<init>(ChromeDriver.java:189)
at org.openqa.selenium.chrome.ChromeDriver.<init>(ChromeDriver.java:176)
at org.openqa.selenium.chrome.ChromeDriver.<init>(ChromeDriver.java:131)
at ai.gm.qa.base.TestBase.initialization(TestBase.java:47)
at ai.gm.qa.testcases.GMCreateMeetingPageTest.Setup(GMCreateMeetingPageTest.java:30)
at java.base/jdk.internal.reflect.NativeMethodAccessorImpl.invoke0(Native Method)
at java.base/jdk.internal.reflect.NativeMethodAccessorImpl.invoke(NativeMethodAccessorImpl.java:78)
at java.base/jdk.internal.reflect.DelegatingMethodAccessorImpl.invoke(DelegatingMethodAccessorImpl.java:43)
at java.base/java.lang.reflect.Method.invoke(Method.java:567)
at org.testng.internal.MethodInvocationHelper.invokeMethod(MethodInvocationHelper.java:133)
at org.testng.internal.MethodInvocationHelper.invokeMethodConsideringTimeout(MethodInvocationHelper.java:62)
at org.testng.internal.ConfigInvoker.invokeConfigurationMethod(ConfigInvoker.java:385)
at org.testng.internal.ConfigInvoker.invokeConfigurations(ConfigInvoker.java:321)
at org.testng.internal.TestInvoker.runConfigMethods(TestInvoker.java:700)
at org.testng.internal.TestInvoker.invokeMethod(TestInvoker.java:527)
at org.testng.internal.TestInvoker.invokeTestMethod(TestInvoker.java:173)
at org.testng.internal.MethodRunner.runInSequence(MethodRunner.java:46)
at org.testng.internal.TestInvoker$MethodInvocationAgent.invoke(TestInvoker.java:824)
at org.testng.internal.TestInvoker.invokeTestMethods(TestInvoker.java:146)
at org.testng.internal.TestMethodWorker.invokeTestMethods(TestMethodWorker.java:146)
at org.testng.internal.TestMethodWorker.run(TestMethodWorker.java:128)
at java.base/java.util.ArrayList.forEach(ArrayList.java:1511)
at org.testng.TestRunner.privateRun(TestRunner.java:794)
at org.testng.TestRunner.run(TestRunner.java:596)
at org.testng.SuiteRunner.runTest(SuiteRunner.java:377)
at org.testng.SuiteRunner.runSequentially(SuiteRunner.java:371)
at org.testng.SuiteRunner.privateRun(SuiteRunner.java:332)
at org.testng.SuiteRunner.run(SuiteRunner.java:276)
at org.testng.SuiteRunnerWorker.runSuite(SuiteRunnerWorker.java:53)
at org.testng.SuiteRunnerWorker.run(SuiteRunnerWorker.java:96)
at org.testng.TestNG.runSuitesSequentially(TestNG.java:1212)
at org.testng.TestNG.runSuitesLocally(TestNG.java:1134)
at org.testng.TestNG.runSuites(TestNG.java:1063)
at org.testng.TestNG.run(TestNG.java:1031)
at org.testng.remote.AbstractRemoteTestNG.run(AbstractRemoteTestNG.java:115)
at org.testng.remote.RemoteTestNG.initAndRun(RemoteTestNG.java:251)
at org.testng.remote.RemoteTestNG.main(RemoteTestNG.java:77)
]]>
            </full-stacktrace>
          </exception> <!-- org.openqa.selenium.SessionNotCreatedException -->
          <reporter-output>
          </reporter-output>
        </test-method> <!-- verifyCreateMeetingspageTitle -->
        <test-method is-config="true" signature="tearDown()[pri:0, instance:ai.gm.qa.testcases.GMCreateMeetingPageTest@201a4587]" started-at="2022-02-22T17:03:48 IST" name="tearDown" finished-at="1970-01-01T05:30:00 IST" duration-ms="-1645529628622" status="SKIP">
          <reporter-output>
          </reporter-output>
        </test-method> <!-- tearDown -->
        <test-method is-config="true" signature="Setup()[pri:0, instance:ai.gm.qa.testcases.GMCreateMeetingPageTest@201a4587]" started-at="2022-02-22T17:03:48 IST" name="Setup" finished-at="1970-01-01T05:30:00 IST" duration-ms="-1645529628624" status="SKIP">
          <reporter-output>
          </reporter-output>
        </test-method> <!-- Setup -->
        <test-method signature="verifyGMLogoTest()[pri:2, instance:ai.gm.qa.testcases.GMCreateMeetingPageTest@201a4587]" started-at="2022-02-22T17:03:48 IST" name="verifyGMLogoTest" finished-at="2022-02-22T17:03:48 IST" duration-ms="0" status="SKIP">
          <exception class="org.openqa.selenium.SessionNotCreatedException">
            <message>
              <![CDATA[session not created: This version of ChromeDriver only supports Chrome version 94
Current browser version is 98.0.4758.102 with binary path C:\Program Files (x86)\Google\Chrome\Application\chrome.exe
Build info: version: '4.0.0-alpha-1', revision: 'd1d3728cae', time: '2019-04-24T13:42:21'
System info: host: 'DESKTOP-A49J3A9', ip: '192.168.242.159', os.name: 'Windows 10', os.arch: 'amd64', os.version: '10.0', java.version: '16.0.2'
Driver info: driver.version: ChromeDriver
remote stacktrace: Backtrace:
Ordinal0 [0x00D9BDE3+2473443]
Ordinal0 [0x00D36661+2057825]
Ordinal0 [0x00C42438+1057848]
Ordinal0 [0x00C6054A+1181002]
Ordinal0 [0x00C5C435+1164341]
Ordinal0 [0x00C59CAF+1154223]
Ordinal0 [0x00C89ADF+1350367]
Ordinal0 [0x00C8974A+1349450]
Ordinal0 [0x00C855AB+1332651]
Ordinal0 [0x00C62104+1188100]
Ordinal0 [0x00C62F59+1191769]
GetHandleVerifier [0x00F22266+1549718]
GetHandleVerifier [0x00FCD4A7+2250711]
GetHandleVerifier [0x00E2718B+521403]
GetHandleVerifier [0x00E26229+517465]
Ordinal0 [0x00D3B79D+2078621]
Ordinal0 [0x00D3FB58+2095960]
Ordinal0 [0x00D3FC92+2096274]
Ordinal0 [0x00D49541+2135361]
BaseThreadInitThunk [0x7796FA29+25]
RtlGetAppContainerNamedObjectPath [0x77D47A9E+286]
RtlGetAppContainerNamedObjectPath [0x77D47A6E+238]
]]>
            </message>
            <full-stacktrace>
              <![CDATA[org.openqa.selenium.SessionNotCreatedException: session not created: This version of ChromeDriver only supports Chrome version 94
Current browser version is 98.0.4758.102 with binary path C:\Program Files (x86)\Google\Chrome\Application\chrome.exe
Build info: version: '4.0.0-alpha-1', revision: 'd1d3728cae', time: '2019-04-24T13:42:21'
System info: host: 'DESKTOP-A49J3A9', ip: '192.168.242.159', os.name: 'Windows 10', os.arch: 'amd64', os.version: '10.0', java.version: '16.0.2'
Driver info: driver.version: ChromeDriver
remote stacktrace: Backtrace:
Ordinal0 [0x00D9BDE3+2473443]
Ordinal0 [0x00D36661+2057825]
Ordinal0 [0x00C42438+1057848]
Ordinal0 [0x00C6054A+1181002]
Ordinal0 [0x00C5C435+1164341]
Ordinal0 [0x00C59CAF+1154223]
Ordinal0 [0x00C89ADF+1350367]
Ordinal0 [0x00C8974A+1349450]
Ordinal0 [0x00C855AB+1332651]
Ordinal0 [0x00C62104+1188100]
Ordinal0 [0x00C62F59+1191769]
GetHandleVerifier [0x00F22266+1549718]
GetHandleVerifier [0x00FCD4A7+2250711]
GetHandleVerifier [0x00E2718B+521403]
GetHandleVerifier [0x00E26229+517465]
Ordinal0 [0x00D3B79D+2078621]
Ordinal0 [0x00D3FB58+2095960]
Ordinal0 [0x00D3FC92+2096274]
Ordinal0 [0x00D49541+2135361]
BaseThreadInitThunk [0x7796FA29+25]
RtlGetAppContainerNamedObjectPath [0x77D47A9E+286]
RtlGetAppContainerNamedObjectPath [0x77D47A6E+238]

at java.base/jdk.internal.reflect.NativeConstructorAccessorImpl.newInstance0(Native Method)
at java.base/jdk.internal.reflect.NativeConstructorAccessorImpl.newInstance(NativeConstructorAccessorImpl.java:78)
at java.base/jdk.internal.reflect.DelegatingConstructorAccessorImpl.newInstance(DelegatingConstructorAccessorImpl.java:45)
at java.base/java.lang.reflect.Constructor.newInstanceWithCaller(Constructor.java:499)
at java.base/java.lang.reflect.Constructor.newInstance(Constructor.java:480)
at org.openqa.selenium.remote.W3CHandshakeResponse.lambda$errorHandler$0(W3CHandshakeResponse.java:62)
at org.openqa.selenium.remote.HandshakeResponse.lambda$getResponseFunction$0(HandshakeResponse.java:30)
at org.openqa.selenium.remote.ProtocolHandshake.lambda$createSession$0(ProtocolHandshake.java:126)
at java.base/java.util.stream.ReferencePipeline$3$1.accept(ReferencePipeline.java:197)
at java.base/java.util.Spliterators$ArraySpliterator.tryAdvance(Spliterators.java:958)
at java.base/java.util.stream.ReferencePipeline.forEachWithCancel(ReferencePipeline.java:129)
at java.base/java.util.stream.AbstractPipeline.copyIntoWithCancel(AbstractPipeline.java:502)
at java.base/java.util.stream.AbstractPipeline.copyInto(AbstractPipeline.java:488)
at java.base/java.util.stream.AbstractPipeline.wrapAndCopyInto(AbstractPipeline.java:474)
at java.base/java.util.stream.FindOps$FindOp.evaluateSequential(FindOps.java:150)
at java.base/java.util.stream.AbstractPipeline.evaluate(AbstractPipeline.java:234)
at java.base/java.util.stream.ReferencePipeline.findFirst(ReferencePipeline.java:647)
at org.openqa.selenium.remote.ProtocolHandshake.createSession(ProtocolHandshake.java:128)
at org.openqa.selenium.remote.ProtocolHandshake.createSession(ProtocolHandshake.java:74)
at org.openqa.selenium.remote.HttpCommandExecutor.execute(HttpCommandExecutor.java:139)
at org.openqa.selenium.remote.service.DriverCommandExecutor.execute(DriverCommandExecutor.java:83)
at org.openqa.selenium.remote.RemoteWebDriver.execute(RemoteWebDriver.java:577)
at org.openqa.selenium.remote.RemoteWebDriver.startSession(RemoteWebDriver.java:211)
at org.openqa.selenium.remote.RemoteWebDriver.<init>(RemoteWebDriver.java:131)
at org.openqa.selenium.chrome.ChromeDriver.<init>(ChromeDriver.java:189)
at org.openqa.selenium.chrome.ChromeDriver.<init>(ChromeDriver.java:176)
at org.openqa.selenium.chrome.ChromeDriver.<init>(ChromeDriver.java:131)
at ai.gm.qa.base.TestBase.initialization(TestBase.java:47)
at ai.gm.qa.testcases.GMCreateMeetingPageTest.Setup(GMCreateMeetingPageTest.java:30)
at java.base/jdk.internal.reflect.NativeMethodAccessorImpl.invoke0(Native Method)
at java.base/jdk.internal.reflect.NativeMethodAccessorImpl.invoke(NativeMethodAccessorImpl.java:78)
at java.base/jdk.internal.reflect.DelegatingMethodAccessorImpl.invoke(DelegatingMethodAccessorImpl.java:43)
at java.base/java.lang.reflect.Method.invoke(Method.java:567)
at org.testng.internal.MethodInvocationHelper.invokeMethod(MethodInvocationHelper.java:133)
at org.testng.internal.MethodInvocationHelper.invokeMethodConsideringTimeout(MethodInvocationHelper.java:62)
at org.testng.internal.ConfigInvoker.invokeConfigurationMethod(ConfigInvoker.java:385)
at org.testng.internal.ConfigInvoker.invokeConfigurations(ConfigInvoker.java:321)
at org.testng.internal.TestInvoker.runConfigMethods(TestInvoker.java:700)
at org.testng.internal.TestInvoker.invokeMethod(TestInvoker.java:527)
at org.testng.internal.TestInvoker.invokeTestMethod(TestInvoker.java:173)
at org.testng.internal.MethodRunner.runInSequence(MethodRunner.java:46)
at org.testng.internal.TestInvoker$MethodInvocationAgent.invoke(TestInvoker.java:824)
at org.testng.internal.TestInvoker.invokeTestMethods(TestInvoker.java:146)
at org.testng.internal.TestMethodWorker.invokeTestMethods(TestMethodWorker.java:146)
at org.testng.internal.TestMethodWorker.run(TestMethodWorker.java:128)
at java.base/java.util.ArrayList.forEach(ArrayList.java:1511)
at org.testng.TestRunner.privateRun(TestRunner.java:794)
at org.testng.TestRunner.run(TestRunner.java:596)
at org.testng.SuiteRunner.runTest(SuiteRunner.java:377)
at org.testng.SuiteRunner.runSequentially(SuiteRunner.java:371)
at org.testng.SuiteRunner.privateRun(SuiteRunner.java:332)
at org.testng.SuiteRunner.run(SuiteRunner.java:276)
at org.testng.SuiteRunnerWorker.runSuite(SuiteRunnerWorker.java:53)
at org.testng.SuiteRunnerWorker.run(SuiteRunnerWorker.java:96)
at org.testng.TestNG.runSuitesSequentially(TestNG.java:1212)
at org.testng.TestNG.runSuitesLocally(TestNG.java:1134)
at org.testng.TestNG.runSuites(TestNG.java:1063)
at org.testng.TestNG.run(TestNG.java:1031)
at org.testng.remote.AbstractRemoteTestNG.run(AbstractRemoteTestNG.java:115)
at org.testng.remote.RemoteTestNG.initAndRun(RemoteTestNG.java:251)
at org.testng.remote.RemoteTestNG.main(RemoteTestNG.java:77)
]]>
            </full-stacktrace>
          </exception> <!-- org.openqa.selenium.SessionNotCreatedException -->
          <reporter-output>
          </reporter-output>
        </test-method> <!-- verifyGMLogoTest -->
        <test-method is-config="true" signature="tearDown()[pri:0, instance:ai.gm.qa.testcases.GMCreateMeetingPageTest@201a4587]" started-at="2022-02-22T17:03:48 IST" name="tearDown" finished-at="1970-01-01T05:30:00 IST" duration-ms="-1645529628636" status="SKIP">
          <reporter-output>
          </reporter-output>
        </test-method> <!-- tearDown -->
        <test-method is-config="true" signature="Setup()[pri:0, instance:ai.gm.qa.testcases.GMCreateMeetingPageTest@201a4587]" started-at="2022-02-22T17:03:48 IST" name="Setup" finished-at="1970-01-01T05:30:00 IST" duration-ms="-1645529628640" status="SKIP">
          <reporter-output>
          </reporter-output>
        </test-method> <!-- Setup -->
        <test-method signature="verifyLogoutLinkTest()[pri:3, instance:ai.gm.qa.testcases.GMCreateMeetingPageTest@201a4587]" started-at="2022-02-22T17:03:48 IST" name="verifyLogoutLinkTest" finished-at="2022-02-22T17:03:48 IST" duration-ms="0" status="SKIP">
          <exception class="org.openqa.selenium.SessionNotCreatedException">
            <message>
              <![CDATA[session not created: This version of ChromeDriver only supports Chrome version 94
Current browser version is 98.0.4758.102 with binary path C:\Program Files (x86)\Google\Chrome\Application\chrome.exe
Build info: version: '4.0.0-alpha-1', revision: 'd1d3728cae', time: '2019-04-24T13:42:21'
System info: host: 'DESKTOP-A49J3A9', ip: '192.168.242.159', os.name: 'Windows 10', os.arch: 'amd64', os.version: '10.0', java.version: '16.0.2'
Driver info: driver.version: ChromeDriver
remote stacktrace: Backtrace:
Ordinal0 [0x00D9BDE3+2473443]
Ordinal0 [0x00D36661+2057825]
Ordinal0 [0x00C42438+1057848]
Ordinal0 [0x00C6054A+1181002]
Ordinal0 [0x00C5C435+1164341]
Ordinal0 [0x00C59CAF+1154223]
Ordinal0 [0x00C89ADF+1350367]
Ordinal0 [0x00C8974A+1349450]
Ordinal0 [0x00C855AB+1332651]
Ordinal0 [0x00C62104+1188100]
Ordinal0 [0x00C62F59+1191769]
GetHandleVerifier [0x00F22266+1549718]
GetHandleVerifier [0x00FCD4A7+2250711]
GetHandleVerifier [0x00E2718B+521403]
GetHandleVerifier [0x00E26229+517465]
Ordinal0 [0x00D3B79D+2078621]
Ordinal0 [0x00D3FB58+2095960]
Ordinal0 [0x00D3FC92+2096274]
Ordinal0 [0x00D49541+2135361]
BaseThreadInitThunk [0x7796FA29+25]
RtlGetAppContainerNamedObjectPath [0x77D47A9E+286]
RtlGetAppContainerNamedObjectPath [0x77D47A6E+238]
]]>
            </message>
            <full-stacktrace>
              <![CDATA[org.openqa.selenium.SessionNotCreatedException: session not created: This version of ChromeDriver only supports Chrome version 94
Current browser version is 98.0.4758.102 with binary path C:\Program Files (x86)\Google\Chrome\Application\chrome.exe
Build info: version: '4.0.0-alpha-1', revision: 'd1d3728cae', time: '2019-04-24T13:42:21'
System info: host: 'DESKTOP-A49J3A9', ip: '192.168.242.159', os.name: 'Windows 10', os.arch: 'amd64', os.version: '10.0', java.version: '16.0.2'
Driver info: driver.version: ChromeDriver
remote stacktrace: Backtrace:
Ordinal0 [0x00D9BDE3+2473443]
Ordinal0 [0x00D36661+2057825]
Ordinal0 [0x00C42438+1057848]
Ordinal0 [0x00C6054A+1181002]
Ordinal0 [0x00C5C435+1164341]
Ordinal0 [0x00C59CAF+1154223]
Ordinal0 [0x00C89ADF+1350367]
Ordinal0 [0x00C8974A+1349450]
Ordinal0 [0x00C855AB+1332651]
Ordinal0 [0x00C62104+1188100]
Ordinal0 [0x00C62F59+1191769]
GetHandleVerifier [0x00F22266+1549718]
GetHandleVerifier [0x00FCD4A7+2250711]
GetHandleVerifier [0x00E2718B+521403]
GetHandleVerifier [0x00E26229+517465]
Ordinal0 [0x00D3B79D+2078621]
Ordinal0 [0x00D3FB58+2095960]
Ordinal0 [0x00D3FC92+2096274]
Ordinal0 [0x00D49541+2135361]
BaseThreadInitThunk [0x7796FA29+25]
RtlGetAppContainerNamedObjectPath [0x77D47A9E+286]
RtlGetAppContainerNamedObjectPath [0x77D47A6E+238]

at java.base/jdk.internal.reflect.NativeConstructorAccessorImpl.newInstance0(Native Method)
at java.base/jdk.internal.reflect.NativeConstructorAccessorImpl.newInstance(NativeConstructorAccessorImpl.java:78)
at java.base/jdk.internal.reflect.DelegatingConstructorAccessorImpl.newInstance(DelegatingConstructorAccessorImpl.java:45)
at java.base/java.lang.reflect.Constructor.newInstanceWithCaller(Constructor.java:499)
at java.base/java.lang.reflect.Constructor.newInstance(Constructor.java:480)
at org.openqa.selenium.remote.W3CHandshakeResponse.lambda$errorHandler$0(W3CHandshakeResponse.java:62)
at org.openqa.selenium.remote.HandshakeResponse.lambda$getResponseFunction$0(HandshakeResponse.java:30)
at org.openqa.selenium.remote.ProtocolHandshake.lambda$createSession$0(ProtocolHandshake.java:126)
at java.base/java.util.stream.ReferencePipeline$3$1.accept(ReferencePipeline.java:197)
at java.base/java.util.Spliterators$ArraySpliterator.tryAdvance(Spliterators.java:958)
at java.base/java.util.stream.ReferencePipeline.forEachWithCancel(ReferencePipeline.java:129)
at java.base/java.util.stream.AbstractPipeline.copyIntoWithCancel(AbstractPipeline.java:502)
at java.base/java.util.stream.AbstractPipeline.copyInto(AbstractPipeline.java:488)
at java.base/java.util.stream.AbstractPipeline.wrapAndCopyInto(AbstractPipeline.java:474)
at java.base/java.util.stream.FindOps$FindOp.evaluateSequential(FindOps.java:150)
at java.base/java.util.stream.AbstractPipeline.evaluate(AbstractPipeline.java:234)
at java.base/java.util.stream.ReferencePipeline.findFirst(ReferencePipeline.java:647)
at org.openqa.selenium.remote.ProtocolHandshake.createSession(ProtocolHandshake.java:128)
at org.openqa.selenium.remote.ProtocolHandshake.createSession(ProtocolHandshake.java:74)
at org.openqa.selenium.remote.HttpCommandExecutor.execute(HttpCommandExecutor.java:139)
at org.openqa.selenium.remote.service.DriverCommandExecutor.execute(DriverCommandExecutor.java:83)
at org.openqa.selenium.remote.RemoteWebDriver.execute(RemoteWebDriver.java:577)
at org.openqa.selenium.remote.RemoteWebDriver.startSession(RemoteWebDriver.java:211)
at org.openqa.selenium.remote.RemoteWebDriver.<init>(RemoteWebDriver.java:131)
at org.openqa.selenium.chrome.ChromeDriver.<init>(ChromeDriver.java:189)
at org.openqa.selenium.chrome.ChromeDriver.<init>(ChromeDriver.java:176)
at org.openqa.selenium.chrome.ChromeDriver.<init>(ChromeDriver.java:131)
at ai.gm.qa.base.TestBase.initialization(TestBase.java:47)
at ai.gm.qa.testcases.GMCreateMeetingPageTest.Setup(GMCreateMeetingPageTest.java:30)
at java.base/jdk.internal.reflect.NativeMethodAccessorImpl.invoke0(Native Method)
at java.base/jdk.internal.reflect.NativeMethodAccessorImpl.invoke(NativeMethodAccessorImpl.java:78)
at java.base/jdk.internal.reflect.DelegatingMethodAccessorImpl.invoke(DelegatingMethodAccessorImpl.java:43)
at java.base/java.lang.reflect.Method.invoke(Method.java:567)
at org.testng.internal.MethodInvocationHelper.invokeMethod(MethodInvocationHelper.java:133)
at org.testng.internal.MethodInvocationHelper.invokeMethodConsideringTimeout(MethodInvocationHelper.java:62)
at org.testng.internal.ConfigInvoker.invokeConfigurationMethod(ConfigInvoker.java:385)
at org.testng.internal.ConfigInvoker.invokeConfigurations(ConfigInvoker.java:321)
at org.testng.internal.TestInvoker.runConfigMethods(TestInvoker.java:700)
at org.testng.internal.TestInvoker.invokeMethod(TestInvoker.java:527)
at org.testng.internal.TestInvoker.invokeTestMethod(TestInvoker.java:173)
at org.testng.internal.MethodRunner.runInSequence(MethodRunner.java:46)
at org.testng.internal.TestInvoker$MethodInvocationAgent.invoke(TestInvoker.java:824)
at org.testng.internal.TestInvoker.invokeTestMethods(TestInvoker.java:146)
at org.testng.internal.TestMethodWorker.invokeTestMethods(TestMethodWorker.java:146)
at org.testng.internal.TestMethodWorker.run(TestMethodWorker.java:128)
at java.base/java.util.ArrayList.forEach(ArrayList.java:1511)
at org.testng.TestRunner.privateRun(TestRunner.java:794)
at org.testng.TestRunner.run(TestRunner.java:596)
at org.testng.SuiteRunner.runTest(SuiteRunner.java:377)
at org.testng.SuiteRunner.runSequentially(SuiteRunner.java:371)
at org.testng.SuiteRunner.privateRun(SuiteRunner.java:332)
at org.testng.SuiteRunner.run(SuiteRunner.java:276)
at org.testng.SuiteRunnerWorker.runSuite(SuiteRunnerWorker.java:53)
at org.testng.SuiteRunnerWorker.run(SuiteRunnerWorker.java:96)
at org.testng.TestNG.runSuitesSequentially(TestNG.java:1212)
at org.testng.TestNG.runSuitesLocally(TestNG.java:1134)
at org.testng.TestNG.runSuites(TestNG.java:1063)
at org.testng.TestNG.run(TestNG.java:1031)
at org.testng.remote.AbstractRemoteTestNG.run(AbstractRemoteTestNG.java:115)
at org.testng.remote.RemoteTestNG.initAndRun(RemoteTestNG.java:251)
at org.testng.remote.RemoteTestNG.main(RemoteTestNG.java:77)
]]>
            </full-stacktrace>
          </exception> <!-- org.openqa.selenium.SessionNotCreatedException -->
          <reporter-output>
          </reporter-output>
        </test-method> <!-- verifyLogoutLinkTest -->
        <test-method is-config="true" signature="tearDown()[pri:0, instance:ai.gm.qa.testcases.GMCreateMeetingPageTest@201a4587]" started-at="2022-02-22T17:03:48 IST" name="tearDown" finished-at="1970-01-01T05:30:00 IST" duration-ms="-1645529628650" status="SKIP">
          <reporter-output>
          </reporter-output>
        </test-method> <!-- tearDown -->
      </class> <!-- ai.gm.qa.testcases.GMCreateMeetingPageTest -->
      <class name="ai.gm.qa.testcases.GMLoginPageTest">
        <test-method is-config="true" signature="Setup()[pri:0, instance:ai.gm.qa.testcases.GMLoginPageTest@543588e6]" started-at="2022-02-22T17:03:42 IST" name="Setup" finished-at="2022-02-22T17:03:45 IST" duration-ms="2420" status="FAIL">
          <exception class="org.openqa.selenium.SessionNotCreatedException">
            <message>
              <![CDATA[session not created: This version of ChromeDriver only supports Chrome version 94
Current browser version is 98.0.4758.102 with binary path C:\Program Files (x86)\Google\Chrome\Application\chrome.exe
Build info: version: '4.0.0-alpha-1', revision: 'd1d3728cae', time: '2019-04-24T13:42:21'
System info: host: 'DESKTOP-A49J3A9', ip: '192.168.242.159', os.name: 'Windows 10', os.arch: 'amd64', os.version: '10.0', java.version: '16.0.2'
Driver info: driver.version: ChromeDriver
remote stacktrace: Backtrace:
Ordinal0 [0x00D9BDE3+2473443]
Ordinal0 [0x00D36661+2057825]
Ordinal0 [0x00C42438+1057848]
Ordinal0 [0x00C6054A+1181002]
Ordinal0 [0x00C5C435+1164341]
Ordinal0 [0x00C59CAF+1154223]
Ordinal0 [0x00C89ADF+1350367]
Ordinal0 [0x00C8974A+1349450]
Ordinal0 [0x00C855AB+1332651]
Ordinal0 [0x00C62104+1188100]
Ordinal0 [0x00C62F59+1191769]
GetHandleVerifier [0x00F22266+1549718]
GetHandleVerifier [0x00FCD4A7+2250711]
GetHandleVerifier [0x00E2718B+521403]
GetHandleVerifier [0x00E26229+517465]
Ordinal0 [0x00D3B79D+2078621]
Ordinal0 [0x00D3FB58+2095960]
Ordinal0 [0x00D3FC92+2096274]
Ordinal0 [0x00D49541+2135361]
BaseThreadInitThunk [0x7796FA29+25]
RtlGetAppContainerNamedObjectPath [0x77D47A9E+286]
RtlGetAppContainerNamedObjectPath [0x77D47A6E+238]
]]>
            </message>
            <full-stacktrace>
              <![CDATA[org.openqa.selenium.SessionNotCreatedException: session not created: This version of ChromeDriver only supports Chrome version 94
Current browser version is 98.0.4758.102 with binary path C:\Program Files (x86)\Google\Chrome\Application\chrome.exe
Build info: version: '4.0.0-alpha-1', revision: 'd1d3728cae', time: '2019-04-24T13:42:21'
System info: host: 'DESKTOP-A49J3A9', ip: '192.168.242.159', os.name: 'Windows 10', os.arch: 'amd64', os.version: '10.0', java.version: '16.0.2'
Driver info: driver.version: ChromeDriver
remote stacktrace: Backtrace:
Ordinal0 [0x00D9BDE3+2473443]
Ordinal0 [0x00D36661+2057825]
Ordinal0 [0x00C42438+1057848]
Ordinal0 [0x00C6054A+1181002]
Ordinal0 [0x00C5C435+1164341]
Ordinal0 [0x00C59CAF+1154223]
Ordinal0 [0x00C89ADF+1350367]
Ordinal0 [0x00C8974A+1349450]
Ordinal0 [0x00C855AB+1332651]
Ordinal0 [0x00C62104+1188100]
Ordinal0 [0x00C62F59+1191769]
GetHandleVerifier [0x00F22266+1549718]
GetHandleVerifier [0x00FCD4A7+2250711]
GetHandleVerifier [0x00E2718B+521403]
GetHandleVerifier [0x00E26229+517465]
Ordinal0 [0x00D3B79D+2078621]
Ordinal0 [0x00D3FB58+2095960]
Ordinal0 [0x00D3FC92+2096274]
Ordinal0 [0x00D49541+2135361]
BaseThreadInitThunk [0x7796FA29+25]
RtlGetAppContainerNamedObjectPath [0x77D47A9E+286]
RtlGetAppContainerNamedObjectPath [0x77D47A6E+238]

at java.base/jdk.internal.reflect.NativeConstructorAccessorImpl.newInstance0(Native Method)
at java.base/jdk.internal.reflect.NativeConstructorAccessorImpl.newInstance(NativeConstructorAccessorImpl.java:78)
at java.base/jdk.internal.reflect.DelegatingConstructorAccessorImpl.newInstance(DelegatingConstructorAccessorImpl.java:45)
at java.base/java.lang.reflect.Constructor.newInstanceWithCaller(Constructor.java:499)
at java.base/java.lang.reflect.Constructor.newInstance(Constructor.java:480)
at org.openqa.selenium.remote.W3CHandshakeResponse.lambda$errorHandler$0(W3CHandshakeResponse.java:62)
at org.openqa.selenium.remote.HandshakeResponse.lambda$getResponseFunction$0(HandshakeResponse.java:30)
at org.openqa.selenium.remote.ProtocolHandshake.lambda$createSession$0(ProtocolHandshake.java:126)
at java.base/java.util.stream.ReferencePipeline$3$1.accept(ReferencePipeline.java:197)
at java.base/java.util.Spliterators$ArraySpliterator.tryAdvance(Spliterators.java:958)
at java.base/java.util.stream.ReferencePipeline.forEachWithCancel(ReferencePipeline.java:129)
at java.base/java.util.stream.AbstractPipeline.copyIntoWithCancel(AbstractPipeline.java:502)
at java.base/java.util.stream.AbstractPipeline.copyInto(AbstractPipeline.java:488)
at java.base/java.util.stream.AbstractPipeline.wrapAndCopyInto(AbstractPipeline.java:474)
at java.base/java.util.stream.FindOps$FindOp.evaluateSequential(FindOps.java:150)
at java.base/java.util.stream.AbstractPipeline.evaluate(AbstractPipeline.java:234)
at java.base/java.util.stream.ReferencePipeline.findFirst(ReferencePipeline.java:647)
at org.openqa.selenium.remote.ProtocolHandshake.createSession(ProtocolHandshake.java:128)
at org.openqa.selenium.remote.ProtocolHandshake.createSession(ProtocolHandshake.java:74)
at org.openqa.selenium.remote.HttpCommandExecutor.execute(HttpCommandExecutor.java:139)
at org.openqa.selenium.remote.service.DriverCommandExecutor.execute(DriverCommandExecutor.java:83)
at org.openqa.selenium.remote.RemoteWebDriver.execute(RemoteWebDriver.java:577)
at org.openqa.selenium.remote.RemoteWebDriver.startSession(RemoteWebDriver.java:211)
at org.openqa.selenium.remote.RemoteWebDriver.<init>(RemoteWebDriver.java:131)
at org.openqa.selenium.chrome.ChromeDriver.<init>(ChromeDriver.java:189)
at org.openqa.selenium.chrome.ChromeDriver.<init>(ChromeDriver.java:176)
at org.openqa.selenium.chrome.ChromeDriver.<init>(ChromeDriver.java:131)
at ai.gm.qa.base.TestBase.initialization(TestBase.java:47)
at ai.gm.qa.testcases.GMLoginPageTest.Setup(GMLoginPageTest.java:34)
at java.base/jdk.internal.reflect.NativeMethodAccessorImpl.invoke0(Native Method)
at java.base/jdk.internal.reflect.NativeMethodAccessorImpl.invoke(NativeMethodAccessorImpl.java:78)
at java.base/jdk.internal.reflect.DelegatingMethodAccessorImpl.invoke(DelegatingMethodAccessorImpl.java:43)
at java.base/java.lang.reflect.Method.invoke(Method.java:567)
at org.testng.internal.MethodInvocationHelper.invokeMethod(MethodInvocationHelper.java:133)
at org.testng.internal.MethodInvocationHelper.invokeMethodConsideringTimeout(MethodInvocationHelper.java:62)
at org.testng.internal.ConfigInvoker.invokeConfigurationMethod(ConfigInvoker.java:385)
at org.testng.internal.ConfigInvoker.invokeConfigurations(ConfigInvoker.java:321)
at org.testng.internal.TestInvoker.runConfigMethods(TestInvoker.java:700)
at org.testng.internal.TestInvoker.invokeMethod(TestInvoker.java:527)
at org.testng.internal.TestInvoker.invokeTestMethod(TestInvoker.java:173)
at org.testng.internal.MethodRunner.runInSequence(MethodRunner.java:46)
at org.testng.internal.TestInvoker$MethodInvocationAgent.invoke(TestInvoker.java:824)
at org.testng.internal.TestInvoker.invokeTestMethods(TestInvoker.java:146)
at org.testng.internal.TestMethodWorker.invokeTestMethods(TestMethodWorker.java:146)
at org.testng.internal.TestMethodWorker.run(TestMethodWorker.java:128)
at java.base/java.util.ArrayList.forEach(ArrayList.java:1511)
at org.testng.TestRunner.privateRun(TestRunner.java:794)
at org.testng.TestRunner.run(TestRunner.java:596)
at org.testng.SuiteRunner.runTest(SuiteRunner.java:377)
at org.testng.SuiteRunner.runSequentially(SuiteRunner.java:371)
at org.testng.SuiteRunner.privateRun(SuiteRunner.java:332)
at org.testng.SuiteRunner.run(SuiteRunner.java:276)
at org.testng.SuiteRunnerWorker.runSuite(SuiteRunnerWorker.java:53)
at org.testng.SuiteRunnerWorker.run(SuiteRunnerWorker.java:96)
at org.testng.TestNG.runSuitesSequentially(TestNG.java:1212)
at org.testng.TestNG.runSuitesLocally(TestNG.java:1134)
at org.testng.TestNG.runSuites(TestNG.java:1063)
at org.testng.TestNG.run(TestNG.java:1031)
at org.testng.remote.AbstractRemoteTestNG.run(AbstractRemoteTestNG.java:115)
at org.testng.remote.RemoteTestNG.initAndRun(RemoteTestNG.java:251)
at org.testng.remote.RemoteTestNG.main(RemoteTestNG.java:77)
]]>
            </full-stacktrace>
          </exception> <!-- org.openqa.selenium.SessionNotCreatedException -->
          <reporter-output>
          </reporter-output>
        </test-method> <!-- Setup -->
        <test-method signature="Test_retry()[pri:0, instance:ai.gm.qa.testcases.GMLoginPageTest@543588e6]" started-at="2022-02-22T17:03:45 IST" name="Test_retry" finished-at="2022-02-22T17:03:45 IST" duration-ms="0" status="SKIP">
          <exception class="org.openqa.selenium.SessionNotCreatedException">
            <message>
              <![CDATA[session not created: This version of ChromeDriver only supports Chrome version 94
Current browser version is 98.0.4758.102 with binary path C:\Program Files (x86)\Google\Chrome\Application\chrome.exe
Build info: version: '4.0.0-alpha-1', revision: 'd1d3728cae', time: '2019-04-24T13:42:21'
System info: host: 'DESKTOP-A49J3A9', ip: '192.168.242.159', os.name: 'Windows 10', os.arch: 'amd64', os.version: '10.0', java.version: '16.0.2'
Driver info: driver.version: ChromeDriver
remote stacktrace: Backtrace:
Ordinal0 [0x00D9BDE3+2473443]
Ordinal0 [0x00D36661+2057825]
Ordinal0 [0x00C42438+1057848]
Ordinal0 [0x00C6054A+1181002]
Ordinal0 [0x00C5C435+1164341]
Ordinal0 [0x00C59CAF+1154223]
Ordinal0 [0x00C89ADF+1350367]
Ordinal0 [0x00C8974A+1349450]
Ordinal0 [0x00C855AB+1332651]
Ordinal0 [0x00C62104+1188100]
Ordinal0 [0x00C62F59+1191769]
GetHandleVerifier [0x00F22266+1549718]
GetHandleVerifier [0x00FCD4A7+2250711]
GetHandleVerifier [0x00E2718B+521403]
GetHandleVerifier [0x00E26229+517465]
Ordinal0 [0x00D3B79D+2078621]
Ordinal0 [0x00D3FB58+2095960]
Ordinal0 [0x00D3FC92+2096274]
Ordinal0 [0x00D49541+2135361]
BaseThreadInitThunk [0x7796FA29+25]
RtlGetAppContainerNamedObjectPath [0x77D47A9E+286]
RtlGetAppContainerNamedObjectPath [0x77D47A6E+238]
]]>
            </message>
            <full-stacktrace>
              <![CDATA[org.openqa.selenium.SessionNotCreatedException: session not created: This version of ChromeDriver only supports Chrome version 94
Current browser version is 98.0.4758.102 with binary path C:\Program Files (x86)\Google\Chrome\Application\chrome.exe
Build info: version: '4.0.0-alpha-1', revision: 'd1d3728cae', time: '2019-04-24T13:42:21'
System info: host: 'DESKTOP-A49J3A9', ip: '192.168.242.159', os.name: 'Windows 10', os.arch: 'amd64', os.version: '10.0', java.version: '16.0.2'
Driver info: driver.version: ChromeDriver
remote stacktrace: Backtrace:
Ordinal0 [0x00D9BDE3+2473443]
Ordinal0 [0x00D36661+2057825]
Ordinal0 [0x00C42438+1057848]
Ordinal0 [0x00C6054A+1181002]
Ordinal0 [0x00C5C435+1164341]
Ordinal0 [0x00C59CAF+1154223]
Ordinal0 [0x00C89ADF+1350367]
Ordinal0 [0x00C8974A+1349450]
Ordinal0 [0x00C855AB+1332651]
Ordinal0 [0x00C62104+1188100]
Ordinal0 [0x00C62F59+1191769]
GetHandleVerifier [0x00F22266+1549718]
GetHandleVerifier [0x00FCD4A7+2250711]
GetHandleVerifier [0x00E2718B+521403]
GetHandleVerifier [0x00E26229+517465]
Ordinal0 [0x00D3B79D+2078621]
Ordinal0 [0x00D3FB58+2095960]
Ordinal0 [0x00D3FC92+2096274]
Ordinal0 [0x00D49541+2135361]
BaseThreadInitThunk [0x7796FA29+25]
RtlGetAppContainerNamedObjectPath [0x77D47A9E+286]
RtlGetAppContainerNamedObjectPath [0x77D47A6E+238]

at java.base/jdk.internal.reflect.NativeConstructorAccessorImpl.newInstance0(Native Method)
at java.base/jdk.internal.reflect.NativeConstructorAccessorImpl.newInstance(NativeConstructorAccessorImpl.java:78)
at java.base/jdk.internal.reflect.DelegatingConstructorAccessorImpl.newInstance(DelegatingConstructorAccessorImpl.java:45)
at java.base/java.lang.reflect.Constructor.newInstanceWithCaller(Constructor.java:499)
at java.base/java.lang.reflect.Constructor.newInstance(Constructor.java:480)
at org.openqa.selenium.remote.W3CHandshakeResponse.lambda$errorHandler$0(W3CHandshakeResponse.java:62)
at org.openqa.selenium.remote.HandshakeResponse.lambda$getResponseFunction$0(HandshakeResponse.java:30)
at org.openqa.selenium.remote.ProtocolHandshake.lambda$createSession$0(ProtocolHandshake.java:126)
at java.base/java.util.stream.ReferencePipeline$3$1.accept(ReferencePipeline.java:197)
at java.base/java.util.Spliterators$ArraySpliterator.tryAdvance(Spliterators.java:958)
at java.base/java.util.stream.ReferencePipeline.forEachWithCancel(ReferencePipeline.java:129)
at java.base/java.util.stream.AbstractPipeline.copyIntoWithCancel(AbstractPipeline.java:502)
at java.base/java.util.stream.AbstractPipeline.copyInto(AbstractPipeline.java:488)
at java.base/java.util.stream.AbstractPipeline.wrapAndCopyInto(AbstractPipeline.java:474)
at java.base/java.util.stream.FindOps$FindOp.evaluateSequential(FindOps.java:150)
at java.base/java.util.stream.AbstractPipeline.evaluate(AbstractPipeline.java:234)
at java.base/java.util.stream.ReferencePipeline.findFirst(ReferencePipeline.java:647)
at org.openqa.selenium.remote.ProtocolHandshake.createSession(ProtocolHandshake.java:128)
at org.openqa.selenium.remote.ProtocolHandshake.createSession(ProtocolHandshake.java:74)
at org.openqa.selenium.remote.HttpCommandExecutor.execute(HttpCommandExecutor.java:139)
at org.openqa.selenium.remote.service.DriverCommandExecutor.execute(DriverCommandExecutor.java:83)
at org.openqa.selenium.remote.RemoteWebDriver.execute(RemoteWebDriver.java:577)
at org.openqa.selenium.remote.RemoteWebDriver.startSession(RemoteWebDriver.java:211)
at org.openqa.selenium.remote.RemoteWebDriver.<init>(RemoteWebDriver.java:131)
at org.openqa.selenium.chrome.ChromeDriver.<init>(ChromeDriver.java:189)
at org.openqa.selenium.chrome.ChromeDriver.<init>(ChromeDriver.java:176)
at org.openqa.selenium.chrome.ChromeDriver.<init>(ChromeDriver.java:131)
at ai.gm.qa.base.TestBase.initialization(TestBase.java:47)
at ai.gm.qa.testcases.GMLoginPageTest.Setup(GMLoginPageTest.java:34)
at java.base/jdk.internal.reflect.NativeMethodAccessorImpl.invoke0(Native Method)
at java.base/jdk.internal.reflect.NativeMethodAccessorImpl.invoke(NativeMethodAccessorImpl.java:78)
at java.base/jdk.internal.reflect.DelegatingMethodAccessorImpl.invoke(DelegatingMethodAccessorImpl.java:43)
at java.base/java.lang.reflect.Method.invoke(Method.java:567)
at org.testng.internal.MethodInvocationHelper.invokeMethod(MethodInvocationHelper.java:133)
at org.testng.internal.MethodInvocationHelper.invokeMethodConsideringTimeout(MethodInvocationHelper.java:62)
at org.testng.internal.ConfigInvoker.invokeConfigurationMethod(ConfigInvoker.java:385)
at org.testng.internal.ConfigInvoker.invokeConfigurations(ConfigInvoker.java:321)
at org.testng.internal.TestInvoker.runConfigMethods(TestInvoker.java:700)
at org.testng.internal.TestInvoker.invokeMethod(TestInvoker.java:527)
at org.testng.internal.TestInvoker.invokeTestMethod(TestInvoker.java:173)
at org.testng.internal.MethodRunner.runInSequence(MethodRunner.java:46)
at org.testng.internal.TestInvoker$MethodInvocationAgent.invoke(TestInvoker.java:824)
at org.testng.internal.TestInvoker.invokeTestMethods(TestInvoker.java:146)
at org.testng.internal.TestMethodWorker.invokeTestMethods(TestMethodWorker.java:146)
at org.testng.internal.TestMethodWorker.run(TestMethodWorker.java:128)
at java.base/java.util.ArrayList.forEach(ArrayList.java:1511)
at org.testng.TestRunner.privateRun(TestRunner.java:794)
at org.testng.TestRunner.run(TestRunner.java:596)
at org.testng.SuiteRunner.runTest(SuiteRunner.java:377)
at org.testng.SuiteRunner.runSequentially(SuiteRunner.java:371)
at org.testng.SuiteRunner.privateRun(SuiteRunner.java:332)
at org.testng.SuiteRunner.run(SuiteRunner.java:276)
at org.testng.SuiteRunnerWorker.runSuite(SuiteRunnerWorker.java:53)
at org.testng.SuiteRunnerWorker.run(SuiteRunnerWorker.java:96)
at org.testng.TestNG.runSuitesSequentially(TestNG.java:1212)
at org.testng.TestNG.runSuitesLocally(TestNG.java:1134)
at org.testng.TestNG.runSuites(TestNG.java:1063)
at org.testng.TestNG.run(TestNG.java:1031)
at org.testng.remote.AbstractRemoteTestNG.run(AbstractRemoteTestNG.java:115)
at org.testng.remote.RemoteTestNG.initAndRun(RemoteTestNG.java:251)
at org.testng.remote.RemoteTestNG.main(RemoteTestNG.java:77)
]]>
            </full-stacktrace>
          </exception> <!-- org.openqa.selenium.SessionNotCreatedException -->
          <reporter-output>
          </reporter-output>
        </test-method> <!-- Test_retry -->
        <test-method is-config="true" signature="tearDown()[pri:0, instance:ai.gm.qa.testcases.GMLoginPageTest@543588e6]" started-at="2022-02-22T17:03:45 IST" name="tearDown" finished-at="1970-01-01T05:30:00 IST" duration-ms="-1645529625430" status="SKIP">
          <reporter-output>
          </reporter-output>
        </test-method> <!-- tearDown -->
        <test-method is-config="true" signature="Setup()[pri:0, instance:ai.gm.qa.testcases.GMLoginPageTest@543588e6]" started-at="2022-02-22T17:03:45 IST" name="Setup" finished-at="1970-01-01T05:30:00 IST" duration-ms="-1645529625437" status="SKIP">
          <reporter-output>
          </reporter-output>
        </test-method> <!-- Setup -->
        <test-method signature="LoginPageTitleTest()[pri:1, instance:ai.gm.qa.testcases.GMLoginPageTest@543588e6]" started-at="2022-02-22T17:03:45 IST" name="LoginPageTitleTest" finished-at="2022-02-22T17:03:45 IST" duration-ms="0" status="SKIP">
          <exception class="org.openqa.selenium.SessionNotCreatedException">
            <message>
              <![CDATA[session not created: This version of ChromeDriver only supports Chrome version 94
Current browser version is 98.0.4758.102 with binary path C:\Program Files (x86)\Google\Chrome\Application\chrome.exe
Build info: version: '4.0.0-alpha-1', revision: 'd1d3728cae', time: '2019-04-24T13:42:21'
System info: host: 'DESKTOP-A49J3A9', ip: '192.168.242.159', os.name: 'Windows 10', os.arch: 'amd64', os.version: '10.0', java.version: '16.0.2'
Driver info: driver.version: ChromeDriver
remote stacktrace: Backtrace:
Ordinal0 [0x00D9BDE3+2473443]
Ordinal0 [0x00D36661+2057825]
Ordinal0 [0x00C42438+1057848]
Ordinal0 [0x00C6054A+1181002]
Ordinal0 [0x00C5C435+1164341]
Ordinal0 [0x00C59CAF+1154223]
Ordinal0 [0x00C89ADF+1350367]
Ordinal0 [0x00C8974A+1349450]
Ordinal0 [0x00C855AB+1332651]
Ordinal0 [0x00C62104+1188100]
Ordinal0 [0x00C62F59+1191769]
GetHandleVerifier [0x00F22266+1549718]
GetHandleVerifier [0x00FCD4A7+2250711]
GetHandleVerifier [0x00E2718B+521403]
GetHandleVerifier [0x00E26229+517465]
Ordinal0 [0x00D3B79D+2078621]
Ordinal0 [0x00D3FB58+2095960]
Ordinal0 [0x00D3FC92+2096274]
Ordinal0 [0x00D49541+2135361]
BaseThreadInitThunk [0x7796FA29+25]
RtlGetAppContainerNamedObjectPath [0x77D47A9E+286]
RtlGetAppContainerNamedObjectPath [0x77D47A6E+238]
]]>
            </message>
            <full-stacktrace>
              <![CDATA[org.openqa.selenium.SessionNotCreatedException: session not created: This version of ChromeDriver only supports Chrome version 94
Current browser version is 98.0.4758.102 with binary path C:\Program Files (x86)\Google\Chrome\Application\chrome.exe
Build info: version: '4.0.0-alpha-1', revision: 'd1d3728cae', time: '2019-04-24T13:42:21'
System info: host: 'DESKTOP-A49J3A9', ip: '192.168.242.159', os.name: 'Windows 10', os.arch: 'amd64', os.version: '10.0', java.version: '16.0.2'
Driver info: driver.version: ChromeDriver
remote stacktrace: Backtrace:
Ordinal0 [0x00D9BDE3+2473443]
Ordinal0 [0x00D36661+2057825]
Ordinal0 [0x00C42438+1057848]
Ordinal0 [0x00C6054A+1181002]
Ordinal0 [0x00C5C435+1164341]
Ordinal0 [0x00C59CAF+1154223]
Ordinal0 [0x00C89ADF+1350367]
Ordinal0 [0x00C8974A+1349450]
Ordinal0 [0x00C855AB+1332651]
Ordinal0 [0x00C62104+1188100]
Ordinal0 [0x00C62F59+1191769]
GetHandleVerifier [0x00F22266+1549718]
GetHandleVerifier [0x00FCD4A7+2250711]
GetHandleVerifier [0x00E2718B+521403]
GetHandleVerifier [0x00E26229+517465]
Ordinal0 [0x00D3B79D+2078621]
Ordinal0 [0x00D3FB58+2095960]
Ordinal0 [0x00D3FC92+2096274]
Ordinal0 [0x00D49541+2135361]
BaseThreadInitThunk [0x7796FA29+25]
RtlGetAppContainerNamedObjectPath [0x77D47A9E+286]
RtlGetAppContainerNamedObjectPath [0x77D47A6E+238]

at java.base/jdk.internal.reflect.NativeConstructorAccessorImpl.newInstance0(Native Method)
at java.base/jdk.internal.reflect.NativeConstructorAccessorImpl.newInstance(NativeConstructorAccessorImpl.java:78)
at java.base/jdk.internal.reflect.DelegatingConstructorAccessorImpl.newInstance(DelegatingConstructorAccessorImpl.java:45)
at java.base/java.lang.reflect.Constructor.newInstanceWithCaller(Constructor.java:499)
at java.base/java.lang.reflect.Constructor.newInstance(Constructor.java:480)
at org.openqa.selenium.remote.W3CHandshakeResponse.lambda$errorHandler$0(W3CHandshakeResponse.java:62)
at org.openqa.selenium.remote.HandshakeResponse.lambda$getResponseFunction$0(HandshakeResponse.java:30)
at org.openqa.selenium.remote.ProtocolHandshake.lambda$createSession$0(ProtocolHandshake.java:126)
at java.base/java.util.stream.ReferencePipeline$3$1.accept(ReferencePipeline.java:197)
at java.base/java.util.Spliterators$ArraySpliterator.tryAdvance(Spliterators.java:958)
at java.base/java.util.stream.ReferencePipeline.forEachWithCancel(ReferencePipeline.java:129)
at java.base/java.util.stream.AbstractPipeline.copyIntoWithCancel(AbstractPipeline.java:502)
at java.base/java.util.stream.AbstractPipeline.copyInto(AbstractPipeline.java:488)
at java.base/java.util.stream.AbstractPipeline.wrapAndCopyInto(AbstractPipeline.java:474)
at java.base/java.util.stream.FindOps$FindOp.evaluateSequential(FindOps.java:150)
at java.base/java.util.stream.AbstractPipeline.evaluate(AbstractPipeline.java:234)
at java.base/java.util.stream.ReferencePipeline.findFirst(ReferencePipeline.java:647)
at org.openqa.selenium.remote.ProtocolHandshake.createSession(ProtocolHandshake.java:128)
at org.openqa.selenium.remote.ProtocolHandshake.createSession(ProtocolHandshake.java:74)
at org.openqa.selenium.remote.HttpCommandExecutor.execute(HttpCommandExecutor.java:139)
at org.openqa.selenium.remote.service.DriverCommandExecutor.execute(DriverCommandExecutor.java:83)
at org.openqa.selenium.remote.RemoteWebDriver.execute(RemoteWebDriver.java:577)
at org.openqa.selenium.remote.RemoteWebDriver.startSession(RemoteWebDriver.java:211)
at org.openqa.selenium.remote.RemoteWebDriver.<init>(RemoteWebDriver.java:131)
at org.openqa.selenium.chrome.ChromeDriver.<init>(ChromeDriver.java:189)
at org.openqa.selenium.chrome.ChromeDriver.<init>(ChromeDriver.java:176)
at org.openqa.selenium.chrome.ChromeDriver.<init>(ChromeDriver.java:131)
at ai.gm.qa.base.TestBase.initialization(TestBase.java:47)
at ai.gm.qa.testcases.GMLoginPageTest.Setup(GMLoginPageTest.java:34)
at java.base/jdk.internal.reflect.NativeMethodAccessorImpl.invoke0(Native Method)
at java.base/jdk.internal.reflect.NativeMethodAccessorImpl.invoke(NativeMethodAccessorImpl.java:78)
at java.base/jdk.internal.reflect.DelegatingMethodAccessorImpl.invoke(DelegatingMethodAccessorImpl.java:43)
at java.base/java.lang.reflect.Method.invoke(Method.java:567)
at org.testng.internal.MethodInvocationHelper.invokeMethod(MethodInvocationHelper.java:133)
at org.testng.internal.MethodInvocationHelper.invokeMethodConsideringTimeout(MethodInvocationHelper.java:62)
at org.testng.internal.ConfigInvoker.invokeConfigurationMethod(ConfigInvoker.java:385)
at org.testng.internal.ConfigInvoker.invokeConfigurations(ConfigInvoker.java:321)
at org.testng.internal.TestInvoker.runConfigMethods(TestInvoker.java:700)
at org.testng.internal.TestInvoker.invokeMethod(TestInvoker.java:527)
at org.testng.internal.TestInvoker.invokeTestMethod(TestInvoker.java:173)
at org.testng.internal.MethodRunner.runInSequence(MethodRunner.java:46)
at org.testng.internal.TestInvoker$MethodInvocationAgent.invoke(TestInvoker.java:824)
at org.testng.internal.TestInvoker.invokeTestMethods(TestInvoker.java:146)
at org.testng.internal.TestMethodWorker.invokeTestMethods(TestMethodWorker.java:146)
at org.testng.internal.TestMethodWorker.run(TestMethodWorker.java:128)
at java.base/java.util.ArrayList.forEach(ArrayList.java:1511)
at org.testng.TestRunner.privateRun(TestRunner.java:794)
at org.testng.TestRunner.run(TestRunner.java:596)
at org.testng.SuiteRunner.runTest(SuiteRunner.java:377)
at org.testng.SuiteRunner.runSequentially(SuiteRunner.java:371)
at org.testng.SuiteRunner.privateRun(SuiteRunner.java:332)
at org.testng.SuiteRunner.run(SuiteRunner.java:276)
at org.testng.SuiteRunnerWorker.runSuite(SuiteRunnerWorker.java:53)
at org.testng.SuiteRunnerWorker.run(SuiteRunnerWorker.java:96)
at org.testng.TestNG.runSuitesSequentially(TestNG.java:1212)
at org.testng.TestNG.runSuitesLocally(TestNG.java:1134)
at org.testng.TestNG.runSuites(TestNG.java:1063)
at org.testng.TestNG.run(TestNG.java:1031)
at org.testng.remote.AbstractRemoteTestNG.run(AbstractRemoteTestNG.java:115)
at org.testng.remote.RemoteTestNG.initAndRun(RemoteTestNG.java:251)
at org.testng.remote.RemoteTestNG.main(RemoteTestNG.java:77)
]]>
            </full-stacktrace>
          </exception> <!-- org.openqa.selenium.SessionNotCreatedException -->
          <reporter-output>
          </reporter-output>
        </test-method> <!-- LoginPageTitleTest -->
        <test-method is-config="true" signature="tearDown()[pri:0, instance:ai.gm.qa.testcases.GMLoginPageTest@543588e6]" started-at="2022-02-22T17:03:45 IST" name="tearDown" finished-at="1970-01-01T05:30:00 IST" duration-ms="-1645529625464" status="SKIP">
          <reporter-output>
          </reporter-output>
        </test-method> <!-- tearDown -->
        <test-method is-config="true" signature="Setup()[pri:0, instance:ai.gm.qa.testcases.GMLoginPageTest@543588e6]" started-at="2022-02-22T17:03:45 IST" name="Setup" finished-at="1970-01-01T05:30:00 IST" duration-ms="-1645529625472" status="SKIP">
          <reporter-output>
          </reporter-output>
        </test-method> <!-- Setup -->
        <test-method signature="goodmeetingslogoTest()[pri:2, instance:ai.gm.qa.testcases.GMLoginPageTest@543588e6]" started-at="2022-02-22T17:03:45 IST" name="goodmeetingslogoTest" finished-at="2022-02-22T17:03:45 IST" duration-ms="0" status="SKIP">
          <exception class="org.openqa.selenium.SessionNotCreatedException">
            <message>
              <![CDATA[session not created: This version of ChromeDriver only supports Chrome version 94
Current browser version is 98.0.4758.102 with binary path C:\Program Files (x86)\Google\Chrome\Application\chrome.exe
Build info: version: '4.0.0-alpha-1', revision: 'd1d3728cae', time: '2019-04-24T13:42:21'
System info: host: 'DESKTOP-A49J3A9', ip: '192.168.242.159', os.name: 'Windows 10', os.arch: 'amd64', os.version: '10.0', java.version: '16.0.2'
Driver info: driver.version: ChromeDriver
remote stacktrace: Backtrace:
Ordinal0 [0x00D9BDE3+2473443]
Ordinal0 [0x00D36661+2057825]
Ordinal0 [0x00C42438+1057848]
Ordinal0 [0x00C6054A+1181002]
Ordinal0 [0x00C5C435+1164341]
Ordinal0 [0x00C59CAF+1154223]
Ordinal0 [0x00C89ADF+1350367]
Ordinal0 [0x00C8974A+1349450]
Ordinal0 [0x00C855AB+1332651]
Ordinal0 [0x00C62104+1188100]
Ordinal0 [0x00C62F59+1191769]
GetHandleVerifier [0x00F22266+1549718]
GetHandleVerifier [0x00FCD4A7+2250711]
GetHandleVerifier [0x00E2718B+521403]
GetHandleVerifier [0x00E26229+517465]
Ordinal0 [0x00D3B79D+2078621]
Ordinal0 [0x00D3FB58+2095960]
Ordinal0 [0x00D3FC92+2096274]
Ordinal0 [0x00D49541+2135361]
BaseThreadInitThunk [0x7796FA29+25]
RtlGetAppContainerNamedObjectPath [0x77D47A9E+286]
RtlGetAppContainerNamedObjectPath [0x77D47A6E+238]
]]>
            </message>
            <full-stacktrace>
              <![CDATA[org.openqa.selenium.SessionNotCreatedException: session not created: This version of ChromeDriver only supports Chrome version 94
Current browser version is 98.0.4758.102 with binary path C:\Program Files (x86)\Google\Chrome\Application\chrome.exe
Build info: version: '4.0.0-alpha-1', revision: 'd1d3728cae', time: '2019-04-24T13:42:21'
System info: host: 'DESKTOP-A49J3A9', ip: '192.168.242.159', os.name: 'Windows 10', os.arch: 'amd64', os.version: '10.0', java.version: '16.0.2'
Driver info: driver.version: ChromeDriver
remote stacktrace: Backtrace:
Ordinal0 [0x00D9BDE3+2473443]
Ordinal0 [0x00D36661+2057825]
Ordinal0 [0x00C42438+1057848]
Ordinal0 [0x00C6054A+1181002]
Ordinal0 [0x00C5C435+1164341]
Ordinal0 [0x00C59CAF+1154223]
Ordinal0 [0x00C89ADF+1350367]
Ordinal0 [0x00C8974A+1349450]
Ordinal0 [0x00C855AB+1332651]
Ordinal0 [0x00C62104+1188100]
Ordinal0 [0x00C62F59+1191769]
GetHandleVerifier [0x00F22266+1549718]
GetHandleVerifier [0x00FCD4A7+2250711]
GetHandleVerifier [0x00E2718B+521403]
GetHandleVerifier [0x00E26229+517465]
Ordinal0 [0x00D3B79D+2078621]
Ordinal0 [0x00D3FB58+2095960]
Ordinal0 [0x00D3FC92+2096274]
Ordinal0 [0x00D49541+2135361]
BaseThreadInitThunk [0x7796FA29+25]
RtlGetAppContainerNamedObjectPath [0x77D47A9E+286]
RtlGetAppContainerNamedObjectPath [0x77D47A6E+238]

at java.base/jdk.internal.reflect.NativeConstructorAccessorImpl.newInstance0(Native Method)
at java.base/jdk.internal.reflect.NativeConstructorAccessorImpl.newInstance(NativeConstructorAccessorImpl.java:78)
at java.base/jdk.internal.reflect.DelegatingConstructorAccessorImpl.newInstance(DelegatingConstructorAccessorImpl.java:45)
at java.base/java.lang.reflect.Constructor.newInstanceWithCaller(Constructor.java:499)
at java.base/java.lang.reflect.Constructor.newInstance(Constructor.java:480)
at org.openqa.selenium.remote.W3CHandshakeResponse.lambda$errorHandler$0(W3CHandshakeResponse.java:62)
at org.openqa.selenium.remote.HandshakeResponse.lambda$getResponseFunction$0(HandshakeResponse.java:30)
at org.openqa.selenium.remote.ProtocolHandshake.lambda$createSession$0(ProtocolHandshake.java:126)
at java.base/java.util.stream.ReferencePipeline$3$1.accept(ReferencePipeline.java:197)
at java.base/java.util.Spliterators$ArraySpliterator.tryAdvance(Spliterators.java:958)
at java.base/java.util.stream.ReferencePipeline.forEachWithCancel(ReferencePipeline.java:129)
at java.base/java.util.stream.AbstractPipeline.copyIntoWithCancel(AbstractPipeline.java:502)
at java.base/java.util.stream.AbstractPipeline.copyInto(AbstractPipeline.java:488)
at java.base/java.util.stream.AbstractPipeline.wrapAndCopyInto(AbstractPipeline.java:474)
at java.base/java.util.stream.FindOps$FindOp.evaluateSequential(FindOps.java:150)
at java.base/java.util.stream.AbstractPipeline.evaluate(AbstractPipeline.java:234)
at java.base/java.util.stream.ReferencePipeline.findFirst(ReferencePipeline.java:647)
at org.openqa.selenium.remote.ProtocolHandshake.createSession(ProtocolHandshake.java:128)
at org.openqa.selenium.remote.ProtocolHandshake.createSession(ProtocolHandshake.java:74)
at org.openqa.selenium.remote.HttpCommandExecutor.execute(HttpCommandExecutor.java:139)
at org.openqa.selenium.remote.service.DriverCommandExecutor.execute(DriverCommandExecutor.java:83)
at org.openqa.selenium.remote.RemoteWebDriver.execute(RemoteWebDriver.java:577)
at org.openqa.selenium.remote.RemoteWebDriver.startSession(RemoteWebDriver.java:211)
at org.openqa.selenium.remote.RemoteWebDriver.<init>(RemoteWebDriver.java:131)
at org.openqa.selenium.chrome.ChromeDriver.<init>(ChromeDriver.java:189)
at org.openqa.selenium.chrome.ChromeDriver.<init>(ChromeDriver.java:176)
at org.openqa.selenium.chrome.ChromeDriver.<init>(ChromeDriver.java:131)
at ai.gm.qa.base.TestBase.initialization(TestBase.java:47)
at ai.gm.qa.testcases.GMLoginPageTest.Setup(GMLoginPageTest.java:34)
at java.base/jdk.internal.reflect.NativeMethodAccessorImpl.invoke0(Native Method)
at java.base/jdk.internal.reflect.NativeMethodAccessorImpl.invoke(NativeMethodAccessorImpl.java:78)
at java.base/jdk.internal.reflect.DelegatingMethodAccessorImpl.invoke(DelegatingMethodAccessorImpl.java:43)
at java.base/java.lang.reflect.Method.invoke(Method.java:567)
at org.testng.internal.MethodInvocationHelper.invokeMethod(MethodInvocationHelper.java:133)
at org.testng.internal.MethodInvocationHelper.invokeMethodConsideringTimeout(MethodInvocationHelper.java:62)
at org.testng.internal.ConfigInvoker.invokeConfigurationMethod(ConfigInvoker.java:385)
at org.testng.internal.ConfigInvoker.invokeConfigurations(ConfigInvoker.java:321)
at org.testng.internal.TestInvoker.runConfigMethods(TestInvoker.java:700)
at org.testng.internal.TestInvoker.invokeMethod(TestInvoker.java:527)
at org.testng.internal.TestInvoker.invokeTestMethod(TestInvoker.java:173)
at org.testng.internal.MethodRunner.runInSequence(MethodRunner.java:46)
at org.testng.internal.TestInvoker$MethodInvocationAgent.invoke(TestInvoker.java:824)
at org.testng.internal.TestInvoker.invokeTestMethods(TestInvoker.java:146)
at org.testng.internal.TestMethodWorker.invokeTestMethods(TestMethodWorker.java:146)
at org.testng.internal.TestMethodWorker.run(TestMethodWorker.java:128)
at java.base/java.util.ArrayList.forEach(ArrayList.java:1511)
at org.testng.TestRunner.privateRun(TestRunner.java:794)
at org.testng.TestRunner.run(TestRunner.java:596)
at org.testng.SuiteRunner.runTest(SuiteRunner.java:377)
at org.testng.SuiteRunner.runSequentially(SuiteRunner.java:371)
at org.testng.SuiteRunner.privateRun(SuiteRunner.java:332)
at org.testng.SuiteRunner.run(SuiteRunner.java:276)
at org.testng.SuiteRunnerWorker.runSuite(SuiteRunnerWorker.java:53)
at org.testng.SuiteRunnerWorker.run(SuiteRunnerWorker.java:96)
at org.testng.TestNG.runSuitesSequentially(TestNG.java:1212)
at org.testng.TestNG.runSuitesLocally(TestNG.java:1134)
at org.testng.TestNG.runSuites(TestNG.java:1063)
at org.testng.TestNG.run(TestNG.java:1031)
at org.testng.remote.AbstractRemoteTestNG.run(AbstractRemoteTestNG.java:115)
at org.testng.remote.RemoteTestNG.initAndRun(RemoteTestNG.java:251)
at org.testng.remote.RemoteTestNG.main(RemoteTestNG.java:77)
]]>
            </full-stacktrace>
          </exception> <!-- org.openqa.selenium.SessionNotCreatedException -->
          <reporter-output>
          </reporter-output>
        </test-method> <!-- goodmeetingslogoTest -->
        <test-method is-config="true" signature="tearDown()[pri:0, instance:ai.gm.qa.testcases.GMLoginPageTest@543588e6]" started-at="2022-02-22T17:03:45 IST" name="tearDown" finished-at="1970-01-01T05:30:00 IST" duration-ms="-1645529625481" status="SKIP">
          <reporter-output>
          </reporter-output>
        </test-method> <!-- tearDown -->
        <test-method is-config="true" signature="Setup()[pri:0, instance:ai.gm.qa.testcases.GMLoginPageTest@543588e6]" started-at="2022-02-22T17:03:45 IST" name="Setup" finished-at="1970-01-01T05:30:00 IST" duration-ms="-1645529625489" status="SKIP">
          <reporter-output>
          </reporter-output>
        </test-method> <!-- Setup -->
        <test-method signature="loginTest()[pri:3, instance:ai.gm.qa.testcases.GMLoginPageTest@543588e6]" started-at="2022-02-22T17:03:45 IST" name="loginTest" finished-at="2022-02-22T17:03:45 IST" duration-ms="0" status="SKIP">
          <exception class="org.openqa.selenium.SessionNotCreatedException">
            <message>
              <![CDATA[session not created: This version of ChromeDriver only supports Chrome version 94
Current browser version is 98.0.4758.102 with binary path C:\Program Files (x86)\Google\Chrome\Application\chrome.exe
Build info: version: '4.0.0-alpha-1', revision: 'd1d3728cae', time: '2019-04-24T13:42:21'
System info: host: 'DESKTOP-A49J3A9', ip: '192.168.242.159', os.name: 'Windows 10', os.arch: 'amd64', os.version: '10.0', java.version: '16.0.2'
Driver info: driver.version: ChromeDriver
remote stacktrace: Backtrace:
Ordinal0 [0x00D9BDE3+2473443]
Ordinal0 [0x00D36661+2057825]
Ordinal0 [0x00C42438+1057848]
Ordinal0 [0x00C6054A+1181002]
Ordinal0 [0x00C5C435+1164341]
Ordinal0 [0x00C59CAF+1154223]
Ordinal0 [0x00C89ADF+1350367]
Ordinal0 [0x00C8974A+1349450]
Ordinal0 [0x00C855AB+1332651]
Ordinal0 [0x00C62104+1188100]
Ordinal0 [0x00C62F59+1191769]
GetHandleVerifier [0x00F22266+1549718]
GetHandleVerifier [0x00FCD4A7+2250711]
GetHandleVerifier [0x00E2718B+521403]
GetHandleVerifier [0x00E26229+517465]
Ordinal0 [0x00D3B79D+2078621]
Ordinal0 [0x00D3FB58+2095960]
Ordinal0 [0x00D3FC92+2096274]
Ordinal0 [0x00D49541+2135361]
BaseThreadInitThunk [0x7796FA29+25]
RtlGetAppContainerNamedObjectPath [0x77D47A9E+286]
RtlGetAppContainerNamedObjectPath [0x77D47A6E+238]
]]>
            </message>
            <full-stacktrace>
              <![CDATA[org.openqa.selenium.SessionNotCreatedException: session not created: This version of ChromeDriver only supports Chrome version 94
Current browser version is 98.0.4758.102 with binary path C:\Program Files (x86)\Google\Chrome\Application\chrome.exe
Build info: version: '4.0.0-alpha-1', revision: 'd1d3728cae', time: '2019-04-24T13:42:21'
System info: host: 'DESKTOP-A49J3A9', ip: '192.168.242.159', os.name: 'Windows 10', os.arch: 'amd64', os.version: '10.0', java.version: '16.0.2'
Driver info: driver.version: ChromeDriver
remote stacktrace: Backtrace:
Ordinal0 [0x00D9BDE3+2473443]
Ordinal0 [0x00D36661+2057825]
Ordinal0 [0x00C42438+1057848]
Ordinal0 [0x00C6054A+1181002]
Ordinal0 [0x00C5C435+1164341]
Ordinal0 [0x00C59CAF+1154223]
Ordinal0 [0x00C89ADF+1350367]
Ordinal0 [0x00C8974A+1349450]
Ordinal0 [0x00C855AB+1332651]
Ordinal0 [0x00C62104+1188100]
Ordinal0 [0x00C62F59+1191769]
GetHandleVerifier [0x00F22266+1549718]
GetHandleVerifier [0x00FCD4A7+2250711]
GetHandleVerifier [0x00E2718B+521403]
GetHandleVerifier [0x00E26229+517465]
Ordinal0 [0x00D3B79D+2078621]
Ordinal0 [0x00D3FB58+2095960]
Ordinal0 [0x00D3FC92+2096274]
Ordinal0 [0x00D49541+2135361]
BaseThreadInitThunk [0x7796FA29+25]
RtlGetAppContainerNamedObjectPath [0x77D47A9E+286]
RtlGetAppContainerNamedObjectPath [0x77D47A6E+238]

at java.base/jdk.internal.reflect.NativeConstructorAccessorImpl.newInstance0(Native Method)
at java.base/jdk.internal.reflect.NativeConstructorAccessorImpl.newInstance(NativeConstructorAccessorImpl.java:78)
at java.base/jdk.internal.reflect.DelegatingConstructorAccessorImpl.newInstance(DelegatingConstructorAccessorImpl.java:45)
at java.base/java.lang.reflect.Constructor.newInstanceWithCaller(Constructor.java:499)
at java.base/java.lang.reflect.Constructor.newInstance(Constructor.java:480)
at org.openqa.selenium.remote.W3CHandshakeResponse.lambda$errorHandler$0(W3CHandshakeResponse.java:62)
at org.openqa.selenium.remote.HandshakeResponse.lambda$getResponseFunction$0(HandshakeResponse.java:30)
at org.openqa.selenium.remote.ProtocolHandshake.lambda$createSession$0(ProtocolHandshake.java:126)
at java.base/java.util.stream.ReferencePipeline$3$1.accept(ReferencePipeline.java:197)
at java.base/java.util.Spliterators$ArraySpliterator.tryAdvance(Spliterators.java:958)
at java.base/java.util.stream.ReferencePipeline.forEachWithCancel(ReferencePipeline.java:129)
at java.base/java.util.stream.AbstractPipeline.copyIntoWithCancel(AbstractPipeline.java:502)
at java.base/java.util.stream.AbstractPipeline.copyInto(AbstractPipeline.java:488)
at java.base/java.util.stream.AbstractPipeline.wrapAndCopyInto(AbstractPipeline.java:474)
at java.base/java.util.stream.FindOps$FindOp.evaluateSequential(FindOps.java:150)
at java.base/java.util.stream.AbstractPipeline.evaluate(AbstractPipeline.java:234)
at java.base/java.util.stream.ReferencePipeline.findFirst(ReferencePipeline.java:647)
at org.openqa.selenium.remote.ProtocolHandshake.createSession(ProtocolHandshake.java:128)
at org.openqa.selenium.remote.ProtocolHandshake.createSession(ProtocolHandshake.java:74)
at org.openqa.selenium.remote.HttpCommandExecutor.execute(HttpCommandExecutor.java:139)
at org.openqa.selenium.remote.service.DriverCommandExecutor.execute(DriverCommandExecutor.java:83)
at org.openqa.selenium.remote.RemoteWebDriver.execute(RemoteWebDriver.java:577)
at org.openqa.selenium.remote.RemoteWebDriver.startSession(RemoteWebDriver.java:211)
at org.openqa.selenium.remote.RemoteWebDriver.<init>(RemoteWebDriver.java:131)
at org.openqa.selenium.chrome.ChromeDriver.<init>(ChromeDriver.java:189)
at org.openqa.selenium.chrome.ChromeDriver.<init>(ChromeDriver.java:176)
at org.openqa.selenium.chrome.ChromeDriver.<init>(ChromeDriver.java:131)
at ai.gm.qa.base.TestBase.initialization(TestBase.java:47)
at ai.gm.qa.testcases.GMLoginPageTest.Setup(GMLoginPageTest.java:34)
at java.base/jdk.internal.reflect.NativeMethodAccessorImpl.invoke0(Native Method)
at java.base/jdk.internal.reflect.NativeMethodAccessorImpl.invoke(NativeMethodAccessorImpl.java:78)
at java.base/jdk.internal.reflect.DelegatingMethodAccessorImpl.invoke(DelegatingMethodAccessorImpl.java:43)
at java.base/java.lang.reflect.Method.invoke(Method.java:567)
at org.testng.internal.MethodInvocationHelper.invokeMethod(MethodInvocationHelper.java:133)
at org.testng.internal.MethodInvocationHelper.invokeMethodConsideringTimeout(MethodInvocationHelper.java:62)
at org.testng.internal.ConfigInvoker.invokeConfigurationMethod(ConfigInvoker.java:385)
at org.testng.internal.ConfigInvoker.invokeConfigurations(ConfigInvoker.java:321)
at org.testng.internal.TestInvoker.runConfigMethods(TestInvoker.java:700)
at org.testng.internal.TestInvoker.invokeMethod(TestInvoker.java:527)
at org.testng.internal.TestInvoker.invokeTestMethod(TestInvoker.java:173)
at org.testng.internal.MethodRunner.runInSequence(MethodRunner.java:46)
at org.testng.internal.TestInvoker$MethodInvocationAgent.invoke(TestInvoker.java:824)
at org.testng.internal.TestInvoker.invokeTestMethods(TestInvoker.java:146)
at org.testng.internal.TestMethodWorker.invokeTestMethods(TestMethodWorker.java:146)
at org.testng.internal.TestMethodWorker.run(TestMethodWorker.java:128)
at java.base/java.util.ArrayList.forEach(ArrayList.java:1511)
at org.testng.TestRunner.privateRun(TestRunner.java:794)
at org.testng.TestRunner.run(TestRunner.java:596)
at org.testng.SuiteRunner.runTest(SuiteRunner.java:377)
at org.testng.SuiteRunner.runSequentially(SuiteRunner.java:371)
at org.testng.SuiteRunner.privateRun(SuiteRunner.java:332)
at org.testng.SuiteRunner.run(SuiteRunner.java:276)
at org.testng.SuiteRunnerWorker.runSuite(SuiteRunnerWorker.java:53)
at org.testng.SuiteRunnerWorker.run(SuiteRunnerWorker.java:96)
at org.testng.TestNG.runSuitesSequentially(TestNG.java:1212)
at org.testng.TestNG.runSuitesLocally(TestNG.java:1134)
at org.testng.TestNG.runSuites(TestNG.java:1063)
at org.testng.TestNG.run(TestNG.java:1031)
at org.testng.remote.AbstractRemoteTestNG.run(AbstractRemoteTestNG.java:115)
at org.testng.remote.RemoteTestNG.initAndRun(RemoteTestNG.java:251)
at org.testng.remote.RemoteTestNG.main(RemoteTestNG.java:77)
]]>
            </full-stacktrace>
          </exception> <!-- org.openqa.selenium.SessionNotCreatedException -->
          <reporter-output>
          </reporter-output>
        </test-method> <!-- loginTest -->
        <test-method is-config="true" signature="tearDown()[pri:0, instance:ai.gm.qa.testcases.GMLoginPageTest@543588e6]" started-at="2022-02-22T17:03:45 IST" name="tearDown" finished-at="1970-01-01T05:30:00 IST" duration-ms="-1645529625505" status="SKIP">
          <reporter-output>
          </reporter-output>
        </test-method> <!-- tearDown -->
        <test-method is-config="true" signature="Setup()[pri:0, instance:ai.gm.qa.testcases.GMLoginPageTest@543588e6]" started-at="2022-02-22T17:03:46 IST" name="Setup" finished-at="1970-01-01T05:30:00 IST" duration-ms="-1645529626638" status="SKIP">
          <reporter-output>
          </reporter-output>
        </test-method> <!-- Setup -->
        <test-method signature="validatedifferentcomapnycredential(java.lang.String,java.lang.String)[pri:4, instance:ai.gm.qa.testcases.GMLoginPageTest@543588e6]" started-at="2022-02-22T17:03:46 IST" name="validatedifferentcomapnycredential" data-provider="getCrdentialTestData" finished-at="2022-02-22T17:03:46 IST" duration-ms="0" status="SKIP">
          <params>
            <param index="0">
              <value>
                <![CDATA[sujit@goodmeetings.ai]]>
              </value>
            </param>
            <param index="1">
              <value>
                <![CDATA[sujit@123]]>
              </value>
            </param>
          </params>
          <exception class="org.openqa.selenium.SessionNotCreatedException">
            <message>
              <![CDATA[session not created: This version of ChromeDriver only supports Chrome version 94
Current browser version is 98.0.4758.102 with binary path C:\Program Files (x86)\Google\Chrome\Application\chrome.exe
Build info: version: '4.0.0-alpha-1', revision: 'd1d3728cae', time: '2019-04-24T13:42:21'
System info: host: 'DESKTOP-A49J3A9', ip: '192.168.242.159', os.name: 'Windows 10', os.arch: 'amd64', os.version: '10.0', java.version: '16.0.2'
Driver info: driver.version: ChromeDriver
remote stacktrace: Backtrace:
Ordinal0 [0x00D9BDE3+2473443]
Ordinal0 [0x00D36661+2057825]
Ordinal0 [0x00C42438+1057848]
Ordinal0 [0x00C6054A+1181002]
Ordinal0 [0x00C5C435+1164341]
Ordinal0 [0x00C59CAF+1154223]
Ordinal0 [0x00C89ADF+1350367]
Ordinal0 [0x00C8974A+1349450]
Ordinal0 [0x00C855AB+1332651]
Ordinal0 [0x00C62104+1188100]
Ordinal0 [0x00C62F59+1191769]
GetHandleVerifier [0x00F22266+1549718]
GetHandleVerifier [0x00FCD4A7+2250711]
GetHandleVerifier [0x00E2718B+521403]
GetHandleVerifier [0x00E26229+517465]
Ordinal0 [0x00D3B79D+2078621]
Ordinal0 [0x00D3FB58+2095960]
Ordinal0 [0x00D3FC92+2096274]
Ordinal0 [0x00D49541+2135361]
BaseThreadInitThunk [0x7796FA29+25]
RtlGetAppContainerNamedObjectPath [0x77D47A9E+286]
RtlGetAppContainerNamedObjectPath [0x77D47A6E+238]
]]>
            </message>
            <full-stacktrace>
              <![CDATA[org.openqa.selenium.SessionNotCreatedException: session not created: This version of ChromeDriver only supports Chrome version 94
Current browser version is 98.0.4758.102 with binary path C:\Program Files (x86)\Google\Chrome\Application\chrome.exe
Build info: version: '4.0.0-alpha-1', revision: 'd1d3728cae', time: '2019-04-24T13:42:21'
System info: host: 'DESKTOP-A49J3A9', ip: '192.168.242.159', os.name: 'Windows 10', os.arch: 'amd64', os.version: '10.0', java.version: '16.0.2'
Driver info: driver.version: ChromeDriver
remote stacktrace: Backtrace:
Ordinal0 [0x00D9BDE3+2473443]
Ordinal0 [0x00D36661+2057825]
Ordinal0 [0x00C42438+1057848]
Ordinal0 [0x00C6054A+1181002]
Ordinal0 [0x00C5C435+1164341]
Ordinal0 [0x00C59CAF+1154223]
Ordinal0 [0x00C89ADF+1350367]
Ordinal0 [0x00C8974A+1349450]
Ordinal0 [0x00C855AB+1332651]
Ordinal0 [0x00C62104+1188100]
Ordinal0 [0x00C62F59+1191769]
GetHandleVerifier [0x00F22266+1549718]
GetHandleVerifier [0x00FCD4A7+2250711]
GetHandleVerifier [0x00E2718B+521403]
GetHandleVerifier [0x00E26229+517465]
Ordinal0 [0x00D3B79D+2078621]
Ordinal0 [0x00D3FB58+2095960]
Ordinal0 [0x00D3FC92+2096274]
Ordinal0 [0x00D49541+2135361]
BaseThreadInitThunk [0x7796FA29+25]
RtlGetAppContainerNamedObjectPath [0x77D47A9E+286]
RtlGetAppContainerNamedObjectPath [0x77D47A6E+238]

at java.base/jdk.internal.reflect.NativeConstructorAccessorImpl.newInstance0(Native Method)
at java.base/jdk.internal.reflect.NativeConstructorAccessorImpl.newInstance(NativeConstructorAccessorImpl.java:78)
at java.base/jdk.internal.reflect.DelegatingConstructorAccessorImpl.newInstance(DelegatingConstructorAccessorImpl.java:45)
at java.base/java.lang.reflect.Constructor.newInstanceWithCaller(Constructor.java:499)
at java.base/java.lang.reflect.Constructor.newInstance(Constructor.java:480)
at org.openqa.selenium.remote.W3CHandshakeResponse.lambda$errorHandler$0(W3CHandshakeResponse.java:62)
at org.openqa.selenium.remote.HandshakeResponse.lambda$getResponseFunction$0(HandshakeResponse.java:30)
at org.openqa.selenium.remote.ProtocolHandshake.lambda$createSession$0(ProtocolHandshake.java:126)
at java.base/java.util.stream.ReferencePipeline$3$1.accept(ReferencePipeline.java:197)
at java.base/java.util.Spliterators$ArraySpliterator.tryAdvance(Spliterators.java:958)
at java.base/java.util.stream.ReferencePipeline.forEachWithCancel(ReferencePipeline.java:129)
at java.base/java.util.stream.AbstractPipeline.copyIntoWithCancel(AbstractPipeline.java:502)
at java.base/java.util.stream.AbstractPipeline.copyInto(AbstractPipeline.java:488)
at java.base/java.util.stream.AbstractPipeline.wrapAndCopyInto(AbstractPipeline.java:474)
at java.base/java.util.stream.FindOps$FindOp.evaluateSequential(FindOps.java:150)
at java.base/java.util.stream.AbstractPipeline.evaluate(AbstractPipeline.java:234)
at java.base/java.util.stream.ReferencePipeline.findFirst(ReferencePipeline.java:647)
at org.openqa.selenium.remote.ProtocolHandshake.createSession(ProtocolHandshake.java:128)
at org.openqa.selenium.remote.ProtocolHandshake.createSession(ProtocolHandshake.java:74)
at org.openqa.selenium.remote.HttpCommandExecutor.execute(HttpCommandExecutor.java:139)
at org.openqa.selenium.remote.service.DriverCommandExecutor.execute(DriverCommandExecutor.java:83)
at org.openqa.selenium.remote.RemoteWebDriver.execute(RemoteWebDriver.java:577)
at org.openqa.selenium.remote.RemoteWebDriver.startSession(RemoteWebDriver.java:211)
at org.openqa.selenium.remote.RemoteWebDriver.<init>(RemoteWebDriver.java:131)
at org.openqa.selenium.chrome.ChromeDriver.<init>(ChromeDriver.java:189)
at org.openqa.selenium.chrome.ChromeDriver.<init>(ChromeDriver.java:176)
at org.openqa.selenium.chrome.ChromeDriver.<init>(ChromeDriver.java:131)
at ai.gm.qa.base.TestBase.initialization(TestBase.java:47)
at ai.gm.qa.testcases.GMLoginPageTest.Setup(GMLoginPageTest.java:34)
at java.base/jdk.internal.reflect.NativeMethodAccessorImpl.invoke0(Native Method)
at java.base/jdk.internal.reflect.NativeMethodAccessorImpl.invoke(NativeMethodAccessorImpl.java:78)
at java.base/jdk.internal.reflect.DelegatingMethodAccessorImpl.invoke(DelegatingMethodAccessorImpl.java:43)
at java.base/java.lang.reflect.Method.invoke(Method.java:567)
at org.testng.internal.MethodInvocationHelper.invokeMethod(MethodInvocationHelper.java:133)
at org.testng.internal.MethodInvocationHelper.invokeMethodConsideringTimeout(MethodInvocationHelper.java:62)
at org.testng.internal.ConfigInvoker.invokeConfigurationMethod(ConfigInvoker.java:385)
at org.testng.internal.ConfigInvoker.invokeConfigurations(ConfigInvoker.java:321)
at org.testng.internal.TestInvoker.runConfigMethods(TestInvoker.java:700)
at org.testng.internal.TestInvoker.invokeMethod(TestInvoker.java:527)
at org.testng.internal.TestInvoker.invokeTestMethod(TestInvoker.java:173)
at org.testng.internal.MethodRunner.runInSequence(MethodRunner.java:46)
at org.testng.internal.TestInvoker$MethodInvocationAgent.invoke(TestInvoker.java:824)
at org.testng.internal.TestInvoker.invokeTestMethods(TestInvoker.java:146)
at org.testng.internal.TestMethodWorker.invokeTestMethods(TestMethodWorker.java:146)
at org.testng.internal.TestMethodWorker.run(TestMethodWorker.java:128)
at java.base/java.util.ArrayList.forEach(ArrayList.java:1511)
at org.testng.TestRunner.privateRun(TestRunner.java:794)
at org.testng.TestRunner.run(TestRunner.java:596)
at org.testng.SuiteRunner.runTest(SuiteRunner.java:377)
at org.testng.SuiteRunner.runSequentially(SuiteRunner.java:371)
at org.testng.SuiteRunner.privateRun(SuiteRunner.java:332)
at org.testng.SuiteRunner.run(SuiteRunner.java:276)
at org.testng.SuiteRunnerWorker.runSuite(SuiteRunnerWorker.java:53)
at org.testng.SuiteRunnerWorker.run(SuiteRunnerWorker.java:96)
at org.testng.TestNG.runSuitesSequentially(TestNG.java:1212)
at org.testng.TestNG.runSuitesLocally(TestNG.java:1134)
at org.testng.TestNG.runSuites(TestNG.java:1063)
at org.testng.TestNG.run(TestNG.java:1031)
at org.testng.remote.AbstractRemoteTestNG.run(AbstractRemoteTestNG.java:115)
at org.testng.remote.RemoteTestNG.initAndRun(RemoteTestNG.java:251)
at org.testng.remote.RemoteTestNG.main(RemoteTestNG.java:77)
]]>
            </full-stacktrace>
          </exception> <!-- org.openqa.selenium.SessionNotCreatedException -->
          <reporter-output>
          </reporter-output>
        </test-method> <!-- validatedifferentcomapnycredential -->
        <test-method is-config="true" signature="tearDown()[pri:0, instance:ai.gm.qa.testcases.GMLoginPageTest@543588e6]" started-at="2022-02-22T17:03:46 IST" name="tearDown" finished-at="1970-01-01T05:30:00 IST" duration-ms="-1645529626653" status="SKIP">
          <reporter-output>
          </reporter-output>
        </test-method> <!-- tearDown -->
        <test-method is-config="true" signature="Setup()[pri:0, instance:ai.gm.qa.testcases.GMLoginPageTest@543588e6]" started-at="2022-02-22T17:03:46 IST" name="Setup" finished-at="1970-01-01T05:30:00 IST" duration-ms="-1645529626654" status="SKIP">
          <reporter-output>
          </reporter-output>
        </test-method> <!-- Setup -->
        <test-method signature="validatedifferentcomapnycredential(java.lang.String,java.lang.String)[pri:4, instance:ai.gm.qa.testcases.GMLoginPageTest@543588e6]" started-at="2022-02-22T17:03:46 IST" name="validatedifferentcomapnycredential" data-provider="getCrdentialTestData" finished-at="2022-02-22T17:03:46 IST" duration-ms="0" status="SKIP">
          <params>
            <param index="0">
              <value>
                <![CDATA[gmuser@gmuser.com]]>
              </value>
            </param>
            <param index="1">
              <value>
                <![CDATA[gmuser@123]]>
              </value>
            </param>
          </params>
          <exception class="org.openqa.selenium.SessionNotCreatedException">
            <message>
              <![CDATA[session not created: This version of ChromeDriver only supports Chrome version 94
Current browser version is 98.0.4758.102 with binary path C:\Program Files (x86)\Google\Chrome\Application\chrome.exe
Build info: version: '4.0.0-alpha-1', revision: 'd1d3728cae', time: '2019-04-24T13:42:21'
System info: host: 'DESKTOP-A49J3A9', ip: '192.168.242.159', os.name: 'Windows 10', os.arch: 'amd64', os.version: '10.0', java.version: '16.0.2'
Driver info: driver.version: ChromeDriver
remote stacktrace: Backtrace:
Ordinal0 [0x00D9BDE3+2473443]
Ordinal0 [0x00D36661+2057825]
Ordinal0 [0x00C42438+1057848]
Ordinal0 [0x00C6054A+1181002]
Ordinal0 [0x00C5C435+1164341]
Ordinal0 [0x00C59CAF+1154223]
Ordinal0 [0x00C89ADF+1350367]
Ordinal0 [0x00C8974A+1349450]
Ordinal0 [0x00C855AB+1332651]
Ordinal0 [0x00C62104+1188100]
Ordinal0 [0x00C62F59+1191769]
GetHandleVerifier [0x00F22266+1549718]
GetHandleVerifier [0x00FCD4A7+2250711]
GetHandleVerifier [0x00E2718B+521403]
GetHandleVerifier [0x00E26229+517465]
Ordinal0 [0x00D3B79D+2078621]
Ordinal0 [0x00D3FB58+2095960]
Ordinal0 [0x00D3FC92+2096274]
Ordinal0 [0x00D49541+2135361]
BaseThreadInitThunk [0x7796FA29+25]
RtlGetAppContainerNamedObjectPath [0x77D47A9E+286]
RtlGetAppContainerNamedObjectPath [0x77D47A6E+238]
]]>
            </message>
            <full-stacktrace>
              <![CDATA[org.openqa.selenium.SessionNotCreatedException: session not created: This version of ChromeDriver only supports Chrome version 94
Current browser version is 98.0.4758.102 with binary path C:\Program Files (x86)\Google\Chrome\Application\chrome.exe
Build info: version: '4.0.0-alpha-1', revision: 'd1d3728cae', time: '2019-04-24T13:42:21'
System info: host: 'DESKTOP-A49J3A9', ip: '192.168.242.159', os.name: 'Windows 10', os.arch: 'amd64', os.version: '10.0', java.version: '16.0.2'
Driver info: driver.version: ChromeDriver
remote stacktrace: Backtrace:
Ordinal0 [0x00D9BDE3+2473443]
Ordinal0 [0x00D36661+2057825]
Ordinal0 [0x00C42438+1057848]
Ordinal0 [0x00C6054A+1181002]
Ordinal0 [0x00C5C435+1164341]
Ordinal0 [0x00C59CAF+1154223]
Ordinal0 [0x00C89ADF+1350367]
Ordinal0 [0x00C8974A+1349450]
Ordinal0 [0x00C855AB+1332651]
Ordinal0 [0x00C62104+1188100]
Ordinal0 [0x00C62F59+1191769]
GetHandleVerifier [0x00F22266+1549718]
GetHandleVerifier [0x00FCD4A7+2250711]
GetHandleVerifier [0x00E2718B+521403]
GetHandleVerifier [0x00E26229+517465]
Ordinal0 [0x00D3B79D+2078621]
Ordinal0 [0x00D3FB58+2095960]
Ordinal0 [0x00D3FC92+2096274]
Ordinal0 [0x00D49541+2135361]
BaseThreadInitThunk [0x7796FA29+25]
RtlGetAppContainerNamedObjectPath [0x77D47A9E+286]
RtlGetAppContainerNamedObjectPath [0x77D47A6E+238]

at java.base/jdk.internal.reflect.NativeConstructorAccessorImpl.newInstance0(Native Method)
at java.base/jdk.internal.reflect.NativeConstructorAccessorImpl.newInstance(NativeConstructorAccessorImpl.java:78)
at java.base/jdk.internal.reflect.DelegatingConstructorAccessorImpl.newInstance(DelegatingConstructorAccessorImpl.java:45)
at java.base/java.lang.reflect.Constructor.newInstanceWithCaller(Constructor.java:499)
at java.base/java.lang.reflect.Constructor.newInstance(Constructor.java:480)
at org.openqa.selenium.remote.W3CHandshakeResponse.lambda$errorHandler$0(W3CHandshakeResponse.java:62)
at org.openqa.selenium.remote.HandshakeResponse.lambda$getResponseFunction$0(HandshakeResponse.java:30)
at org.openqa.selenium.remote.ProtocolHandshake.lambda$createSession$0(ProtocolHandshake.java:126)
at java.base/java.util.stream.ReferencePipeline$3$1.accept(ReferencePipeline.java:197)
at java.base/java.util.Spliterators$ArraySpliterator.tryAdvance(Spliterators.java:958)
at java.base/java.util.stream.ReferencePipeline.forEachWithCancel(ReferencePipeline.java:129)
at java.base/java.util.stream.AbstractPipeline.copyIntoWithCancel(AbstractPipeline.java:502)
at java.base/java.util.stream.AbstractPipeline.copyInto(AbstractPipeline.java:488)
at java.base/java.util.stream.AbstractPipeline.wrapAndCopyInto(AbstractPipeline.java:474)
at java.base/java.util.stream.FindOps$FindOp.evaluateSequential(FindOps.java:150)
at java.base/java.util.stream.AbstractPipeline.evaluate(AbstractPipeline.java:234)
at java.base/java.util.stream.ReferencePipeline.findFirst(ReferencePipeline.java:647)
at org.openqa.selenium.remote.ProtocolHandshake.createSession(ProtocolHandshake.java:128)
at org.openqa.selenium.remote.ProtocolHandshake.createSession(ProtocolHandshake.java:74)
at org.openqa.selenium.remote.HttpCommandExecutor.execute(HttpCommandExecutor.java:139)
at org.openqa.selenium.remote.service.DriverCommandExecutor.execute(DriverCommandExecutor.java:83)
at org.openqa.selenium.remote.RemoteWebDriver.execute(RemoteWebDriver.java:577)
at org.openqa.selenium.remote.RemoteWebDriver.startSession(RemoteWebDriver.java:211)
at org.openqa.selenium.remote.RemoteWebDriver.<init>(RemoteWebDriver.java:131)
at org.openqa.selenium.chrome.ChromeDriver.<init>(ChromeDriver.java:189)
at org.openqa.selenium.chrome.ChromeDriver.<init>(ChromeDriver.java:176)
at org.openqa.selenium.chrome.ChromeDriver.<init>(ChromeDriver.java:131)
at ai.gm.qa.base.TestBase.initialization(TestBase.java:47)
at ai.gm.qa.testcases.GMLoginPageTest.Setup(GMLoginPageTest.java:34)
at java.base/jdk.internal.reflect.NativeMethodAccessorImpl.invoke0(Native Method)
at java.base/jdk.internal.reflect.NativeMethodAccessorImpl.invoke(NativeMethodAccessorImpl.java:78)
at java.base/jdk.internal.reflect.DelegatingMethodAccessorImpl.invoke(DelegatingMethodAccessorImpl.java:43)
at java.base/java.lang.reflect.Method.invoke(Method.java:567)
at org.testng.internal.MethodInvocationHelper.invokeMethod(MethodInvocationHelper.java:133)
at org.testng.internal.MethodInvocationHelper.invokeMethodConsideringTimeout(MethodInvocationHelper.java:62)
at org.testng.internal.ConfigInvoker.invokeConfigurationMethod(ConfigInvoker.java:385)
at org.testng.internal.ConfigInvoker.invokeConfigurations(ConfigInvoker.java:321)
at org.testng.internal.TestInvoker.runConfigMethods(TestInvoker.java:700)
at org.testng.internal.TestInvoker.invokeMethod(TestInvoker.java:527)
at org.testng.internal.TestInvoker.invokeTestMethod(TestInvoker.java:173)
at org.testng.internal.MethodRunner.runInSequence(MethodRunner.java:46)
at org.testng.internal.TestInvoker$MethodInvocationAgent.invoke(TestInvoker.java:824)
at org.testng.internal.TestInvoker.invokeTestMethods(TestInvoker.java:146)
at org.testng.internal.TestMethodWorker.invokeTestMethods(TestMethodWorker.java:146)
at org.testng.internal.TestMethodWorker.run(TestMethodWorker.java:128)
at java.base/java.util.ArrayList.forEach(ArrayList.java:1511)
at org.testng.TestRunner.privateRun(TestRunner.java:794)
at org.testng.TestRunner.run(TestRunner.java:596)
at org.testng.SuiteRunner.runTest(SuiteRunner.java:377)
at org.testng.SuiteRunner.runSequentially(SuiteRunner.java:371)
at org.testng.SuiteRunner.privateRun(SuiteRunner.java:332)
at org.testng.SuiteRunner.run(SuiteRunner.java:276)
at org.testng.SuiteRunnerWorker.runSuite(SuiteRunnerWorker.java:53)
at org.testng.SuiteRunnerWorker.run(SuiteRunnerWorker.java:96)
at org.testng.TestNG.runSuitesSequentially(TestNG.java:1212)
at org.testng.TestNG.runSuitesLocally(TestNG.java:1134)
at org.testng.TestNG.runSuites(TestNG.java:1063)
at org.testng.TestNG.run(TestNG.java:1031)
at org.testng.remote.AbstractRemoteTestNG.run(AbstractRemoteTestNG.java:115)
at org.testng.remote.RemoteTestNG.initAndRun(RemoteTestNG.java:251)
at org.testng.remote.RemoteTestNG.main(RemoteTestNG.java:77)
]]>
            </full-stacktrace>
          </exception> <!-- org.openqa.selenium.SessionNotCreatedException -->
          <reporter-output>
          </reporter-output>
        </test-method> <!-- validatedifferentcomapnycredential -->
        <test-method is-config="true" signature="tearDown()[pri:0, instance:ai.gm.qa.testcases.GMLoginPageTest@543588e6]" started-at="2022-02-22T17:03:46 IST" name="tearDown" finished-at="1970-01-01T05:30:00 IST" duration-ms="-1645529626666" status="SKIP">
          <reporter-output>
          </reporter-output>
        </test-method> <!-- tearDown -->
        <test-method is-config="true" signature="Setup()[pri:0, instance:ai.gm.qa.testcases.GMLoginPageTest@543588e6]" started-at="2022-02-22T17:03:46 IST" name="Setup" finished-at="1970-01-01T05:30:00 IST" duration-ms="-1645529626670" status="SKIP">
          <reporter-output>
          </reporter-output>
        </test-method> <!-- Setup -->
        <test-method signature="validatedifferentcomapnycredential(java.lang.String,java.lang.String)[pri:4, instance:ai.gm.qa.testcases.GMLoginPageTest@543588e6]" started-at="2022-02-22T17:03:46 IST" name="validatedifferentcomapnycredential" data-provider="getCrdentialTestData" finished-at="2022-02-22T17:03:46 IST" duration-ms="0" status="SKIP">
          <params>
            <param index="0">
              <value>
                <![CDATA[admin@indifi.com]]>
              </value>
            </param>
            <param index="1">
              <value>
                <![CDATA[admin@123]]>
              </value>
            </param>
          </params>
          <exception class="org.openqa.selenium.SessionNotCreatedException">
            <message>
              <![CDATA[session not created: This version of ChromeDriver only supports Chrome version 94
Current browser version is 98.0.4758.102 with binary path C:\Program Files (x86)\Google\Chrome\Application\chrome.exe
Build info: version: '4.0.0-alpha-1', revision: 'd1d3728cae', time: '2019-04-24T13:42:21'
System info: host: 'DESKTOP-A49J3A9', ip: '192.168.242.159', os.name: 'Windows 10', os.arch: 'amd64', os.version: '10.0', java.version: '16.0.2'
Driver info: driver.version: ChromeDriver
remote stacktrace: Backtrace:
Ordinal0 [0x00D9BDE3+2473443]
Ordinal0 [0x00D36661+2057825]
Ordinal0 [0x00C42438+1057848]
Ordinal0 [0x00C6054A+1181002]
Ordinal0 [0x00C5C435+1164341]
Ordinal0 [0x00C59CAF+1154223]
Ordinal0 [0x00C89ADF+1350367]
Ordinal0 [0x00C8974A+1349450]
Ordinal0 [0x00C855AB+1332651]
Ordinal0 [0x00C62104+1188100]
Ordinal0 [0x00C62F59+1191769]
GetHandleVerifier [0x00F22266+1549718]
GetHandleVerifier [0x00FCD4A7+2250711]
GetHandleVerifier [0x00E2718B+521403]
GetHandleVerifier [0x00E26229+517465]
Ordinal0 [0x00D3B79D+2078621]
Ordinal0 [0x00D3FB58+2095960]
Ordinal0 [0x00D3FC92+2096274]
Ordinal0 [0x00D49541+2135361]
BaseThreadInitThunk [0x7796FA29+25]
RtlGetAppContainerNamedObjectPath [0x77D47A9E+286]
RtlGetAppContainerNamedObjectPath [0x77D47A6E+238]
]]>
            </message>
            <full-stacktrace>
              <![CDATA[org.openqa.selenium.SessionNotCreatedException: session not created: This version of ChromeDriver only supports Chrome version 94
Current browser version is 98.0.4758.102 with binary path C:\Program Files (x86)\Google\Chrome\Application\chrome.exe
Build info: version: '4.0.0-alpha-1', revision: 'd1d3728cae', time: '2019-04-24T13:42:21'
System info: host: 'DESKTOP-A49J3A9', ip: '192.168.242.159', os.name: 'Windows 10', os.arch: 'amd64', os.version: '10.0', java.version: '16.0.2'
Driver info: driver.version: ChromeDriver
remote stacktrace: Backtrace:
Ordinal0 [0x00D9BDE3+2473443]
Ordinal0 [0x00D36661+2057825]
Ordinal0 [0x00C42438+1057848]
Ordinal0 [0x00C6054A+1181002]
Ordinal0 [0x00C5C435+1164341]
Ordinal0 [0x00C59CAF+1154223]
Ordinal0 [0x00C89ADF+1350367]
Ordinal0 [0x00C8974A+1349450]
Ordinal0 [0x00C855AB+1332651]
Ordinal0 [0x00C62104+1188100]
Ordinal0 [0x00C62F59+1191769]
GetHandleVerifier [0x00F22266+1549718]
GetHandleVerifier [0x00FCD4A7+2250711]
GetHandleVerifier [0x00E2718B+521403]
GetHandleVerifier [0x00E26229+517465]
Ordinal0 [0x00D3B79D+2078621]
Ordinal0 [0x00D3FB58+2095960]
Ordinal0 [0x00D3FC92+2096274]
Ordinal0 [0x00D49541+2135361]
BaseThreadInitThunk [0x7796FA29+25]
RtlGetAppContainerNamedObjectPath [0x77D47A9E+286]
RtlGetAppContainerNamedObjectPath [0x77D47A6E+238]

at java.base/jdk.internal.reflect.NativeConstructorAccessorImpl.newInstance0(Native Method)
at java.base/jdk.internal.reflect.NativeConstructorAccessorImpl.newInstance(NativeConstructorAccessorImpl.java:78)
at java.base/jdk.internal.reflect.DelegatingConstructorAccessorImpl.newInstance(DelegatingConstructorAccessorImpl.java:45)
at java.base/java.lang.reflect.Constructor.newInstanceWithCaller(Constructor.java:499)
at java.base/java.lang.reflect.Constructor.newInstance(Constructor.java:480)
at org.openqa.selenium.remote.W3CHandshakeResponse.lambda$errorHandler$0(W3CHandshakeResponse.java:62)
at org.openqa.selenium.remote.HandshakeResponse.lambda$getResponseFunction$0(HandshakeResponse.java:30)
at org.openqa.selenium.remote.ProtocolHandshake.lambda$createSession$0(ProtocolHandshake.java:126)
at java.base/java.util.stream.ReferencePipeline$3$1.accept(ReferencePipeline.java:197)
at java.base/java.util.Spliterators$ArraySpliterator.tryAdvance(Spliterators.java:958)
at java.base/java.util.stream.ReferencePipeline.forEachWithCancel(ReferencePipeline.java:129)
at java.base/java.util.stream.AbstractPipeline.copyIntoWithCancel(AbstractPipeline.java:502)
at java.base/java.util.stream.AbstractPipeline.copyInto(AbstractPipeline.java:488)
at java.base/java.util.stream.AbstractPipeline.wrapAndCopyInto(AbstractPipeline.java:474)
at java.base/java.util.stream.FindOps$FindOp.evaluateSequential(FindOps.java:150)
at java.base/java.util.stream.AbstractPipeline.evaluate(AbstractPipeline.java:234)
at java.base/java.util.stream.ReferencePipeline.findFirst(ReferencePipeline.java:647)
at org.openqa.selenium.remote.ProtocolHandshake.createSession(ProtocolHandshake.java:128)
at org.openqa.selenium.remote.ProtocolHandshake.createSession(ProtocolHandshake.java:74)
at org.openqa.selenium.remote.HttpCommandExecutor.execute(HttpCommandExecutor.java:139)
at org.openqa.selenium.remote.service.DriverCommandExecutor.execute(DriverCommandExecutor.java:83)
at org.openqa.selenium.remote.RemoteWebDriver.execute(RemoteWebDriver.java:577)
at org.openqa.selenium.remote.RemoteWebDriver.startSession(RemoteWebDriver.java:211)
at org.openqa.selenium.remote.RemoteWebDriver.<init>(RemoteWebDriver.java:131)
at org.openqa.selenium.chrome.ChromeDriver.<init>(ChromeDriver.java:189)
at org.openqa.selenium.chrome.ChromeDriver.<init>(ChromeDriver.java:176)
at org.openqa.selenium.chrome.ChromeDriver.<init>(ChromeDriver.java:131)
at ai.gm.qa.base.TestBase.initialization(TestBase.java:47)
at ai.gm.qa.testcases.GMLoginPageTest.Setup(GMLoginPageTest.java:34)
at java.base/jdk.internal.reflect.NativeMethodAccessorImpl.invoke0(Native Method)
at java.base/jdk.internal.reflect.NativeMethodAccessorImpl.invoke(NativeMethodAccessorImpl.java:78)
at java.base/jdk.internal.reflect.DelegatingMethodAccessorImpl.invoke(DelegatingMethodAccessorImpl.java:43)
at java.base/java.lang.reflect.Method.invoke(Method.java:567)
at org.testng.internal.MethodInvocationHelper.invokeMethod(MethodInvocationHelper.java:133)
at org.testng.internal.MethodInvocationHelper.invokeMethodConsideringTimeout(MethodInvocationHelper.java:62)
at org.testng.internal.ConfigInvoker.invokeConfigurationMethod(ConfigInvoker.java:385)
at org.testng.internal.ConfigInvoker.invokeConfigurations(ConfigInvoker.java:321)
at org.testng.internal.TestInvoker.runConfigMethods(TestInvoker.java:700)
at org.testng.internal.TestInvoker.invokeMethod(TestInvoker.java:527)
at org.testng.internal.TestInvoker.invokeTestMethod(TestInvoker.java:173)
at org.testng.internal.MethodRunner.runInSequence(MethodRunner.java:46)
at org.testng.internal.TestInvoker$MethodInvocationAgent.invoke(TestInvoker.java:824)
at org.testng.internal.TestInvoker.invokeTestMethods(TestInvoker.java:146)
at org.testng.internal.TestMethodWorker.invokeTestMethods(TestMethodWorker.java:146)
at org.testng.internal.TestMethodWorker.run(TestMethodWorker.java:128)
at java.base/java.util.ArrayList.forEach(ArrayList.java:1511)
at org.testng.TestRunner.privateRun(TestRunner.java:794)
at org.testng.TestRunner.run(TestRunner.java:596)
at org.testng.SuiteRunner.runTest(SuiteRunner.java:377)
at org.testng.SuiteRunner.runSequentially(SuiteRunner.java:371)
at org.testng.SuiteRunner.privateRun(SuiteRunner.java:332)
at org.testng.SuiteRunner.run(SuiteRunner.java:276)
at org.testng.SuiteRunnerWorker.runSuite(SuiteRunnerWorker.java:53)
at org.testng.SuiteRunnerWorker.run(SuiteRunnerWorker.java:96)
at org.testng.TestNG.runSuitesSequentially(TestNG.java:1212)
at org.testng.TestNG.runSuitesLocally(TestNG.java:1134)
at org.testng.TestNG.runSuites(TestNG.java:1063)
at org.testng.TestNG.run(TestNG.java:1031)
at org.testng.remote.AbstractRemoteTestNG.run(AbstractRemoteTestNG.java:115)
at org.testng.remote.RemoteTestNG.initAndRun(RemoteTestNG.java:251)
at org.testng.remote.RemoteTestNG.main(RemoteTestNG.java:77)
]]>
            </full-stacktrace>
          </exception> <!-- org.openqa.selenium.SessionNotCreatedException -->
          <reporter-output>
          </reporter-output>
        </test-method> <!-- validatedifferentcomapnycredential -->
        <test-method is-config="true" signature="tearDown()[pri:0, instance:ai.gm.qa.testcases.GMLoginPageTest@543588e6]" started-at="2022-02-22T17:03:46 IST" name="tearDown" finished-at="1970-01-01T05:30:00 IST" duration-ms="-1645529626690" status="SKIP">
          <reporter-output>
          </reporter-output>
        </test-method> <!-- tearDown -->
        <test-method is-config="true" signature="Setup()[pri:0, instance:ai.gm.qa.testcases.GMLoginPageTest@543588e6]" started-at="2022-02-22T17:03:46 IST" name="Setup" finished-at="1970-01-01T05:30:00 IST" duration-ms="-1645529626695" status="SKIP">
          <reporter-output>
          </reporter-output>
        </test-method> <!-- Setup -->
        <test-method signature="validatedifferentcomapnycredential(java.lang.String,java.lang.String)[pri:4, instance:ai.gm.qa.testcases.GMLoginPageTest@543588e6]" started-at="2022-02-22T17:03:46 IST" name="validatedifferentcomapnycredential" data-provider="getCrdentialTestData" finished-at="2022-02-22T17:03:46 IST" duration-ms="0" status="SKIP">
          <params>
            <param index="0">
              <value>
                <![CDATA[gm@gmail.com]]>
              </value>
            </param>
            <param index="1">
              <value>
                <![CDATA[gm@12345]]>
              </value>
            </param>
          </params>
          <exception class="org.openqa.selenium.SessionNotCreatedException">
            <message>
              <![CDATA[session not created: This version of ChromeDriver only supports Chrome version 94
Current browser version is 98.0.4758.102 with binary path C:\Program Files (x86)\Google\Chrome\Application\chrome.exe
Build info: version: '4.0.0-alpha-1', revision: 'd1d3728cae', time: '2019-04-24T13:42:21'
System info: host: 'DESKTOP-A49J3A9', ip: '192.168.242.159', os.name: 'Windows 10', os.arch: 'amd64', os.version: '10.0', java.version: '16.0.2'
Driver info: driver.version: ChromeDriver
remote stacktrace: Backtrace:
Ordinal0 [0x00D9BDE3+2473443]
Ordinal0 [0x00D36661+2057825]
Ordinal0 [0x00C42438+1057848]
Ordinal0 [0x00C6054A+1181002]
Ordinal0 [0x00C5C435+1164341]
Ordinal0 [0x00C59CAF+1154223]
Ordinal0 [0x00C89ADF+1350367]
Ordinal0 [0x00C8974A+1349450]
Ordinal0 [0x00C855AB+1332651]
Ordinal0 [0x00C62104+1188100]
Ordinal0 [0x00C62F59+1191769]
GetHandleVerifier [0x00F22266+1549718]
GetHandleVerifier [0x00FCD4A7+2250711]
GetHandleVerifier [0x00E2718B+521403]
GetHandleVerifier [0x00E26229+517465]
Ordinal0 [0x00D3B79D+2078621]
Ordinal0 [0x00D3FB58+2095960]
Ordinal0 [0x00D3FC92+2096274]
Ordinal0 [0x00D49541+2135361]
BaseThreadInitThunk [0x7796FA29+25]
RtlGetAppContainerNamedObjectPath [0x77D47A9E+286]
RtlGetAppContainerNamedObjectPath [0x77D47A6E+238]
]]>
            </message>
            <full-stacktrace>
              <![CDATA[org.openqa.selenium.SessionNotCreatedException: session not created: This version of ChromeDriver only supports Chrome version 94
Current browser version is 98.0.4758.102 with binary path C:\Program Files (x86)\Google\Chrome\Application\chrome.exe
Build info: version: '4.0.0-alpha-1', revision: 'd1d3728cae', time: '2019-04-24T13:42:21'
System info: host: 'DESKTOP-A49J3A9', ip: '192.168.242.159', os.name: 'Windows 10', os.arch: 'amd64', os.version: '10.0', java.version: '16.0.2'
Driver info: driver.version: ChromeDriver
remote stacktrace: Backtrace:
Ordinal0 [0x00D9BDE3+2473443]
Ordinal0 [0x00D36661+2057825]
Ordinal0 [0x00C42438+1057848]
Ordinal0 [0x00C6054A+1181002]
Ordinal0 [0x00C5C435+1164341]
Ordinal0 [0x00C59CAF+1154223]
Ordinal0 [0x00C89ADF+1350367]
Ordinal0 [0x00C8974A+1349450]
Ordinal0 [0x00C855AB+1332651]
Ordinal0 [0x00C62104+1188100]
Ordinal0 [0x00C62F59+1191769]
GetHandleVerifier [0x00F22266+1549718]
GetHandleVerifier [0x00FCD4A7+2250711]
GetHandleVerifier [0x00E2718B+521403]
GetHandleVerifier [0x00E26229+517465]
Ordinal0 [0x00D3B79D+2078621]
Ordinal0 [0x00D3FB58+2095960]
Ordinal0 [0x00D3FC92+2096274]
Ordinal0 [0x00D49541+2135361]
BaseThreadInitThunk [0x7796FA29+25]
RtlGetAppContainerNamedObjectPath [0x77D47A9E+286]
RtlGetAppContainerNamedObjectPath [0x77D47A6E+238]

at java.base/jdk.internal.reflect.NativeConstructorAccessorImpl.newInstance0(Native Method)
at java.base/jdk.internal.reflect.NativeConstructorAccessorImpl.newInstance(NativeConstructorAccessorImpl.java:78)
at java.base/jdk.internal.reflect.DelegatingConstructorAccessorImpl.newInstance(DelegatingConstructorAccessorImpl.java:45)
at java.base/java.lang.reflect.Constructor.newInstanceWithCaller(Constructor.java:499)
at java.base/java.lang.reflect.Constructor.newInstance(Constructor.java:480)
at org.openqa.selenium.remote.W3CHandshakeResponse.lambda$errorHandler$0(W3CHandshakeResponse.java:62)
at org.openqa.selenium.remote.HandshakeResponse.lambda$getResponseFunction$0(HandshakeResponse.java:30)
at org.openqa.selenium.remote.ProtocolHandshake.lambda$createSession$0(ProtocolHandshake.java:126)
at java.base/java.util.stream.ReferencePipeline$3$1.accept(ReferencePipeline.java:197)
at java.base/java.util.Spliterators$ArraySpliterator.tryAdvance(Spliterators.java:958)
at java.base/java.util.stream.ReferencePipeline.forEachWithCancel(ReferencePipeline.java:129)
at java.base/java.util.stream.AbstractPipeline.copyIntoWithCancel(AbstractPipeline.java:502)
at java.base/java.util.stream.AbstractPipeline.copyInto(AbstractPipeline.java:488)
at java.base/java.util.stream.AbstractPipeline.wrapAndCopyInto(AbstractPipeline.java:474)
at java.base/java.util.stream.FindOps$FindOp.evaluateSequential(FindOps.java:150)
at java.base/java.util.stream.AbstractPipeline.evaluate(AbstractPipeline.java:234)
at java.base/java.util.stream.ReferencePipeline.findFirst(ReferencePipeline.java:647)
at org.openqa.selenium.remote.ProtocolHandshake.createSession(ProtocolHandshake.java:128)
at org.openqa.selenium.remote.ProtocolHandshake.createSession(ProtocolHandshake.java:74)
at org.openqa.selenium.remote.HttpCommandExecutor.execute(HttpCommandExecutor.java:139)
at org.openqa.selenium.remote.service.DriverCommandExecutor.execute(DriverCommandExecutor.java:83)
at org.openqa.selenium.remote.RemoteWebDriver.execute(RemoteWebDriver.java:577)
at org.openqa.selenium.remote.RemoteWebDriver.startSession(RemoteWebDriver.java:211)
at org.openqa.selenium.remote.RemoteWebDriver.<init>(RemoteWebDriver.java:131)
at org.openqa.selenium.chrome.ChromeDriver.<init>(ChromeDriver.java:189)
at org.openqa.selenium.chrome.ChromeDriver.<init>(ChromeDriver.java:176)
at org.openqa.selenium.chrome.ChromeDriver.<init>(ChromeDriver.java:131)
at ai.gm.qa.base.TestBase.initialization(TestBase.java:47)
at ai.gm.qa.testcases.GMLoginPageTest.Setup(GMLoginPageTest.java:34)
at java.base/jdk.internal.reflect.NativeMethodAccessorImpl.invoke0(Native Method)
at java.base/jdk.internal.reflect.NativeMethodAccessorImpl.invoke(NativeMethodAccessorImpl.java:78)
at java.base/jdk.internal.reflect.DelegatingMethodAccessorImpl.invoke(DelegatingMethodAccessorImpl.java:43)
at java.base/java.lang.reflect.Method.invoke(Method.java:567)
at org.testng.internal.MethodInvocationHelper.invokeMethod(MethodInvocationHelper.java:133)
at org.testng.internal.MethodInvocationHelper.invokeMethodConsideringTimeout(MethodInvocationHelper.java:62)
at org.testng.internal.ConfigInvoker.invokeConfigurationMethod(ConfigInvoker.java:385)
at org.testng.internal.ConfigInvoker.invokeConfigurations(ConfigInvoker.java:321)
at org.testng.internal.TestInvoker.runConfigMethods(TestInvoker.java:700)
at org.testng.internal.TestInvoker.invokeMethod(TestInvoker.java:527)
at org.testng.internal.TestInvoker.invokeTestMethod(TestInvoker.java:173)
at org.testng.internal.MethodRunner.runInSequence(MethodRunner.java:46)
at org.testng.internal.TestInvoker$MethodInvocationAgent.invoke(TestInvoker.java:824)
at org.testng.internal.TestInvoker.invokeTestMethods(TestInvoker.java:146)
at org.testng.internal.TestMethodWorker.invokeTestMethods(TestMethodWorker.java:146)
at org.testng.internal.TestMethodWorker.run(TestMethodWorker.java:128)
at java.base/java.util.ArrayList.forEach(ArrayList.java:1511)
at org.testng.TestRunner.privateRun(TestRunner.java:794)
at org.testng.TestRunner.run(TestRunner.java:596)
at org.testng.SuiteRunner.runTest(SuiteRunner.java:377)
at org.testng.SuiteRunner.runSequentially(SuiteRunner.java:371)
at org.testng.SuiteRunner.privateRun(SuiteRunner.java:332)
at org.testng.SuiteRunner.run(SuiteRunner.java:276)
at org.testng.SuiteRunnerWorker.runSuite(SuiteRunnerWorker.java:53)
at org.testng.SuiteRunnerWorker.run(SuiteRunnerWorker.java:96)
at org.testng.TestNG.runSuitesSequentially(TestNG.java:1212)
at org.testng.TestNG.runSuitesLocally(TestNG.java:1134)
at org.testng.TestNG.runSuites(TestNG.java:1063)
at org.testng.TestNG.run(TestNG.java:1031)
at org.testng.remote.AbstractRemoteTestNG.run(AbstractRemoteTestNG.java:115)
at org.testng.remote.RemoteTestNG.initAndRun(RemoteTestNG.java:251)
at org.testng.remote.RemoteTestNG.main(RemoteTestNG.java:77)
]]>
            </full-stacktrace>
          </exception> <!-- org.openqa.selenium.SessionNotCreatedException -->
          <reporter-output>
          </reporter-output>
        </test-method> <!-- validatedifferentcomapnycredential -->
        <test-method is-config="true" signature="tearDown()[pri:0, instance:ai.gm.qa.testcases.GMLoginPageTest@543588e6]" started-at="2022-02-22T17:03:46 IST" name="tearDown" finished-at="1970-01-01T05:30:00 IST" duration-ms="-1645529626730" status="SKIP">
          <reporter-output>
          </reporter-output>
        </test-method> <!-- tearDown -->
        <test-method is-config="true" signature="Setup()[pri:0, instance:ai.gm.qa.testcases.GMLoginPageTest@543588e6]" started-at="2022-02-22T17:03:46 IST" name="Setup" finished-at="1970-01-01T05:30:00 IST" duration-ms="-1645529626732" status="SKIP">
          <reporter-output>
          </reporter-output>
        </test-method> <!-- Setup -->
        <test-method signature="validatedifferentcomapnycredential(java.lang.String,java.lang.String)[pri:4, instance:ai.gm.qa.testcases.GMLoginPageTest@543588e6]" started-at="2022-02-22T17:03:46 IST" name="validatedifferentcomapnycredential" data-provider="getCrdentialTestData" finished-at="2022-02-22T17:03:46 IST" duration-ms="0" status="SKIP">
          <params>
            <param index="0">
              <value>
                <![CDATA[sujit@zolostays.com]]>
              </value>
            </param>
            <param index="1">
              <value>
                <![CDATA[sujit@123]]>
              </value>
            </param>
          </params>
          <exception class="org.openqa.selenium.SessionNotCreatedException">
            <message>
              <![CDATA[session not created: This version of ChromeDriver only supports Chrome version 94
Current browser version is 98.0.4758.102 with binary path C:\Program Files (x86)\Google\Chrome\Application\chrome.exe
Build info: version: '4.0.0-alpha-1', revision: 'd1d3728cae', time: '2019-04-24T13:42:21'
System info: host: 'DESKTOP-A49J3A9', ip: '192.168.242.159', os.name: 'Windows 10', os.arch: 'amd64', os.version: '10.0', java.version: '16.0.2'
Driver info: driver.version: ChromeDriver
remote stacktrace: Backtrace:
Ordinal0 [0x00D9BDE3+2473443]
Ordinal0 [0x00D36661+2057825]
Ordinal0 [0x00C42438+1057848]
Ordinal0 [0x00C6054A+1181002]
Ordinal0 [0x00C5C435+1164341]
Ordinal0 [0x00C59CAF+1154223]
Ordinal0 [0x00C89ADF+1350367]
Ordinal0 [0x00C8974A+1349450]
Ordinal0 [0x00C855AB+1332651]
Ordinal0 [0x00C62104+1188100]
Ordinal0 [0x00C62F59+1191769]
GetHandleVerifier [0x00F22266+1549718]
GetHandleVerifier [0x00FCD4A7+2250711]
GetHandleVerifier [0x00E2718B+521403]
GetHandleVerifier [0x00E26229+517465]
Ordinal0 [0x00D3B79D+2078621]
Ordinal0 [0x00D3FB58+2095960]
Ordinal0 [0x00D3FC92+2096274]
Ordinal0 [0x00D49541+2135361]
BaseThreadInitThunk [0x7796FA29+25]
RtlGetAppContainerNamedObjectPath [0x77D47A9E+286]
RtlGetAppContainerNamedObjectPath [0x77D47A6E+238]
]]>
            </message>
            <full-stacktrace>
              <![CDATA[org.openqa.selenium.SessionNotCreatedException: session not created: This version of ChromeDriver only supports Chrome version 94
Current browser version is 98.0.4758.102 with binary path C:\Program Files (x86)\Google\Chrome\Application\chrome.exe
Build info: version: '4.0.0-alpha-1', revision: 'd1d3728cae', time: '2019-04-24T13:42:21'
System info: host: 'DESKTOP-A49J3A9', ip: '192.168.242.159', os.name: 'Windows 10', os.arch: 'amd64', os.version: '10.0', java.version: '16.0.2'
Driver info: driver.version: ChromeDriver
remote stacktrace: Backtrace:
Ordinal0 [0x00D9BDE3+2473443]
Ordinal0 [0x00D36661+2057825]
Ordinal0 [0x00C42438+1057848]
Ordinal0 [0x00C6054A+1181002]
Ordinal0 [0x00C5C435+1164341]
Ordinal0 [0x00C59CAF+1154223]
Ordinal0 [0x00C89ADF+1350367]
Ordinal0 [0x00C8974A+1349450]
Ordinal0 [0x00C855AB+1332651]
Ordinal0 [0x00C62104+1188100]
Ordinal0 [0x00C62F59+1191769]
GetHandleVerifier [0x00F22266+1549718]
GetHandleVerifier [0x00FCD4A7+2250711]
GetHandleVerifier [0x00E2718B+521403]
GetHandleVerifier [0x00E26229+517465]
Ordinal0 [0x00D3B79D+2078621]
Ordinal0 [0x00D3FB58+2095960]
Ordinal0 [0x00D3FC92+2096274]
Ordinal0 [0x00D49541+2135361]
BaseThreadInitThunk [0x7796FA29+25]
RtlGetAppContainerNamedObjectPath [0x77D47A9E+286]
RtlGetAppContainerNamedObjectPath [0x77D47A6E+238]

at java.base/jdk.internal.reflect.NativeConstructorAccessorImpl.newInstance0(Native Method)
at java.base/jdk.internal.reflect.NativeConstructorAccessorImpl.newInstance(NativeConstructorAccessorImpl.java:78)
at java.base/jdk.internal.reflect.DelegatingConstructorAccessorImpl.newInstance(DelegatingConstructorAccessorImpl.java:45)
at java.base/java.lang.reflect.Constructor.newInstanceWithCaller(Constructor.java:499)
at java.base/java.lang.reflect.Constructor.newInstance(Constructor.java:480)
at org.openqa.selenium.remote.W3CHandshakeResponse.lambda$errorHandler$0(W3CHandshakeResponse.java:62)
at org.openqa.selenium.remote.HandshakeResponse.lambda$getResponseFunction$0(HandshakeResponse.java:30)
at org.openqa.selenium.remote.ProtocolHandshake.lambda$createSession$0(ProtocolHandshake.java:126)
at java.base/java.util.stream.ReferencePipeline$3$1.accept(ReferencePipeline.java:197)
at java.base/java.util.Spliterators$ArraySpliterator.tryAdvance(Spliterators.java:958)
at java.base/java.util.stream.ReferencePipeline.forEachWithCancel(ReferencePipeline.java:129)
at java.base/java.util.stream.AbstractPipeline.copyIntoWithCancel(AbstractPipeline.java:502)
at java.base/java.util.stream.AbstractPipeline.copyInto(AbstractPipeline.java:488)
at java.base/java.util.stream.AbstractPipeline.wrapAndCopyInto(AbstractPipeline.java:474)
at java.base/java.util.stream.FindOps$FindOp.evaluateSequential(FindOps.java:150)
at java.base/java.util.stream.AbstractPipeline.evaluate(AbstractPipeline.java:234)
at java.base/java.util.stream.ReferencePipeline.findFirst(ReferencePipeline.java:647)
at org.openqa.selenium.remote.ProtocolHandshake.createSession(ProtocolHandshake.java:128)
at org.openqa.selenium.remote.ProtocolHandshake.createSession(ProtocolHandshake.java:74)
at org.openqa.selenium.remote.HttpCommandExecutor.execute(HttpCommandExecutor.java:139)
at org.openqa.selenium.remote.service.DriverCommandExecutor.execute(DriverCommandExecutor.java:83)
at org.openqa.selenium.remote.RemoteWebDriver.execute(RemoteWebDriver.java:577)
at org.openqa.selenium.remote.RemoteWebDriver.startSession(RemoteWebDriver.java:211)
at org.openqa.selenium.remote.RemoteWebDriver.<init>(RemoteWebDriver.java:131)
at org.openqa.selenium.chrome.ChromeDriver.<init>(ChromeDriver.java:189)
at org.openqa.selenium.chrome.ChromeDriver.<init>(ChromeDriver.java:176)
at org.openqa.selenium.chrome.ChromeDriver.<init>(ChromeDriver.java:131)
at ai.gm.qa.base.TestBase.initialization(TestBase.java:47)
at ai.gm.qa.testcases.GMLoginPageTest.Setup(GMLoginPageTest.java:34)
at java.base/jdk.internal.reflect.NativeMethodAccessorImpl.invoke0(Native Method)
at java.base/jdk.internal.reflect.NativeMethodAccessorImpl.invoke(NativeMethodAccessorImpl.java:78)
at java.base/jdk.internal.reflect.DelegatingMethodAccessorImpl.invoke(DelegatingMethodAccessorImpl.java:43)
at java.base/java.lang.reflect.Method.invoke(Method.java:567)
at org.testng.internal.MethodInvocationHelper.invokeMethod(MethodInvocationHelper.java:133)
at org.testng.internal.MethodInvocationHelper.invokeMethodConsideringTimeout(MethodInvocationHelper.java:62)
at org.testng.internal.ConfigInvoker.invokeConfigurationMethod(ConfigInvoker.java:385)
at org.testng.internal.ConfigInvoker.invokeConfigurations(ConfigInvoker.java:321)
at org.testng.internal.TestInvoker.runConfigMethods(TestInvoker.java:700)
at org.testng.internal.TestInvoker.invokeMethod(TestInvoker.java:527)
at org.testng.internal.TestInvoker.invokeTestMethod(TestInvoker.java:173)
at org.testng.internal.MethodRunner.runInSequence(MethodRunner.java:46)
at org.testng.internal.TestInvoker$MethodInvocationAgent.invoke(TestInvoker.java:824)
at org.testng.internal.TestInvoker.invokeTestMethods(TestInvoker.java:146)
at org.testng.internal.TestMethodWorker.invokeTestMethods(TestMethodWorker.java:146)
at org.testng.internal.TestMethodWorker.run(TestMethodWorker.java:128)
at java.base/java.util.ArrayList.forEach(ArrayList.java:1511)
at org.testng.TestRunner.privateRun(TestRunner.java:794)
at org.testng.TestRunner.run(TestRunner.java:596)
at org.testng.SuiteRunner.runTest(SuiteRunner.java:377)
at org.testng.SuiteRunner.runSequentially(SuiteRunner.java:371)
at org.testng.SuiteRunner.privateRun(SuiteRunner.java:332)
at org.testng.SuiteRunner.run(SuiteRunner.java:276)
at org.testng.SuiteRunnerWorker.runSuite(SuiteRunnerWorker.java:53)
at org.testng.SuiteRunnerWorker.run(SuiteRunnerWorker.java:96)
at org.testng.TestNG.runSuitesSequentially(TestNG.java:1212)
at org.testng.TestNG.runSuitesLocally(TestNG.java:1134)
at org.testng.TestNG.runSuites(TestNG.java:1063)
at org.testng.TestNG.run(TestNG.java:1031)
at org.testng.remote.AbstractRemoteTestNG.run(AbstractRemoteTestNG.java:115)
at org.testng.remote.RemoteTestNG.initAndRun(RemoteTestNG.java:251)
at org.testng.remote.RemoteTestNG.main(RemoteTestNG.java:77)
]]>
            </full-stacktrace>
          </exception> <!-- org.openqa.selenium.SessionNotCreatedException -->
          <reporter-output>
          </reporter-output>
        </test-method> <!-- validatedifferentcomapnycredential -->
        <test-method is-config="true" signature="tearDown()[pri:0, instance:ai.gm.qa.testcases.GMLoginPageTest@543588e6]" started-at="2022-02-22T17:03:46 IST" name="tearDown" finished-at="1970-01-01T05:30:00 IST" duration-ms="-1645529626753" status="SKIP">
          <reporter-output>
          </reporter-output>
        </test-method> <!-- tearDown -->
        <test-method is-config="true" signature="Setup()[pri:0, instance:ai.gm.qa.testcases.GMLoginPageTest@543588e6]" started-at="2022-02-22T17:03:46 IST" name="Setup" finished-at="1970-01-01T05:30:00 IST" duration-ms="-1645529626757" status="SKIP">
          <reporter-output>
          </reporter-output>
        </test-method> <!-- Setup -->
        <test-method signature="validatedifferentcomapnycredential(java.lang.String,java.lang.String)[pri:4, instance:ai.gm.qa.testcases.GMLoginPageTest@543588e6]" started-at="2022-02-22T17:03:46 IST" name="validatedifferentcomapnycredential" data-provider="getCrdentialTestData" finished-at="2022-02-22T17:03:46 IST" duration-ms="0" status="SKIP">
          <params>
            <param index="0">
              <value>
                <![CDATA[demo@demo.com]]>
              </value>
            </param>
            <param index="1">
              <value>
                <![CDATA[demo@123]]>
              </value>
            </param>
          </params>
          <exception class="org.openqa.selenium.SessionNotCreatedException">
            <message>
              <![CDATA[session not created: This version of ChromeDriver only supports Chrome version 94
Current browser version is 98.0.4758.102 with binary path C:\Program Files (x86)\Google\Chrome\Application\chrome.exe
Build info: version: '4.0.0-alpha-1', revision: 'd1d3728cae', time: '2019-04-24T13:42:21'
System info: host: 'DESKTOP-A49J3A9', ip: '192.168.242.159', os.name: 'Windows 10', os.arch: 'amd64', os.version: '10.0', java.version: '16.0.2'
Driver info: driver.version: ChromeDriver
remote stacktrace: Backtrace:
Ordinal0 [0x00D9BDE3+2473443]
Ordinal0 [0x00D36661+2057825]
Ordinal0 [0x00C42438+1057848]
Ordinal0 [0x00C6054A+1181002]
Ordinal0 [0x00C5C435+1164341]
Ordinal0 [0x00C59CAF+1154223]
Ordinal0 [0x00C89ADF+1350367]
Ordinal0 [0x00C8974A+1349450]
Ordinal0 [0x00C855AB+1332651]
Ordinal0 [0x00C62104+1188100]
Ordinal0 [0x00C62F59+1191769]
GetHandleVerifier [0x00F22266+1549718]
GetHandleVerifier [0x00FCD4A7+2250711]
GetHandleVerifier [0x00E2718B+521403]
GetHandleVerifier [0x00E26229+517465]
Ordinal0 [0x00D3B79D+2078621]
Ordinal0 [0x00D3FB58+2095960]
Ordinal0 [0x00D3FC92+2096274]
Ordinal0 [0x00D49541+2135361]
BaseThreadInitThunk [0x7796FA29+25]
RtlGetAppContainerNamedObjectPath [0x77D47A9E+286]
RtlGetAppContainerNamedObjectPath [0x77D47A6E+238]
]]>
            </message>
            <full-stacktrace>
              <![CDATA[org.openqa.selenium.SessionNotCreatedException: session not created: This version of ChromeDriver only supports Chrome version 94
Current browser version is 98.0.4758.102 with binary path C:\Program Files (x86)\Google\Chrome\Application\chrome.exe
Build info: version: '4.0.0-alpha-1', revision: 'd1d3728cae', time: '2019-04-24T13:42:21'
System info: host: 'DESKTOP-A49J3A9', ip: '192.168.242.159', os.name: 'Windows 10', os.arch: 'amd64', os.version: '10.0', java.version: '16.0.2'
Driver info: driver.version: ChromeDriver
remote stacktrace: Backtrace:
Ordinal0 [0x00D9BDE3+2473443]
Ordinal0 [0x00D36661+2057825]
Ordinal0 [0x00C42438+1057848]
Ordinal0 [0x00C6054A+1181002]
Ordinal0 [0x00C5C435+1164341]
Ordinal0 [0x00C59CAF+1154223]
Ordinal0 [0x00C89ADF+1350367]
Ordinal0 [0x00C8974A+1349450]
Ordinal0 [0x00C855AB+1332651]
Ordinal0 [0x00C62104+1188100]
Ordinal0 [0x00C62F59+1191769]
GetHandleVerifier [0x00F22266+1549718]
GetHandleVerifier [0x00FCD4A7+2250711]
GetHandleVerifier [0x00E2718B+521403]
GetHandleVerifier [0x00E26229+517465]
Ordinal0 [0x00D3B79D+2078621]
Ordinal0 [0x00D3FB58+2095960]
Ordinal0 [0x00D3FC92+2096274]
Ordinal0 [0x00D49541+2135361]
BaseThreadInitThunk [0x7796FA29+25]
RtlGetAppContainerNamedObjectPath [0x77D47A9E+286]
RtlGetAppContainerNamedObjectPath [0x77D47A6E+238]

at java.base/jdk.internal.reflect.NativeConstructorAccessorImpl.newInstance0(Native Method)
at java.base/jdk.internal.reflect.NativeConstructorAccessorImpl.newInstance(NativeConstructorAccessorImpl.java:78)
at java.base/jdk.internal.reflect.DelegatingConstructorAccessorImpl.newInstance(DelegatingConstructorAccessorImpl.java:45)
at java.base/java.lang.reflect.Constructor.newInstanceWithCaller(Constructor.java:499)
at java.base/java.lang.reflect.Constructor.newInstance(Constructor.java:480)
at org.openqa.selenium.remote.W3CHandshakeResponse.lambda$errorHandler$0(W3CHandshakeResponse.java:62)
at org.openqa.selenium.remote.HandshakeResponse.lambda$getResponseFunction$0(HandshakeResponse.java:30)
at org.openqa.selenium.remote.ProtocolHandshake.lambda$createSession$0(ProtocolHandshake.java:126)
at java.base/java.util.stream.ReferencePipeline$3$1.accept(ReferencePipeline.java:197)
at java.base/java.util.Spliterators$ArraySpliterator.tryAdvance(Spliterators.java:958)
at java.base/java.util.stream.ReferencePipeline.forEachWithCancel(ReferencePipeline.java:129)
at java.base/java.util.stream.AbstractPipeline.copyIntoWithCancel(AbstractPipeline.java:502)
at java.base/java.util.stream.AbstractPipeline.copyInto(AbstractPipeline.java:488)
at java.base/java.util.stream.AbstractPipeline.wrapAndCopyInto(AbstractPipeline.java:474)
at java.base/java.util.stream.FindOps$FindOp.evaluateSequential(FindOps.java:150)
at java.base/java.util.stream.AbstractPipeline.evaluate(AbstractPipeline.java:234)
at java.base/java.util.stream.ReferencePipeline.findFirst(ReferencePipeline.java:647)
at org.openqa.selenium.remote.ProtocolHandshake.createSession(ProtocolHandshake.java:128)
at org.openqa.selenium.remote.ProtocolHandshake.createSession(ProtocolHandshake.java:74)
at org.openqa.selenium.remote.HttpCommandExecutor.execute(HttpCommandExecutor.java:139)
at org.openqa.selenium.remote.service.DriverCommandExecutor.execute(DriverCommandExecutor.java:83)
at org.openqa.selenium.remote.RemoteWebDriver.execute(RemoteWebDriver.java:577)
at org.openqa.selenium.remote.RemoteWebDriver.startSession(RemoteWebDriver.java:211)
at org.openqa.selenium.remote.RemoteWebDriver.<init>(RemoteWebDriver.java:131)
at org.openqa.selenium.chrome.ChromeDriver.<init>(ChromeDriver.java:189)
at org.openqa.selenium.chrome.ChromeDriver.<init>(ChromeDriver.java:176)
at org.openqa.selenium.chrome.ChromeDriver.<init>(ChromeDriver.java:131)
at ai.gm.qa.base.TestBase.initialization(TestBase.java:47)
at ai.gm.qa.testcases.GMLoginPageTest.Setup(GMLoginPageTest.java:34)
at java.base/jdk.internal.reflect.NativeMethodAccessorImpl.invoke0(Native Method)
at java.base/jdk.internal.reflect.NativeMethodAccessorImpl.invoke(NativeMethodAccessorImpl.java:78)
at java.base/jdk.internal.reflect.DelegatingMethodAccessorImpl.invoke(DelegatingMethodAccessorImpl.java:43)
at java.base/java.lang.reflect.Method.invoke(Method.java:567)
at org.testng.internal.MethodInvocationHelper.invokeMethod(MethodInvocationHelper.java:133)
at org.testng.internal.MethodInvocationHelper.invokeMethodConsideringTimeout(MethodInvocationHelper.java:62)
at org.testng.internal.ConfigInvoker.invokeConfigurationMethod(ConfigInvoker.java:385)
at org.testng.internal.ConfigInvoker.invokeConfigurations(ConfigInvoker.java:321)
at org.testng.internal.TestInvoker.runConfigMethods(TestInvoker.java:700)
at org.testng.internal.TestInvoker.invokeMethod(TestInvoker.java:527)
at org.testng.internal.TestInvoker.invokeTestMethod(TestInvoker.java:173)
at org.testng.internal.MethodRunner.runInSequence(MethodRunner.java:46)
at org.testng.internal.TestInvoker$MethodInvocationAgent.invoke(TestInvoker.java:824)
at org.testng.internal.TestInvoker.invokeTestMethods(TestInvoker.java:146)
at org.testng.internal.TestMethodWorker.invokeTestMethods(TestMethodWorker.java:146)
at org.testng.internal.TestMethodWorker.run(TestMethodWorker.java:128)
at java.base/java.util.ArrayList.forEach(ArrayList.java:1511)
at org.testng.TestRunner.privateRun(TestRunner.java:794)
at org.testng.TestRunner.run(TestRunner.java:596)
at org.testng.SuiteRunner.runTest(SuiteRunner.java:377)
at org.testng.SuiteRunner.runSequentially(SuiteRunner.java:371)
at org.testng.SuiteRunner.privateRun(SuiteRunner.java:332)
at org.testng.SuiteRunner.run(SuiteRunner.java:276)
at org.testng.SuiteRunnerWorker.runSuite(SuiteRunnerWorker.java:53)
at org.testng.SuiteRunnerWorker.run(SuiteRunnerWorker.java:96)
at org.testng.TestNG.runSuitesSequentially(TestNG.java:1212)
at org.testng.TestNG.runSuitesLocally(TestNG.java:1134)
at org.testng.TestNG.runSuites(TestNG.java:1063)
at org.testng.TestNG.run(TestNG.java:1031)
at org.testng.remote.AbstractRemoteTestNG.run(AbstractRemoteTestNG.java:115)
at org.testng.remote.RemoteTestNG.initAndRun(RemoteTestNG.java:251)
at org.testng.remote.RemoteTestNG.main(RemoteTestNG.java:77)
]]>
            </full-stacktrace>
          </exception> <!-- org.openqa.selenium.SessionNotCreatedException -->
          <reporter-output>
          </reporter-output>
        </test-method> <!-- validatedifferentcomapnycredential -->
        <test-method is-config="true" signature="tearDown()[pri:0, instance:ai.gm.qa.testcases.GMLoginPageTest@543588e6]" started-at="2022-02-22T17:03:46 IST" name="tearDown" finished-at="1970-01-01T05:30:00 IST" duration-ms="-1645529626774" status="SKIP">
          <reporter-output>
          </reporter-output>
        </test-method> <!-- tearDown -->
      </class> <!-- ai.gm.qa.testcases.GMLoginPageTest -->
    </test> <!-- GOOD MEETINGS WEB APP REGRESSION Test Cases -->
  </suite> <!-- GOOD MEETINGS WEB APP REGRESSION Test -->
</testng-results>
